0 0 7.8012845514953
 1 20.1276747387564 11.9640860751119
 2 22.0112828858541 15.8266446994512
 3 19.9771280531143 19.3282806752046
 4 21.68854135883 22.1873042326876
 5 19.9102784156671 24.4734391477636
 6 23.6579148090327 26.0490671316718
 7 19.9148639068071 27.1272918455084
 8 23.1044157217087 27.6794420834875
 9 24.2969054438438 27.9887715978126
 10 24.6157224668435 28.0412119212617
 11 23.1314773379227 28.0945372677543
 12 20.8084398460811 28.0705425920156
 13 23.6437427521818 28.1523837023217
 14 21.2804751543049 28.1832465309793
 15 20.77743065416 28.2890240164018
 16 23.4766193340885 28.2743915644714
 17 24.2568028088341 28.2583434061043
 18 22.3727381696813 28.0551614715329
 19 22.6412831059694 27.8130869792071
 20 22.7676322659398 27.3750601857383
 21 21.2439313369275 26.9203209539056
 22 20.2304547606391 26.3087620816187
 23 22.6370218495791 25.731519715785
 24 17.6046381215272 25.0452661730747
 25 18.4521544344908 24.436645564
 26 17.2011606475961 23.7490346449054
 27 16.9330909960928 23.1609007364743
 28 15.3437016665011 22.5033990952355
 29 18.1886756259977 21.9502794129974
 30 14.950914319877 21.324300509073
 31 18.1648172873264 20.7975891438471
 32 13.358731627628 20.1869165154715
 33 12.4283443689369 19.6652503290117
 34 12.0499227124987 19.0467963767727
 35 15.568439538 18.510090585258
 36 10.9035630826076 17.8723396218037
 37 13.6074899959991 17.3227144268165
 38 11.5303718199045 16.6843150013718
 39 9.30498731545458 16.1561918640948
 40 10.8663860697095 15.5624028863997
 41 10.1013846951555 15.1034201520876
 42 7.4127338752026 14.5942045825823
 43 7.04641129935574 14.2276078525723
 44 9.85934743734768 13.8041389503683
 45 7.3662169171666 13.5091643527168
 46 8.15113921731548 13.1348222817909
 47 9.6184634547651 12.8697721325576
 48 7.77677247059535 12.510692037457
 49 5.11051652276987 12.2612111847043
 50 6.01034137073604 11.9298526642311
 51 7.13192987508886 11.7359520332909
 52 4.68976348905011 11.4935462933757
 53 5.93792169529253 11.4254982297721
 54 6.02618973091476 11.3361354539827
 55 5.28625345203109 11.437121856235
 56 5.54437773557303 11.512399558275
 57 7.69370477258722 11.7583344575272
 58 5.15391475279908 11.9420085064324
 59 8.0508991253548 12.2547979183759
 60 6.3073335053829 12.4616706374388
 61 6.3504846161466 12.7647520883311
 62 8.72519086610973 12.9400827381098
 63 10.5767590269378 13.2081841484152
 64 7.81009384534979 13.3567166367067
 65 6.11112574008862 13.6180749701222
 66 9.43279976291568 13.7797209548145
 67 7.27236596927874 14.071704937891
 68 9.82272107489084 14.2681903128386
 69 8.49416300634449 14.588010538403
 70 11.7733110156853 14.7895491471177
 71 7.51067917456392 15.0848346782608
 72 8.72716060940405 15.2266978931656
 73 11.3324752731585 15.4337950403022
 74 12.5016328371414 15.4667400349832
 75 10.3777777422579 15.5606597408219
 76 11.3302209177923 15.4878742626677
 77 10.770676743366 15.4969357071301
 78 9.00019418585659 15.3626984708556
 79 8.4040158416733 15.3341686551043
 80 7.7746021736711 15.1754305262621
 81 9.73012276368766 15.1257997688354
 82 11.1190342157072 14.9344388959567
 83 10.9531295390887 14.8339830616763
 84 11.4775214985882 14.568233544143
 85 7.73985670319844 14.3767413621191
 86 7.59582809727643 14.0120292884025
 87 9.21050888234989 13.7312287337825
 88 8.49692272704915 13.2998598296331
 89 6.15258258116677 12.9890511259889
 90 7.47701375864503 12.5665866640863
 91 6.78644958173748 12.3021907628547
 92 5.53160474536098 11.9497253701083
 93 6.30019534017169 11.7645541791295
 94 5.40839035978707 11.4802491395912
 95 6.31481961968128 11.3395990615699
 96 6.88108087224409 11.0654728902755
 97 4.14497421456488 10.9030507104695
 98 7.38711250499939 10.581283175833
 99 6.01646073568342 10.3623044226535
 100 3.49143111692797 9.99026868765669
 101 4.07980663598058 9.74602844847748
 102 1.72381796091899 9.38340164512212
 103 4.647186170968 9.19070762878049
 104 5.70333013962152 8.91736303351616
 105 1.18149645965597 8.84538553542414
 106 1.97629975927371 8.70916696627726
 107 4.15302339314401 8.77862996853085
 108 2.39703294828697 8.77276889284881
 109 4.96127210992304 8.95373192116993
 110 1.42298841951813 9.0327735006918
 111 5.50420390936553 9.27342404041193
 112 3.93632191378901 9.3882933424001
 113 4.35024152855453 9.64997830160502
 114 3.94961611869221 9.77798715248315
 115 2.82139201128972 10.0568578228709
 116 6.07995866944704 10.2130886514972
 117 6.74718815624174 10.5403373248335
 118 6.74561343413268 10.766580397544
 119 2.99309081153963 11.1867375030546
 120 4.92648607540119 11.5210223407804
 121 5.71245505475065 12.0562799577607
 122 5.93359978324711 12.4973857155434
 123 8.41561875002618 13.1190411367376
 124 9.9484554927757 13.611743463163
 125 9.66362736916205 14.2444806036545
 126 10.6870358123884 14.7046526868223
 127 8.37326026535364 15.2695777145975
 128 8.35816508019202 15.6375122223755
 129 11.393375131354 16.1046401313349
 130 12.7946366923137 16.384601399929
 131 13.4760578082769 16.7894999596822
 132 9.9222751307506 17.0384505625265
 133 11.6423623861273 17.444703562663
 134 11.2880389735902 17.7167776757282
 135 11.7492261635864 18.1554664428093
 136 14.0412939738453 18.4508878989877
 137 14.4038443847945 18.8910123790402
 138 12.2095745693728 19.1545222769592
 139 15.6373855599239 19.5287092354006
 140 15.4565240503194 19.694966150703
 141 12.2727764779773 19.9523985251216
 142 16.9234641189356 19.9932133782802
 143 15.7677975664065 20.1305574193696
 144 15.5067562378002 20.0642348648735
 145 13.470267765841 20.1144409843014
 146 13.3954318549184 19.980431870112
 147 13.681617399711 19.9824401902166
 148 16.9854331426383 19.8149063378893
 149 12.2413483143518 19.7966951520208
 150 14.4272965471267 19.6180294444276
 151 16.4659179194611 19.5972719065402
 152 13.5423035431869 19.4201320212833
 153 14.0356066968245 19.4021696458404
 154 13.0446519720624 19.2208378577475
 155 12.8299830883053 19.1851628917491
 156 13.318421477995 18.9628623305311
 157 14.2096554154276 18.8589665174466
 158 14.7230035570085 18.5389256310967
 159 12.3982549440396 18.3152855260605
 160 14.3269304921005 17.8645437044424
 161 13.239032224952 17.5184011814712
 162 10.2919512454379 16.9710591798154
 163 12.0235912325524 16.5725324002803
 164 9.61225467676795 16.0259483730107
 165 9.47460738204531 15.6844187884397
 166 9.58511564715231 15.2418871983989
 167 9.64554377695915 15.0377885699392
 168 8.69559384257006 14.7456033410746
 169 8.03257612083714 14.6877822192777
 170 8.87809379880564 14.5225337832862
 171 9.46978935579639 14.5670473167612
 172 11.3941969450006 14.4791077436145
 173 7.25362324808159 14.5843819902852
 174 8.06612470163094 14.549489232988
 175 12.0704554456327 14.7113576408679
 176 8.07570983632437 14.7420532554191
 177 9.42004665903298 14.9821160371989
 178 9.33141274019541 15.1003462636677
 179 8.91395299213185 15.4340466366698
 180 9.45765671252756 15.6458847268247
 181 9.77196547998957 16.0712662864435
 182 11.7070207001872 16.3710813997273
 183 12.9713779757288 16.8836980692079
 184 13.5072626074316 17.2711996901082
 185 10.8359060870517 17.8742229811809
 186 11.6954625812347 18.3516773593875
 187 12.6801246658468 19.0397983604666
 188 14.05052400709 19.5880875175697
 189 16.2699603649968 20.3252538325171
 190 13.6968649366835 20.8934172037404
 191 15.8908137886221 21.6210595453914
 192 16.7145383667025 22.1539428145759
 193 19.7664240629263 22.831773367103
 194 19.9607513409534 23.3122612070541
 195 18.4028759737976 23.948365362723
 196 19.5471007965452 24.4043668698567
 197 17.5405528066074 25.0346129356144
 198 18.6296775733718 25.4948892394273
 199 18.7641425230752 26.1269340457221
 200 21.4665451974856 26.5695561577723
 201 23.9060992453342 27.1516851105554
 202 22.9902098488386 27.5038789659277
 203 24.6526335820295 27.9576823731317
 204 22.8673694632294 28.1534955468603
 205 24.8059317026783 28.4411013153097
 206 21.6007258948124 28.4796381770773
 207 22.0414689050362 28.6367073326073
 208 24.6584742535628 28.5807658214992
 209 21.6686044023417 28.6814402192985
 210 23.6053627010252 28.598946951156
 211 21.5925290917585 28.6903325871381
 212 25.5464944782799 28.5998443257343
 213 22.9165710420354 28.6726317946099
 214 23.3637671484993 28.5453424335146
 215 23.156235759915 28.5641598800778
 216 24.9428470555354 28.3716366093858
 217 22.0041334397841 28.3249991320735
 218 22.8872706670996 28.0767679842569
 219 21.6516867690573 27.9926591206311
 220 20.8064190725022 27.7276286461892
 221 23.2365561493338 27.6461414084973
 222 22.3493947856951 27.3970221884515
 223 21.9445205502624 27.338463935069
 224 22.5115033336629 27.112811963994
 225 20.3674934289451 27.0754592399385
 226 20.7734770514039 26.8676667049519
 227 22.0635351181829 26.8467151574645
 228 23.3204920399877 26.6549019204668
 229 21.2195288089297 26.6500782425771
 230 19.5495999031411 26.4717422653132
 231 19.3386455988057 26.4738311505907
 232 21.751464620328 26.2904942928861
 233 21.2799556014602 26.2729439531359
 234 21.6195074167699 26.0556640189358
 235 20.8928181241433 25.9961296777844
 236 20.4613590864382 25.7390837013124
 237 22.4268801082189 25.6557968409884
 238 18.4301287465237 25.4037047457558
 239 19.6729878362304 25.3635688171692
 240 18.7558417835214 25.1950329249791
 241 18.0035019664117 25.2738950051072
 242 19.2977620245736 25.2473605517685
 243 20.6067247662365 25.4751715525128
 244 19.4179841227391 25.5876549833952
 245 23.3234645913812 25.9317192511805
 246 18.8657298892398 26.130808511833
 247 19.9728739193392 26.5327386788042
 248 22.790859982103 26.767797136028
 249 21.1281624733055 27.1945367186737
 250 20.363956668728 27.4536484001655
 251 23.0791165078917 27.9109966830857
 252 24.4163607552041 28.2088414170742
 253 24.3767458410212 28.7089274157271
 254 21.3907024742068 29.0447097362658
 255 22.4541253271761 29.5673881356509
 256 24.6267384660553 29.9009529084439
 257 25.2083554161299 30.390966048513
 258 25.7015480079159 30.6609111729991
 259 27.0466160354039 31.0609602692361
 260 27.3001204000248 31.2230236974321
 261 27.7290541289304 31.507320385562
 262 25.79119519969 31.5554217568623
 263 24.1411249463656 31.7349257778305
 264 25.1605687119304 31.6920056074156
 265 26.0262783856594 31.7957655684215
 266 25.9378371058518 31.6918606343383
 267 28.5668243171945 31.7471203863233
 268 28.0518068744681 31.6043012188297
 269 25.162723141141 31.6262232619028
 270 26.4113864306372 31.4510921800715
 271 25.2101883388421 31.435709004262
 272 25.2066354727712 31.2118668688486
 273 25.8387241033886 31.1294959517935
 274 24.0548690207299 30.815524882861
 275 27.2169172606169 30.6177648378064
 276 24.7269445709507 30.1664426041895
 277 24.5047257123904 29.8175812255108
 278 25.7774181869737 29.2151409609768
 279 25.6582832796767 28.7309759858052
 280 21.9782333853129 28.025144723525
 281 20.3486510251869 27.4807943467676
 282 20.2576916249816 26.7629434193127
 283 20.8700688717794 26.2501757058229
 284 19.97433136364 25.5955139807869
 285 19.2502800029532 25.1588878148086
 286 18.4738629899061 24.5738509851611
 287 18.3796691134336 24.1828013998918
 288 19.8098039145748 23.6096383232491
 289 19.2875328138007 23.1953493983577
 290 19.4418907573022 22.5728315851181
 291 15.0029673570486 22.098165189393
 292 13.9071593975235 21.4237529931683
 293 17.0774065470301 20.9227789100754
 294 13.66445133932 20.2606281730209
 295 15.7046614099969 19.8144008776968
 296 12.0419520951837 19.2463064317607
 297 12.3449629661045 18.9221998031959
 298 15.4413401902881 18.4906085345815
 299 13.5144041192875 18.3022163702226
 300 10.4404052758961 17.9948120116166
 301 12.9231626797563 17.9119726778074
 302 12.0566161924841 17.6912920050346
 303 10.7202481185597 17.6790879245628
 304 12.5012032381527 17.5196118801041
 305 13.5086814084364 17.5644558884228
 306 13.3923604995019 17.4631068095399
 307 11.7175198129231 17.5683230381183
 308 11.0563175958918 17.5301410863723
 309 11.1265735604635 17.6989306989545
 310 11.1934628226329 17.7240848769039
 311 13.9757130344767 17.9546853489028
 312 13.3765843627126 18.0420999827192
 313 14.4104567528521 18.336656227863
 314 11.7578950608279 18.4928081224482
 315 13.2518399256413 18.8607785648153
 316 11.0584016691928 19.0944114592486
 317 13.5836831385372 19.5385669273615
 318 16.5037493792402 19.8413356778099
 319 15.2826531617113 20.3387462538677
 320 16.3512254330027 20.6727477647593
 321 15.8578182222913 21.1735609283193
 322 13.6848325874361 21.4830414665018
 323 16.0401571896596 21.9332108165811
 324 18.6449917560806 22.1733596294478
 325 16.8528690642807 22.5429474807375
 326 19.5233607106627 22.7014314447346
 327 19.2478544289622 22.9950917056357
 328 15.6162679647095 23.0902310371665
 329 16.4223713482137 23.3349313601681
 330 18.4993915788025 23.3970949206642
 331 18.1952771364763 23.62215721329
 332 16.706450784912 23.6767377182766
 333 20.8469734429144 23.9022188866287
 334 19.2957000041632 23.9636592704609
 335 17.1246075358035 24.1984168560381
 336 20.0898243339724 24.2698446021882
 337 17.9818670959891 24.5105948804148
 338 18.522973457312 24.5814395925761
 339 18.2176583113441 24.8097287809044
 340 21.3893945508867 24.8541726588432
 341 20.4236278987315 25.0388587561876
 342 18.4381178175766 25.0241795580024
 343 21.8092429254389 25.1357768088287
 344 18.060265365637 25.0407296867682
 345 20.7460703432265 25.0700830495542
 346 19.2782569214275 24.8993417148283
 347 20.1720995408109 24.8639040445375
 348 20.4205766113412 24.6441516266508
 349 19.0659530674927 24.5745831574422
 350 16.9403744083794 24.3350401452309
 351 17.5401867877482 24.2549633461821
 352 20.7459105098403 24.0120632790142
 353 19.6892267897825 23.9320559825792
 354 17.6827578394473 23.694463661081
 355 18.8955874421012 23.6264699917447
 356 18.0224310632916 23.4142336742051
 357 15.9865624743012 23.3890274858495
 358 19.4663767851026 23.2429765880159
 359 16.0768303805909 23.307078298615
 360 16.8853494336497 23.2722389273842
 361 20.4108662652659 23.4607288151888
 362 17.9146572311512 23.5547857757537
 363 17.5637609379155 23.8634780748432
 364 16.8518149008228 24.060421628163
 365 19.2353317139178 24.446315500535
 366 20.5871265491393 24.6950407185096
 367 21.6499750857566 25.1098689531506
 368 18.2309593075503 25.375549808957
 369 20.0224927360081 25.8055836769474
 370 23.0401658532362 26.098521935718
 371 19.875353924761 26.5754121772245
 372 20.4892690699363 26.9409384975445
 373 22.4751691196995 27.5126559723732
 374 21.706441247014 27.9895980129555
 375 22.5087122263361 28.6759261532747
 376 25.4381660216526 29.2594020671196
 377 22.4398297006506 30.0306696489083
 378 26.9490512264215 30.6717312450935
 379 26.4475596889858 31.4695075618713
 380 27.3548133791389 32.1121670362703
 381 26.78064121403 32.8941290658271
 382 28.2382892817619 33.5177539397303
 383 27.2452135885387 34.2878241938279
 384 30.1495779313117 34.9179718058786
 385 32.2954018364917 35.7151183871891
 386 30.5251055037028 36.3924850788259
 387 29.6448938979252 37.2464222544386
 388 33.4477636379581 37.978851167824
 389 31.057881049966 38.86876652441
 390 35.8283981993699 39.6057022116795
 391 34.2589741164772 40.456115923596
 392 37.0932625752104 41.1070364091841
 393 37.6280813469101 41.8252805861649
 394 38.3612804427553 42.3088370119151
 395 38.0953044490316 42.8362549559678
 396 37.1322680241085 43.1238003489201
 397 35.6339168464441 43.4637951648643
 398 40.2580777247864 43.5876230079965
 399 37.9205389446333 43.7939681420753
 400 39.9612953140914 43.8195535034816
 401 38.7840905641705 43.9592857957799
 402 37.9581548858519 43.9467168770301
 403 36.8347548793432 44.0673061248997
 404 39.5810906253634 44.0491526346636
 405 38.4898646837938 44.168907510522
 406 37.3993747199805 44.1518522755078
 407 40.487420978232 44.269100038618
 408 36.9827109760051 44.2459652896789
 409 39.8482825765103 44.3496980333464
 410 37.4832008521376 44.3061833498228
 411 41.620039788811 44.3786621947694
 412 39.6907910224174 44.2937203190509
 413 37.7445780697449 44.3117846310347
 414 37.4208615056897 44.1629898144252
 415 39.8067014484144 44.1092759597469
 416 36.6289998096215 43.8894637228752
 417 39.5684332353285 43.7716401942981
 418 40.9468642697224 43.5061373990009
 419 36.5645840567067 43.3670162133735
 420 37.3717713459455 43.1125493889485
 421 37.3869823057256 43.0161004732643
 422 36.3994080219291 42.8353811509644
 423 39.3095124789142 42.8344083414839
 424 35.7630668904601 42.7634941004016
 425 36.0847414944949 42.8737316492451
 426 35.9894748504262 42.9085411476881
 427 37.7776310143035 43.1103803930086
 428 38.9663999640422 43.2227461059049
 429 40.7529228051015 43.4872310054622
 430 38.399923682611 43.6540762759536
 431 38.5668752080798 43.9678895069052
 432 36.550570471927 44.1859814542491
 433 38.6020573215766 44.552845165698
 434 39.1268167573287 44.827462159843
 435 41.8683132788972 45.2482442935626
 436 37.893206797806 45.5713089921025
 437 42.5749552385472 46.0273942679649
 438 41.6673101160405 46.371937679863
 439 39.4578871044166 46.8336309076613
 440 44.320745894241 47.1750734365287
 441 44.1724537913483 47.6308806284733
 442 41.007287164003 47.9766920802213
 443 41.757166126045 48.4548019164876
 444 42.2110561534775 48.8504320402328
 445 45.3710530006511 49.4048492026211
 446 43.6187729855867 49.9002477942713
 447 44.6041802834832 50.5626611037736
 448 46.116376166504 51.1585050677976
 449 48.8364893421403 51.8902411372787
 450 44.8589616763495 52.5069979880693
 451 48.1121158991528 53.1940703063756
 452 48.5630925893322 53.6972256482781
 453 49.4257518004708 54.2039144341468
 454 50.801958746515 54.4779156675731
 455 51.1476393124662 54.7281031503783
 456 48.9351913218339 54.7494897961777
 457 49.5552859565988 54.7764925089442
 458 49.9291946950523 54.6291125906975
 459 47.9979154181148 54.5514349212299
 460 49.024619153322 54.3658187540258
 461 47.8064872213146 54.3009446730698
 462 47.068551974839 54.1590544897489
 463 49.3851047782237 54.1380407956488
 464 47.8494504293167 54.0148279873824
 465 46.8804118057299 53.9622987656598
 466 48.5847447636996 53.7472661753821
 467 48.251380512029 53.5385435614588
 468 49.0053671121142 53.1147127865319
 469 49.0193385268169 52.65846343848
 470 46.1791359577975 51.9705444354904
 471 47.5015026113869 51.2487427187744
 472 42.5738201318458 50.3088486936254
 473 43.4289078156076 49.3511039530588
 474 41.1163346460463 48.1922804879169
 475 39.9320756426297 47.023640396031
 476 40.7983183409678 45.6570885294765
 477 40.284773581933 44.2755837963587
 478 39.1337054608615 42.692209496064
 479 35.878433689049 41.0901108948319
 480 31.8363821321387 39.2908897976312
 481 30.1441101852426 37.4808903935369
 482 31.3503375601261 35.4873327559246
 483 27.106686504442 33.4914194278406
 484 23.7675087998708 31.3147549196913
 485 24.1354047208644 29.1230306883945
 486 21.8319288904036 26.7266053459478
 487 17.3081536902709 24.277384063517
 488 18.1963931859779 21.584065813604
 489 16.1281840677326 18.8002090698593
 490 9.01049069209504 15.750168852892
 491 8.30684172678184 12.6034234072978
 492 3.63428752108606 9.20686099286112
 493 0.222256949539673 5.74288741226456
 494 -4.66137811762076 2.06836677223737
 495 -6.94228505617749 -1.64041555286771
 496 -8.09595143588282 -5.53701094909218
 497 -16.2999331340365 -9.46723311096662
 498 -18.4289367270428 -13.6018106116563
 499 -22.571851797448 -17.803793980954
 500 -24.9894494083144 -22.2452698560951
 501 -32.021020549494 -26.7834125160345
 502 -35.8909564922137 -31.56689927232
 503 -40.9567170588411 -36.4267469716415
 504 -44.2057965560382 -41.477381612146
 505 -52.1704244479447 -46.5247717685235
 506 -56.6189967784685 -51.6615962728815
 507 -63.4713704156351 -56.6893492837707
 508 -68.298243631456 -61.7024923502462
 509 -72.9457720814902 -66.5191018280169
 510 -75.6978070850252 -71.2496833405246
 511 -82.0346214241656 -75.7342106693977
 512 -85.146629512481 -80.0959705564327
 513 -91.7635473305286 -84.1875275397909
 514 -92.6419436415992 -88.1333488779512
 515 -95.5021444068071 -91.7884759190433
 516 -103.590679748164 -95.272660087585
 517 -106.021680532704 -98.4427724907296
 518 -107.307038006925 -101.417711558258
 519 -109.369816170747 -104.062503697269
 520 -111.321843745708 -106.501446502039
 521 -115.258683595274 -108.611728371638
 522 -116.367747179943 -110.523654676425
 523 -119.7228823282 -112.123871110226
 524 -118.345940274113 -113.543817059492
 525 -118.719677916753 -114.67421033203
 526 -122.500091291453 -115.643295201817
 527 -121.341451598283 -116.343519054655
 528 -121.888570292827 -116.899671845433
 529 -123.46776244914 -117.207082595855
 530 -122.287931224971 -117.388618449535
 531 -123.870330544805 -117.343434929482
 532 -124.68232524636 -117.192369772828
 533 -120.392336080825 -116.837392425045
 534 -119.308650462889 -116.396088108972
 535 -121.464928743186 -115.772659995305
 536 -119.036934672227 -115.082164064645
 537 -121.018409159096 -114.233141483468
 538 -119.977023627796 -113.341059421993
 539 -116.164571091782 -112.321490540616
 540 -117.335745737341 -111.291577889488
 541 -116.513565498853 -110.172842234447
 542 -112.568697279059 -109.080447778909
 543 -111.398833110219 -107.936157872548
 544 -110.132933943424 -106.846615752092
 545 -110.156307649045 -105.727902830313
 546 -110.728787584267 -104.674165498634
 547 -107.995661087793 -103.594494633256
 548 -109.862349011411 -102.571918120843
 549 -106.48038955381 -101.511894131558
 550 -106.836197066386 -100.490646345631
 551 -103.454673962179 -99.4142311263511
 552 -103.534238397665 -98.3556295088301
 553 -101.098872169194 -97.2243035635771
 554 -100.618303880709 -96.0924929647567
 555 -101.680227701279 -94.8758099648653
 556 -100.987085001526 -93.6491216093354
 557 -96.5031893655285 -92.337946973019
 558 -98.6618296127194 -91.0231142812173
 559 -97.2566525454244 -89.6416426876048
 560 -91.4600481817713 -88.2789450020812
 561 -91.2910214961145 -86.8784651868627
 562 -90.4749639923547 -85.5217945566127
 563 -88.6859057973511 -84.1485310094968
 564 -90.2710187110493 -82.8267757104656
 565 -86.107775985868 -81.4859032478438
 566 -85.0537564040044 -80.1796816695933
 567 -86.097385482889 -78.8328103226085
 568 -82.4076537854683 -77.4958414376725
 569 -83.0728381358654 -76.10286364274
 570 -79.7605793558899 -74.7145669822004
 571 -81.1309953981261 -73.2832024065852
 572 -76.1553031104375 -71.8810175015441
 573 -75.5077995570381 -70.4715526616661
 574 -73.4857374785302 -69.1249341844762
 575 -72.133501921908 -67.7989684299608
 576 -73.6457715767154 -66.5460230382019
 577 -68.9643345786418 -65.3084284623916
 578 -71.5196222855135 -64.1201029629552
 579 -69.1861220360628 -62.91689291009
 580 -67.1719054661908 -61.7309442504695
 581 -67.8598789480787 -60.5116183222224
 582 -62.280294797833 -59.3072275236726
 583 -62.7856282610139 -58.0914073671187
 584 -64.3913394704836 -56.9290074555492
 585 -60.6367755281572 -55.8073583080832
 586 -60.722120022301 -54.7888259971785
 587 -57.2661468568358 -53.8517042568439
 588 -58.363880699095 -53.0353366175336
 589 -56.3538381786082 -52.2959030314612
 590 -56.0814842710002 -51.6475420828614
 591 -57.1052046024035 -51.0334931617572
 592 -56.8157978684631 -50.4608335676387
 593 -56.759013103587 -49.8821910221156
 594 -54.0165439622463 -49.3184478349548
 595 -53.4833503207138 -48.7457908088984
 596 -55.7950676563234 -48.2031565329236
 597 -52.3606366502847 -47.6839385371384
 598 -50.5747197328835 -47.2303484449158
 599 -51.5367387627843 -46.833871427323
 600 -51.0282406860146 -46.5216230672304
 601 -52.1673449019623 -46.2699960126175
 602 -50.9140911136539 -46.0859389632023
 603 -50.3783019962305 -45.9342927381105
 604 -52.9753419179365 -45.8123532386619
 605 -52.8796007836841 -45.6874718857051
 606 -48.9372565968142 -45.5610017065222
 607 -49.6843857062325 -45.4126241628455
 608 -51.8268717266721 -45.2516904699012
 609 -51.3376167506591 -45.0679903027864
 610 -49.8273120254127 -44.8720940409059
 611 -50.5157393371097 -44.6551764184449
 612 -49.1286750689489 -44.4214082100074
 613 -48.3315935598815 -44.1591302440022
 614 -49.7484444352144 -43.866489767001
 615 -50.4271187275434 -43.533509440413
 616 -49.3476892130467 -43.1593792957368
 617 -48.0029259567412 -42.7429571459285
 618 -47.2656344167723 -42.2894416534837
 619 -48.227893763113 -41.8076005769555
 620 -45.6051544628311 -41.3054629848915
 621 -45.473389258444 -40.7950165225665
 622 -47.4107818136793 -40.2788024271901
 623 -43.1931282890856 -39.7642248069469
 624 -42.963830249611 -39.2431333165777
 625 -45.1691202902948 -38.7168880845976
 626 -45.0721454138199 -38.1691720589868
 627 -43.8435428100652 -37.6008408166786
 628 -43.6314030059517 -36.9944472516005
 629 -40.1149937442095 -36.356975973163
 630 -41.790494322442 -35.6746719356434
 631 -38.6632606286614 -34.962782092844
 632 -38.1621580212223 -34.2108329151977
 633 -40.9920802605283 -33.4400557272195
 634 -39.1232469799632 -32.6403269291025
 635 -39.4027226511412 -31.8362309235927
 636 -34.2409473912964 -31.0163460141983
 637 -35.6273499657659 -30.2078114433983
 638 -33.9858576947805 -29.3974472673405
 639 -32.8138870854699 -28.6138643846777
 640 -34.8146676695656 -27.83979987039
 641 -31.1435757776524 -27.1015115721071
 642 -33.5308726257905 -26.3730225098853
 643 -30.225909906843 -25.6740098825288
 644 -29.7033739867702 -24.9677283029068
 645 -30.9832905824907 -24.2688062543026
 646 -29.8968775094175 -23.5357214450978
 647 -27.0289324889142 -22.7880295024321
 648 -27.2417244447951 -21.9918419287357
 649 -27.3503813768536 -21.1837298738525
 650 -27.0038934442323 -20.3462344860992
 651 -24.675332375713 -19.5356595924589
 652 -24.947047728768 -18.7461893631375
 653 -21.1251469115132 -18.041638571077
 654 -22.4250137787907 -17.4102679085473
 655 -21.8127511305225 -16.9038461694962
 656 -21.5178239329217 -16.4874324237442
 657 -19.5140814841464 -16.1895405142896
 658 -22.3970808066821 -15.9496571198177
 659 -19.7593290713704 -15.7801622382931
 660 -22.0801314021743 -15.6103194206248
 661 -22.5269571490561 -15.4566516898813
 662 -21.4013437993457 -15.2592331299022
 663 -21.143780208246 -15.056052352823
 664 -18.323505945193 -14.8082620661818
 665 -19.9356335258123 -14.5766293139138
 666 -21.3381757177108 -14.336037725233
 667 -17.633142688785 -14.1559235797487
 668 -20.9150217408208 -14.0073968204919
 669 -17.6880676351035 -13.9512450498652
 670 -17.512366535454 -13.9410708419542
 671 -18.5280973126214 -14.0209791084123
 672 -20.1240094817998 -14.1256696286489
 673 -22.5257886663731 -14.2871510168195
 674 -18.0459803406844 -14.4303114387898
 675 -22.4354158798615 -14.5864190366304
 676 -18.3118381464856 -14.6821436269986
 677 -18.9040822004884 -14.7579906838692
 678 -22.5373476258185 -14.7497711479437
 679 -19.3419891024224 -14.7113832592993
 680 -19.5831015961259 -14.5888936518404
 681 -22.5335592581995 -14.4479299751274
 682 -20.1148646454138 -14.2410244608971
 683 -18.3744014430109 -14.0400913505323
 684 -19.3071633460536 -13.7977692626694
 685 -19.1637164758232 -13.5855376763121
 686 -18.3045659935701 -13.3499151236894
 687 -17.2883473654898 -13.1568712157665
 688 -17.1123781939091 -12.9437046626164
 689 -18.4993306789867 -12.7701154284274
 690 -19.3868550826026 -12.5659876277871
 691 -18.7962497308301 -12.3886387707905
 692 -18.6487317474154 -12.165814858868
 693 -16.6866274749539 -11.9578856068528
 694 -16.1904984501272 -11.6950165010866
 695 -16.0089259418657 -11.4432784795582
 696 -14.5866750009618 -11.1356956681589
 697 -18.1074296573302 -10.8423307437026
 698 -18.3254546965977 -10.4960696389701
 699 -17.3844993111354 -10.1676453818308
 700 -12.7584140447325 -9.78740005541433
 701 -14.6770224264024 -9.42594548268753
 702 -12.9390523238675 -9.01230676392196
 703 -15.288224493265 -8.61974771063813
 704 -14.6999926867848 -8.17954053496685
 705 -13.5281900634936 -7.77067693020985
 706 -11.6755257417789 -7.32830224282369
 707 -11.7605893008078 -6.93649763803015
 708 -14.3746886717725 -6.53143236951826
 709 -9.37457916829083 -6.19768158164212
 710 -12.0944256990595 -5.86733006384696
 711 -9.85497334495493 -5.62102416039196
 712 -11.1664548049215 -5.38432580741817
 713 -9.64794714772795 -5.23404928897383
 714 -9.56083502842587 -5.09196102736679
 715 -11.474235174669 -5.03550433693566
 716 -10.0517531417004 -4.98764230441931
 717 -12.2846468781159 -5.03028972420156
 718 -8.24601220752865 -5.08907438049654
 719 -12.3387935376191 -5.24858876347079
 720 -8.77401957016414 -5.43229954628307
 721 -10.0575578307315 -5.72050553324873
 722 -11.2919203177419 -6.02727346837223
 723 -11.4349948615845 -6.42306061469949
 724 -14.0515257190866 -6.81071446770342
 725 -11.2932815880421 -7.25382918389024
 726 -13.302446058187 -7.65203180276647
 727 -15.1967480607834 -8.07376774010461
 728 -13.9004404485834 -8.42871244556628
 729 -15.5354496485366 -8.80189195194744
 730 -13.7678286452176 -9.1203829872391
 731 -12.9874704484948 -9.48639790966828
 732 -15.7137731718896 -9.83752206874139
 733 -14.9900830483999 -10.2794511428856
 734 -14.9312137784762 -10.7423759294499
 735 -19.1921819422357 -11.3169131481658
 736 -15.3263800394768 -11.9108444379184
 737 -17.8666597904421 -12.5916307509813
 738 -19.3260475160476 -13.24573500039
 739 -17.9668658375734 -13.9276859169514
 740 -21.0484932203973 -14.5201180193669
 741 -19.8793255334681 -15.0855695360319
 742 -22.0933154896597 -15.5228588716023
 743 -23.2865902504761 -15.9172116916587
 744 -22.0567927113329 -16.190109166993
 745 -23.2387897721142 -16.4465940533707
 746 -20.3058158426727 -16.6198933213428
 747 -21.2947660094858 -16.818758841574
 748 -23.1936728738771 -16.9709843833598
 749 -21.4109328707006 -17.1745663440331
 750 -21.4444073406596 -17.3431056018742
 751 -22.7894842935721 -17.5617831084596
 752 -24.6021182385082 -17.734038172237
 753 -24.378814901045 -17.9399979194742
 754 -21.6844278707194 -18.0816526071983
 755 -25.2420604219578 -18.2409431836861
 756 -25.7847989603773 -18.3219617340331
 757 -22.1781787010217 -18.4084195066063
 758 -21.539411539778 -18.4042397278809
 759 -24.5773884520961 -18.3923267610315
 760 -24.0501824315343 -18.2757539245294
 761 -24.3119873872894 -18.1389741369974
 762 -24.1882857287244 -17.8897074289041
 763 -23.6519330098015 -17.621064929823
 764 -23.4334670062443 -17.2519514621956
 765 -24.4381258981781 -16.887498274197
 766 -19.4801376701987 -16.4563689593843
 767 -20.3364024872839 -16.0690017863761
 768 -19.4531244313091 -15.6532032393501
 769 -22.2890483013775 -15.3126215591749
 770 -18.4004762127656 -14.9638834223782
 771 -22.2864638848568 -14.6978835494156
 772 -19.4912996914562 -14.4200609520203
 773 -19.3676638261987 -14.2140901913716
 774 -16.9121387042751 -13.9834893466904
 775 -21.1032764873943 -13.8145800342519
 776 -18.5341828946133 -13.6164766546697
 777 -18.9868449309687 -13.4810063053126
 778 -20.5045007969394 -13.3206693388216
 779 -16.9300874827508 -13.2266438652968
 780 -17.952115787967 -13.1074955797381
 781 -17.0192954755154 -13.0482503090097
 782 -18.9328075079833 -12.9524930445549
 783 -18.6825768728985 -12.903341210724
 784 -19.2734913104549 -12.8080700788854
 785 -18.3108144199361 -12.7581076723804
 786 -17.1761232469966 -12.6726655210629
 787 -18.6969910943166 -12.6542428011638
 788 -18.455816056746 -12.6294796433452
 789 -18.5159112228846 -12.700351930012
 790 -15.2429649423003 -12.7850348576695
 791 -16.5262943253286 -12.9689965147968
 792 -20.285497595154 -13.1508173401765
 793 -16.744946994532 -13.3968771133379
 794 -20.4979916289364 -13.5938810965476
 795 -20.892504317962 -13.8057778962528
 796 -20.6583298617456 -13.9292449112014
 797 -20.3931294620424 -14.0471469056116
 798 -17.5454876487393 -14.0813916157145
 799 -19.1819224786811 -14.1385034164586
 800 -20.8780541430323 -14.1583544895291
 801 -18.0523427821718 -14.2532523511149
 802 -18.49451877777 -14.3569938988589
 803 -18.6648724867704 -14.5632736199889
 804 -21.6429317921716 -14.7811668988316
 805 -20.1073830651584 -15.0771494436492
 806 -20.7396474739691 -15.3388949584719
 807 -20.4454347596946 -15.6194900081675
 808 -22.3114771094899 -15.8058366707467
 809 -21.2809612216142 -15.9596748213335
 810 -23.0473662285176 -15.9855201332833
 811 -21.6589164517502 -15.9645698560838
 812 -22.6991581301741 -15.8207999306231
 813 -21.7308752565804 -15.6485693687651
 814 -18.0536242789147 -15.3798828884579
 815 -21.0916082155237 -15.1093421540516
 816 -20.2680352433475 -14.7662104473064
 817 -18.7038503743261 -14.4388350847138
 818 -19.797913166563 -14.0521546592094
 819 -21.2016793268955 -13.6903199451822
 820 -19.9502764746573 -13.2775859941954
 821 -17.0212505851875 -12.8966537380531
 822 -17.1745192766153 -12.4714330250216
 823 -17.7715314865423 -12.0805979634025
 824 -15.1728206503832 -11.6433347036228
 825 -17.7914903965987 -11.2299464448403
 826 -14.436187531363 -10.7529461065656
 827 -17.4670170843454 -10.2762756430019
 828 -17.2119886445845 -9.71239518643028
 829 -14.6136148785556 -9.12908160403667
 830 -15.8883048282764 -8.45049218726
 831 -10.5608824874429 -7.75859469521886
 832 -11.9507164737445 -6.99561949343544
 833 -12.7290923576075 -6.25813809889395
 834 -11.6458776048488 -5.5005379918903
 835 -8.68672365406368 -4.82262376083426
 836 -9.1938126434449 -4.17646549421745
 837 -9.08917267722705 -3.65027635890897
 838 -6.75850559480169 -3.18159332046058
 839 -7.71264267447009 -2.83945691632013
 840 -9.03414844036937 -2.54510153875685
 841 -6.29992569665056 -2.35215485619402
 842 -6.84213912282066 -2.17377179827334
 843 -8.69461821940494 -2.05889340222302
 844 -8.58035236319154 -1.92392593909781
 845 -6.97497508682443 -1.82314188768705
 846 -5.77701955863631 -1.68373478596178
 847 -7.21928000008226 -1.56955736897982
 848 -7.73926474152595 -1.41956153340566
 849 -6.9276600582604 -1.305084421922
 850 -6.45970836106387 -1.17242299509118
 851 -5.65223707339996 -1.09434831814324
 852 -6.38848398057441 -1.01782403477779
 853 -8.05257360580937 -1.01054748444682
 854 -4.43887806502315 -1.01481708500942
 855 -5.5462822153858 -1.08974400856363
 856 -7.22966711538885 -1.17190735408271
 857 -8.03581429052686 -1.31327131665343
 858 -4.65942474581712 -1.44844762370775
 859 -8.45559081752457 -1.62745341773119
 860 -6.04517345377886 -1.7886178094501
 861 -7.47048886261403 -1.98487254370509
 862 -8.11177805160907 -2.1613944005709
 863 -9.16630992521069 -2.37471455372335
 864 -7.0119351845709 -2.57519834432343
 865 -7.48757836358065 -2.8194309143868
 866 -7.79175598649176 -3.05863941740686
 867 -7.95644811651626 -3.34535615739224
 868 -7.78926458074507 -3.62880273606858
 869 -12.0126689183761 -3.95614769824982
 870 -10.8640238860482 -4.27480793510037
 871 -9.3013369760277 -4.62753288992959
 872 -8.28316341715081 -4.96084618109465
 873 -8.76851456155043 -5.31308515555246
 874 -12.8665718973223 -5.62879654793733
 875 -12.8545510795301 -5.93997633959259
 876 -11.3993800331636 -6.18749745227679
 877 -12.6259921759261 -6.39674790759335
 878 -13.2563005025393 -6.50740321778904
 879 -9.76422563874009 -6.54397920424011
 880 -12.691019084703 -6.45374600539382
 881 -12.9975340407643 -6.27074061103923
 882 -12.872729778831 -5.95975846069314
 883 -10.1841290050902 -5.57122725954173
 884 -12.1532523670878 -5.08923198410718
 885 -10.2251349926668 -4.57598331375507
 886 -10.2682036666873 -4.02424002635854
 887 -7.25731061251228 -3.49302638563941
 888 -7.44616288304576 -2.9674840971655
 889 -7.06883923222874 -2.48916702148251
 890 -5.33318641672259 -2.02651675211009
 891 -7.98410199163697 -1.6015948262693
 892 -7.57481159840044 -1.1715948836733
 893 -8.10231149675171 -0.75047479205864
 894 -6.73307946555013 -0.298778646467291
 895 -3.12895159218115 0.163421261281357
 896 -4.42039487497278 0.66155097739567
 897 -3.39260990559936 1.16458188505771
 898 -6.10149602661061 1.68542793729156
 899 -3.11212573957818 2.18903420905028
 900 -1.00437064335155 2.68571074670836
 901 -2.02639946713001 3.14643983352273
 902 -2.4215779078897 3.58639202452362
 903 -0.409710418560593 3.98587278763734
 904 -2.84459523615061 4.36364047638227
 905 -0.761296018547561 4.70466145103591
 906 1.97638014521517 5.02514155611068
 907 -0.132549890730587 5.30942166182771
 908 -2.20420864489639 5.56837242170594
 909 1.83250451917324 5.78622227076142
 910 1.92964992910449 5.97170100987896
 911 0.2473123114814 6.11336787985852
 912 -0.275099535853458 6.22145408062374
 913 1.40799911782558 6.29008907953156
 914 1.53843237333325 6.3289583184751
 915 2.47753726930418 6.33294560005227
 916 0.177359578996219 6.30509785805618
 917 0.941709600917239 6.23602068249837
 918 -1.92282638029945 6.12025679289408
 919 2.5884121933496 5.94689294376883
 920 0.649127165757642 5.70928036293915
 921 2.08715262384307 5.40544676956195
 922 -0.538336537911448 5.03841091498011
 923 0.156789750638609 4.6233574523318
 924 -0.34078079477556 4.17578501352611
 925 -3.67323687879779 3.72411683242778
 926 -3.52054079516411 3.28596125775595
 927 -2.40998196756959 2.88836722045546
 928 -3.34149202944743 2.53551199957204
 929 -1.81892564466942 2.24045083538794
 930 -5.18663593773957 1.98728421976694
 931 -3.91130477769029 1.77610315424889
 932 -3.0373516993641 1.57922165966864
 933 -4.31624120639185 1.39717222944788
 934 -2.52873916901883 1.20542639820574
 935 -3.58577394714996 1.0176820445812
 936 -6.6143220507776 0.819872906200278
 937 -5.77501553341552 0.639229830319778
 938 -4.74684249245605 0.465846086828297
 939 -3.47782894833131 0.329705547810789
 940 -5.65786687638169 0.213004431500991
 941 -5.5106076530369 0.138700201033732
 942 -5.47383579756012 0.0762485767644492
 943 -5.43091546181537 0.042979858321285
 944 -7.14143780245118 0.00263411279678749
 945 -4.31695435179936 -0.0225014117475801
 946 -4.20564038143507 -0.063405809187902
 947 -5.74399635606218 -0.0845131898638094
 948 -6.12919410403206 -0.108296407460461
 949 -3.75161162949597 -0.0886592054665094
 950 -7.68705800330334 -0.0476646755431425
 951 -4.86370126355219 0.0600162276120173
 952 -7.29721579009477 0.201053311359686
 953 -5.67173259886611 0.410911329538287
 954 -3.459747212258 0.640577996002296
 955 -4.45722293858614 0.916886997485552
 956 -7.06204426136255 1.18145355548513
 957 -2.04167529821685 1.46220300348581
 958 -1.70152366633232 1.70203661834591
 959 -4.46450640942359 1.93915427570169
 960 -1.64105395796098 2.12349362869669
 961 -4.73136790105437 2.30498592149153
 962 -3.35901750966258 2.43791546848084
 963 -3.45243674426167 2.5783122727706
 964 -2.01243263037698 2.6778837457279
 965 -4.63447558071476 2.79235579970937
 966 -1.8660691639441 2.86628261276963
 967 -1.27561567654534 2.95304147084245
 968 -1.10934980541615 2.99035445040537
 969 -2.62353319707626 3.03125462590549
 970 -4.65000087594742 3.00924797334349
 971 -1.22187494784354 2.97935889810495
 972 -0.398601286025082 2.87234704802736
 973 -5.21421666156472 2.74589475426291
 974 -2.84343447709818 2.52835755751094
 975 -3.81683473098703 2.28092767540669
 976 -1.84349830262402 1.93157866469089
 977 -2.59350188033977 1.54851181062205
 978 -2.06150263466066 1.0638500717651
 979 -6.15850878754905 0.557323396739413
 980 -6.32839143345603 -0.0318594504130303
 981 -5.5592847883449 -0.612586610890357
 982 -6.67849001166135 -1.24284860679324
 983 -8.22511417213554 -1.82856994075378
 984 -8.48184698181859 -2.43634073971069
 985 -6.77678330218164 -2.98116280162312
 986 -10.38399837098 -3.54798320053785
 987 -8.26877352231456 -4.06544839244112
 988 -10.1404661461897 -4.63432514180802
 989 -11.3563514154215 -5.18690206330772
 990 -9.04096788671557 -5.82395015958429
 991 -12.1935593680253 -6.46312170381275
 992 -10.9684292068514 -7.18890459168956
 993 -11.5467703435164 -7.89435175655862
 994 -15.3650299260717 -8.64714366496714
 995 -16.2840794409538 -9.32544482370129
 996 -15.1212197317314 -9.99822419511286
 997 -17.1880797824074 -10.5509249977606
 998 -15.0398009662361 -11.0743821785412
 999 -17.6631467192256 -11.4747028966951
 1000 -15.8071370483206 -11.8669389938964
 1001 -15.5208382868479 -12.1682378777106
 1002 -19.6532545428147 -12.4987891640198
 1003 -19.3234290180793 -12.7636239855505
 1004 -15.7579325043055 -13.0677318326549
 1005 -18.9684045233331 -13.2928487224625
 1006 -18.8479059160254 -13.5305993550483
 1007 -20.2045102788732 -13.6541522997206
 1008 -17.4302623061514 -13.7650210307982
 1009 -19.2312167659557 -13.7518528321339
 1010 -18.118143029086 -13.7419264272986
 1011 -19.8264490322538 -13.6395108462686
 1012 -18.2919408717862 -13.5785159516792
 1013 -19.5146698535971 -13.4425049213349
 1014 -19.5418157892244 -13.3264394532885
 1015 -19.9933682970908 -13.0505894105696
 1016 -18.2297603581293 -12.645032486474
 1017 -19.1843573128196 -11.8688352980718
 1018 -17.9145945766907 -10.7230012752789
 1019 -14.6423037266961 -8.97266168403965
 1020 -14.4867473065836 -6.67794856497059
 1021 -16.7552565663985 -3.70218221433382
 1022 -13.2633630080825 -0.240801135659332
 