-512 21.9804770663097
-511 22.5944684987152
-510 22.4280546239456
-509 21.2749788121157
-508 23.5155944663841
-507 23.143000373278
-506 20.1934112844405
-505 22.2160489086591
-504 20.0438312773889
-503 20.9075720981493
-502 25.2455806982483
-501 24.334966530917
-500 22.3078726336131
-499 21.2622663007719
-498 23.3796937707998
-497 21.4742306153115
-496 23.2824158867708
-495 24.7907109964787
-494 24.3298284117487
-493 23.2678336474616
-492 20.6372484691827
-491 19.6803236323347
-490 20.0403512467519
-489 20.688407078334
-488 19.4138322060169
-487 21.0651757851894
-486 18.1345481564448
-485 19.8805960764668
-484 16.8424088419887
-483 17.8282890413451
-482 14.9601268382207
-481 18.0348621569299
-480 16.8920266073437
-479 16.3786835812521
-478 15.1340709986421
-477 11.4524208266436
-476 13.4766167482996
-475 12.3155734498201
-474 10.844855732799
-473 9.38205971721845
-472 10.9948225273081
-471 7.88947211462256
-470 11.4707957191734
-469 7.01373964778562
-468 9.70890771325438
-467 9.05358970152971
-466 8.02761435241276
-465 9.7359767511923
-464 6.15869109859694
-463 5.28296322002174
-462 8.02026233871168
-461 5.40110852007569
-460 5.54076423785768
-459 5.41570980392636
-458 5.91340014682383
-457 4.59498092994109
-456 5.58269472698604
-455 4.56132012147951
-454 6.38734921222645
-453 5.42890939204811
-452 9.61866397307827
-451 6.72391957256495
-450 9.06297711802163
-449 7.01871085059141
-448 9.17988878429593
-447 7.63099749582457
-446 6.47683939813622
-445 6.89807547433198
-444 7.69372003138674
-443 7.34544319197131
-442 9.79949492099811
-441 10.1445418387885
-440 7.72357686174331
-439 11.404112150414
-438 9.41334766501611
-437 11.9419110969535
-436 8.35248329755224
-435 11.3808912256604
-434 8.81527608980038
-433 8.83215412498748
-432 9.73105977762674
-431 11.1556595147363
-430 8.96282610124146
-429 9.64480155246275
-428 11.7820175412514
-427 11.5999715637797
-426 10.7354966385384
-425 8.35753030008876
-424 8.52364378383272
-423 10.5110475740047
-422 7.49478243061398
-421 8.21626096370522
-420 6.28111163636758
-419 8.16110250294418
-418 8.17384473613629
-417 7.80770137712133
-416 5.17392743668042
-415 4.83061951103607
-414 4.05123407157255
-413 3.36615630016392
-412 6.06827712814379
-411 5.7914351952589
-410 5.51990269483171
-409 6.04696461645212
-408 3.67295461077373
-407 5.85619039357691
-406 2.17541772364016
-405 3.80171276118524
-404 2.53615407862863
-403 4.35076215855693
-402 2.35414062380258
-401 3.63922648742802
-400 2.40762992558347
-399 3.05992378383939
-398 3.55724489468557
-397 4.69833281419357
-396 4.19726778550695
-395 2.78612711374108
-394 5.71962257755411
-393 4.6438305160312
-392 5.65841188725258
-391 5.91765424353628
-390 5.00954071097053
-389 7.32956233247343
-388 7.91452396944705
-387 10.1743488098219
-386 10.2766159852941
-385 7.55869259256641
-384 10.1337594676283
-383 11.1637888721249
-382 10.6692065537649
-381 12.6711574314522
-380 10.5313269918524
-379 9.7933073671528
-378 10.6002136535344
-377 14.8647685653789
-376 14.5781246191327
-375 15.0269818805078
-374 13.7006466040689
-373 13.8256671046409
-372 15.8407426092213
-371 13.1129173676089
-370 15.7267634363048
-369 15.8248114033286
-368 15.4376206205683
-367 12.7241548820515
-366 12.4082892755213
-365 16.8020125695372
-364 12.2245801428859
-363 15.5236751199899
-362 12.7867670507642
-361 12.6827729138792
-360 13.7162543310534
-359 11.3755535398097
-358 14.8046539800032
-357 11.7839251126871
-356 11.4947687339347
-355 14.753724611758
-354 14.3930304798398
-353 11.3929561332614
-352 12.6806134312965
-351 13.1484632198371
-350 13.4600115465425
-349 12.6371730699402
-348 9.56082821417166
-347 11.3181532391637
-346 8.41005767180981
-345 9.47992096635883
-344 7.94489814856494
-343 7.78792258971977
-342 8.79897161891931
-341 10.9324843967693
-340 9.3983336416913
-339 7.84323165961908
-338 8.63876122607911
-337 10.3959151617758
-336 10.4777310844508
-335 12.5197018991086
-334 8.66481634080807
-333 11.943898262523
-332 11.1398734390039
-331 10.4428102912372
-330 10.5348116033476
-329 10.5262179194972
-328 13.9425781235104
-327 12.3432429487385
-326 14.6799652751057
-325 13.6659665298683
-324 12.7086992671514
-323 15.2646022010309
-322 17.1260228440596
-321 16.5990997883393
-320 15.339795117668
-319 19.81687502799
-318 16.5605200077367
-317 20.7721783371653
-316 17.1859688679169
-315 21.8168004004145
-314 21.7770526226741
-313 22.6861479876309
-312 22.1873601820102
-311 20.6282990050131
-310 24.1745459507077
-309 23.7168485950884
-308 20.1753270381874
-307 21.8837657232799
-306 21.5435030015836
-305 22.4256767770116
-304 25.6726473926824
-303 24.7695949354719
-302 24.0110557982981
-301 24.1185303526072
-300 22.067719804276
-299 24.0141304226132
-298 22.8369757717391
-297 23.8429029687076
-296 22.6038865832738
-295 23.2686315909244
-294 22.1137644338638
-293 21.4098650266736
-292 21.5583035927889
-291 23.9451869153549
-290 20.201231193485
-289 21.3708049652113
-288 19.7624636876576
-287 22.3212209865018
-286 19.5608477911414
-285 22.6024564755482
-284 23.1063845342434
-283 20.967895406271
-282 19.20456193827
-281 22.3952954823163
-280 22.3790968324546
-279 20.2670318758124
-278 19.1592550779824
-277 21.7904447413682
-276 22.128622311392
-275 18.9841392312928
-274 20.6099630921121
-273 18.6625937968994
-272 18.7150563705188
-271 17.9278988680359
-270 17.9264137164071
-269 18.4481980636853
-268 22.3113639527959
-267 18.59150151126
-266 19.8181918343656
-265 20.9196833650798
-264 19.8495023361984
-263 24.1092220909013
-262 23.8894826765982
-261 23.4111028693078
-260 24.2766678230696
-259 22.7214732335624
-258 22.8761281795298
-257 23.0154194183431
-256 22.5806767455891
-255 25.4003700947441
-254 22.612590309133
-253 23.5582150110344
-252 23.8582242373305
-251 28.1007734029018
-250 28.076886463077
-249 24.3701580488798
-248 23.8690942319813
-247 27.8521333048117
-246 23.7457503852455
-245 25.7470393269155
-244 26.5679425523962
-243 28.2555482663454
-242 25.523807952787
-241 27.420689977316
-240 27.6981755957813
-239 27.8876023551964
-238 26.0185741862744
-237 22.7386887970584
-236 22.7253318408593
-235 26.2050695477909
-234 21.2622073370422
-233 24.6405225905392
-232 24.8763769117124
-231 21.1878011924901
-230 20.7413418234207
-229 18.9508702034504
-228 20.4231062976878
-227 21.6244031247978
-226 17.9136520711313
-225 18.2180817980549
-224 18.3296389734074
-223 16.4380990482869
-222 19.1553498897743
-221 16.9919627314618
-220 16.0936185292952
-219 13.1480285769772
-218 15.2045023546468
-217 14.4470391878136
-216 15.8067165347311
-215 15.671877566434
-214 12.8134739279509
-213 11.9561694660847
-212 14.7915622410271
-211 11.4851361129994
-210 11.1882681101894
-209 14.1484906801999
-208 13.4292475165601
-207 9.27461989836713
-206 13.3271397991579
-205 9.14232594699985
-204 14.1547722726931
-203 12.8516200938563
-202 13.0453913419508
-201 9.72814249488486
-200 11.8886469386135
-199 11.2438554593646
-198 13.0233121805488
-197 11.9424982502722
-196 12.1035218192765
-195 14.6641924987184
-194 14.8910391959866
-193 13.5778910132733
-192 17.1480206561438
-191 13.8849543537139
-190 16.1846296021885
-189 15.0254278996231
-188 18.6094071649843
-187 16.4347603357993
-186 19.0043902828609
-185 16.4602609946303
-184 19.2763864665757
-183 15.8135055723473
-182 16.6776013960723
-181 18.7198399211797
-180 21.4378599027243
-179 18.5016188963544
-178 21.4868388176682
-177 18.4612839222214
-176 21.737945918412
-175 18.1614486182322
-174 22.1512733327297
-173 18.9386455579488
-172 19.9076836328718
-171 19.9088393188373
-170 18.8362361517005
-169 19.3385954760665
-168 19.3556843994866
-167 21.5170044847003
-166 17.8761344743931
-165 18.3321920373569
-164 19.6602513585643
-163 19.6260305812937
-162 18.5031656015164
-161 19.8220540359872
-160 16.4413738135497
-159 20.521205065456
-158 19.8204895687555
-157 18.7226725806326
-156 20.2703607632433
-155 17.4414058792368
-154 19.2004920003539
-153 20.6441725029091
-152 17.206206671907
-151 19.1427589620806
-150 16.6490995306159
-149 17.1471534176053
-148 21.1302890680449
-147 17.1086143059629
-146 20.394122039938
-145 21.5921258548133
-144 18.3246258799069
-143 22.228803991003
-142 18.7333585273161
-141 22.768578955036
-140 24.1343665866463
-139 24.411574021489
-138 24.7365381227505
-137 23.4061934641071
-136 23.1438984531481
-135 22.7112150790877
-134 23.7196335058448
-133 24.2476986926519
-132 29.0400841358548
-131 26.5021602029839
-130 27.0019457734084
-129 30.7061121194411
-128 28.3385617630992
-127 28.6832484099805
-126 32.582544561092
-125 31.7984927142921
-124 33.903222674124
-123 31.1091758864145
-122 33.3156944251059
-121 34.3068812204944
-120 36.829012755181
-119 35.5031502715327
-118 37.4729124082528
-117 35.1808440370378
-116 38.8087021687191
-115 35.1667431017526
-114 40.315912955623
-113 36.4840523104403
-112 40.7303690874997
-111 40.3592221586068
-110 38.2990383627444
-109 38.5716845206813
-108 41.5096776375892
-107 37.3365580684877
-106 40.6164771453863
-105 38.2412091563201
-104 40.2457332760938
-103 40.6151639001626
-102 39.1187829324813
-101 40.8543727910524
-100 38.7880312322297
-99 38.030603261635
-98 38.7706104992149
-97 38.6141308042164
-96 38.9420011482468
-95 37.898428166447
-94 38.1984590499682
-93 40.4810559564266
-92 37.4397317947414
-91 38.9325442780326
-90 35.8904689068313
-89 37.5168366459292
-88 37.7191337487163
-87 37.2437833083025
-86 36.9325544470444
-85 37.5884202802062
-84 38.6382710452697
-83 36.5136406545815
-82 35.9846949974797
-81 40.3989870409984
-80 38.7918081907718
-79 39.4296037683936
-78 37.4721148224342
-77 42.2283245149409
-76 38.7741713975886
-75 40.3715985136162
-74 42.6581833804222
-73 39.7656331322457
-72 41.8705540651203
-71 44.6745046747178
-70 41.6147149009801
-69 41.1558757745666
-68 43.4644712912397
-67 42.1583405295106
-66 45.8622049656099
-65 45.2132376626712
-64 47.2820365219769
-63 46.9426665969531
-62 49.1343363554772
-61 46.4919804439933
-60 49.1919835584242
-59 49.3502130192321
-58 49.8603562205152
-57 50.0589552800279
-56 50.030768126198
-55 50.2899762272183
-54 47.353780669129
-53 47.8493420877441
-52 49.0984861616448
-51 50.3033860021243
-50 50.6599689989839
-49 49.0768986048653
-48 49.9890033692328
-47 47.1979715241171
-46 50.6276069836684
-45 45.4342604826709
-44 46.0823044227447
-43 48.1986595059818
-42 44.1247836317118
-41 43.5828300546309
-40 46.7849297069628
-39 43.9629307794463
-38 43.7795046766197
-37 40.4738797413867
-36 37.7924459127834
-35 36.8562709880451
-34 35.0632741932517
-33 37.3443139463593
-32 33.743987545719
-31 30.1207576360641
-30 32.5967920954111
-29 26.2271234124207
-28 24.511716428175
-27 26.1227137029257
-26 22.8967231646834
-25 19.646258852178
-24 18.5269427355221
-23 12.6935772690409
-22 12.3249425712183
-21 7.91907868221779
-20 2.38829147823283
-19 -1.28393259491268
-18 -3.81749247770552
-17 -4.54337805295173
-16 -10.9400374680108
-15 -13.0882578186396
-14 -18.0964350043102
-13 -21.6334057960655
-12 -28.8357372322951
-11 -30.8207276462625
-10 -38.6527925569603
-9 -43.0477119782585
-8 -48.2513505119861
-7 -52.4379979766349
-6 -58.2766370360859
-5 -63.2467189064377
-4 -69.0760340882334
-3 -73.1484258515924
-2 -77.2422845531489
-1 -82.7441257777466
0 -84.3846484682835
1 -90.7493879051339
2 -94.7969335116315
3 -95.4747952614226
4 -100.508312290482
5 -103.675758864247
6 -105.358798439934
7 -110.391401764445
8 -114.422089120661
9 -113.83165408315
10 -116.434269086936
11 -117.912377048627
12 -117.699576315164
13 -118.403283636809
14 -123.829300848023
15 -120.819152579362
16 -123.843854958864
17 -122.978865305044
18 -123.612288870325
19 -123.198211060289
20 -121.87132901916
21 -120.514710627306
22 -120.720990133239
23 -122.52717714709
24 -119.487097563293
25 -121.239018847063
26 -120.229975974141
27 -119.843784055689
28 -117.432752654108
29 -117.077540092386
30 -115.137540619328
31 -114.090831907455
32 -112.118502164849
33 -109.052340564263
34 -110.415070339842
35 -107.693399674485
36 -110.488021522935
37 -108.055773869612
38 -107.126975433002
39 -103.819207605184
40 -101.429776835544
41 -100.190894059878
42 -100.453338483729
43 -102.20421090299
44 -101.239555956546
45 -99.1610977052804
46 -95.6985848967811
47 -97.3133350154461
48 -91.837196612333
49 -90.35029238538
50 -91.3787540953935
51 -87.9440952210593
52 -89.4600222156291
53 -87.0658909495914
54 -86.7778812656527
55 -83.4703458368576
56 -81.5778514844544
57 -82.9032947436076
58 -79.2187948102503
59 -79.1147495624326
60 -76.0909928873405
61 -74.2365732149691
62 -76.4569030813241
63 -73.0775073393127
64 -70.6326694287544
65 -71.0205102434075
66 -70.0618706256043
67 -69.726788168064
68 -66.7583607142542
69 -67.3996715125434
70 -63.3695660431245
71 -62.3606445907774
72 -63.0828995784654
73 -62.2276576290206
74 -62.267405450011
75 -61.3150901889994
76 -59.2472994526053
77 -59.5929941758975
78 -54.9066225323091
79 -55.2493944097571
80 -56.0460806629145
81 -55.5878379820244
82 -53.8359138313202
83 -52.6654208877535
84 -52.8166476443913
85 -52.0244985925294
86 -51.4276730902727
87 -53.7878968761429
88 -51.338879534474
89 -53.9573302837276
90 -49.9604699140665
91 -49.5687389319813
92 -53.178848923872
93 -48.9804603407297
94 -50.9538375712646
95 -51.2998122640695
96 -47.6582350430646
97 -49.2936316676584
98 -49.1825228677446
99 -48.1905126714024
100 -48.0726987896362
101 -46.8295802311635
102 -49.0701952229997
103 -47.6519297252661
104 -50.4097300670593
105 -47.8590981689079
106 -46.4546080165843
107 -48.3374837186497
108 -44.7300518681035
109 -46.8982965448626
110 -45.0890270207413
111 -45.4270036259095
112 -43.5366234760672
113 -44.5723812074648
114 -42.9943165760285
115 -42.9601565992939
116 -42.4309291979668
117 -41.8990428200049
118 -41.1825811987655
119 -40.275629654486
120 -38.0761248294575
121 -36.9716473643147
122 -36.3511385832152
123 -37.8909487731312
124 -35.9885739639109
125 -36.898890850393
126 -36.3935838687682
127 -33.357551647753
128 -30.8604877528019
129 -29.4163725433207
130 -29.7258671068381
131 -31.1868099441596
132 -29.4832948849153
133 -28.5714408124942
134 -27.1971062222649
135 -28.6021274795472
136 -28.7599355895162
137 -27.2123946951967
138 -27.1991917823084
139 -24.4139702912926
140 -23.7398726078238
141 -25.5253677124028
142 -20.4424766188616
143 -22.3196425327056
144 -23.9181091282482
145 -23.0676565833594
146 -20.8978490078749
147 -18.5257380053955
148 -20.6532664873454
149 -22.5775671071814
150 -22.7736309365467
151 -22.2034006433628
152 -18.2836679922569
153 -19.4027063933679
154 -21.9888787993391
155 -19.3867292555591
156 -22.2677381865108
157 -17.7076938695287
158 -17.7971044556098
159 -21.7817190871142
160 -21.2186331031202
161 -19.397055970896
162 -19.6149038156723
163 -22.3828019646845
164 -22.4250278956725
165 -22.0400490348678
166 -18.3115643650465
167 -19.908934754667
168 -22.0919030449833
169 -22.303585771342
170 -20.5458235066661
171 -22.0307034990534
172 -18.9477824896644
173 -20.7013716102757
174 -21.0062438726559
175 -18.1202377126707
176 -20.758242363721
177 -19.7375941973034
178 -17.6680902873793
179 -16.319795576009
180 -19.9789313837015
181 -16.0696056579384
182 -15.4523143088992
183 -16.8923656268509
184 -17.9533800346571
185 -14.6153034241529
186 -17.7257171508895
187 -16.9349824249887
188 -14.4993586386444
189 -14.9884466265927
190 -13.1643052555722
191 -15.2459250314812
192 -15.0796220861794
193 -13.3318626908067
194 -13.0973477846819
195 -10.6306606213695
196 -14.2750619143351
197 -13.0291992464503
198 -11.0251522847364
199 -11.6953136712623
200 -8.58649704009295
201 -9.57728003804293
202 -8.76098941651647
203 -8.7445323953443
204 -12.4109513093877
205 -11.6819157589731
206 -11.2732892503851
207 -13.1038180531864
208 -12.9541551888266
209 -9.66088009896237
210 -8.71906670945218
211 -10.9026092280246
212 -12.0475385331967
213 -13.1813689321652
214 -12.2688808179733
215 -11.2586021799632
216 -12.8890166854629
217 -14.0802905438746
218 -15.76734758521
219 -15.1178510554721
220 -17.2857521579201
221 -17.2908264240719
222 -15.1756217058608
223 -14.7479851394389
224 -19.5665729256859
225 -18.1764186182309
226 -19.4620619195901
227 -19.6191614258562
228 -22.0840075674197
229 -19.724119088562
230 -21.4875854606038
231 -21.0017466070474
232 -22.6324566837461
233 -21.1153433157247
234 -24.5503999800137
235 -21.9706042627138
236 -21.7706527939123
237 -23.1375535045542
238 -25.1725543907926
239 -25.3394305446646
240 -24.4133232491365
241 -22.3610623437506
242 -26.2240038514628
243 -23.6077647635166
244 -26.2181665477705
245 -24.0385497363126
246 -21.368817098772
247 -25.8377795335466
248 -25.6684385569006
249 -23.5203327341407
250 -24.5972074862045
251 -23.0841768996977
252 -23.8764545970397
253 -22.7670182527987
254 -21.274977296144
255 -19.9717345824878
256 -23.406293981823
257 -21.1058203010775
258 -18.9318009884222
259 -19.1913626165933
260 -21.8414557227723
261 -18.9623346851314
262 -20.1389973180548
263 -21.3039475741806
264 -20.7710800239459
265 -17.3226544977477
266 -17.2479481246929
267 -15.5857274802015
268 -18.8119981573717
269 -16.4800644627073
270 -16.9084821276487
271 -16.8003847704048
272 -16.5581691249143
273 -16.2068495554269
274 -18.8332214376227
275 -16.3693967086014
276 -14.8983729816312
277 -19.2976740731226
278 -19.8744549174454
279 -17.3583722408761
280 -17.2712227630599
281 -16.0612052096447
282 -20.5244117544414
283 -16.9750421243221
284 -19.5469682387024
285 -18.3178091928284
286 -17.3121723948762
287 -20.6531120546494
288 -17.6109690040911
289 -20.9918010189686
290 -22.3595961557654
291 -21.5910930814429
292 -21.2562730563654
293 -18.0873186485841
294 -20.6676517069028
295 -21.4390966203971
296 -20.9139492841698
297 -19.4996832751849
298 -19.3608094065958
299 -22.3388337488434
300 -20.4104816147197
301 -22.4531477912022
302 -20.4323707491184
303 -20.1788700140824
304 -19.5516947422533
305 -21.7570318146628
306 -19.0537004066715
307 -16.7314873552638
308 -19.7116502699934
309 -19.3429469679019
310 -16.7654690036048
311 -16.5889734517628
312 -16.9312844836315
313 -14.6654409904707
314 -14.1236507941799
315 -13.8622442844642
316 -15.5930879578492
317 -12.4180289764738
318 -13.3758848349857
319 -10.5866604706893
320 -12.6820007603385
321 -10.2091559904366
322 -11.4779740341577
323 -11.3888246749046
324 -8.72542565785049
325 -11.3529439995501
326 -9.19322414195777
327 -9.19104869654007
328 -5.84276801757418
329 -7.92433779438589
330 -7.85091002988556
331 -9.60100321531062
332 -7.15257359739951
333 -7.79616495671814
334 -7.76076887913405
335 -3.98374029808217
336 -7.16802027424328
337 -6.27734250925339
338 -7.7089257090043
339 -5.41973850095914
340 -6.45359514807048
341 -5.38967883227953
342 -8.80242459830041
343 -4.49079278960555
344 -5.77111970553216
345 -5.11010786740628
346 -6.32442513398305
347 -7.82736773244709
348 -7.37521182224797
349 -9.34239291238121
350 -9.83444017802169
351 -8.11530958599879
352 -7.04956848044035
353 -6.91591264512764
354 -9.35646213483865
355 -11.8623279705081
356 -7.53827883144636
357 -8.90953058775074
358 -7.98553716124499
359 -12.0280178906663
360 -8.2122332228083
361 -8.60801535457347
362 -10.187701630786
363 -11.0348090171682
364 -10.2203736203055
365 -9.88107176268347
366 -8.530870391837
367 -11.9072813783198
368 -9.96909046934709
369 -12.8665683019741
370 -12.861192511703
371 -8.08670466069769
372 -10.1198143772028
373 -9.097557967922
374 -7.31074577944571
375 -6.88612169880745
376 -8.32333479038687
377 -9.36649749011364
378 -7.00266713702468
379 -6.68525378615811
380 -8.65743510972042
381 -4.32076967683467
382 -4.4076472895469
383 -4.70720854452466
384 -4.09921223260791
385 -6.35412618229979
386 -1.73422678047011
387 -2.01052267745326
388 -4.85145858518253
389 -0.543789685460562
390 -1.22197804369553
391 -0.907474300718917
392 0.180351435061482
393 -2.09940525173135
394 1.79666126919046
395 -1.166800856771
396 -1.97776715699361
397 2.12350424021046
398 2.75705503375095
399 -0.656888155566813
400 1.39768794071037
401 1.52576615308824
402 0.276334759680086
403 0.337916713040926
404 0.16134028705328
405 -1.21787362190225
406 -1.08152456448232
407 -1.38495865184717
408 -2.596475087834
409 -0.0247631067953584
410 0.612809984113198
411 -2.60302693202607
412 -2.2643035053429
413 -2.79612196141333
414 -2.50397461337589
415 -3.34843416923217
416 -3.96068397008846
417 -1.26328135670881
418 -2.2301304023363
419 -3.63929689393107
420 -4.38222875590875
421 -5.26728176933261
422 -3.24963001675207
423 -3.82420621552922
424 -4.50962266612366
425 -7.5568740453831
426 -7.69808004595382
427 -6.16640787319398
428 -4.34120085420577
429 -5.56611819329691
430 -4.51054685497535
431 -3.84746228597075
432 -6.15072222029462
433 -6.16472900712469
434 -8.50183659046903
435 -5.1147223293386
436 -4.83047008576191
437 -8.36963119240908
438 -3.36733446960405
439 -4.63241845822672
440 -3.36143988773968
441 -3.94416968775611
442 -4.24831509219373
443 -4.06895936168928
444 -6.13694819632374
445 -3.09316864933177
446 -4.42842049413997
447 -4.20649416191892
448 -1.40166647159815
449 -2.16046658236829
450 -2.60083900897115
451 -1.58294197710058
452 -4.71135719396928
453 -4.84547187767003
454 -1.43606629367311
455 -3.3585790935967
456 -4.6853919394981
457 -1.64340292020069
458 -2.08988586058038
459 -2.27283160569838
460 -4.1398392390975
461 -2.56888562596374
462 -1.50673957133096
463 -3.55308188563824
464 -3.53839083923997
465 -3.00515730706366
466 -3.815835372425
467 -2.33399053794606
468 -3.77601648168178
469 -6.41395037763091
470 -6.69152868952326
471 -7.71799165061401
472 -9.16986489006951
473 -6.49887672857126
474 -8.89557151591323
475 -10.2771493819011
476 -8.83690129944122
477 -11.0144429947525
478 -8.46106145824995
479 -12.5823253166171
480 -10.910863752225
481 -14.2022616217904
482 -14.4750660028167
483 -11.8133555723732
484 -14.4244931634554
485 -16.6860207965315
486 -15.5120316667792
487 -18.5162813911502
488 -16.6481454020661
489 -18.6096022472522
490 -18.5406149309949
491 -18.0400280268462
492 -19.8336209108978
493 -16.822438668463
494 -19.1341696405816
495 -19.8114640811589
496 -17.1224046546551
497 -16.6385881386387
498 -17.8557244476803
499 -18.6474267636288
500 -18.9098003319668
501 -17.1786247492853
502 -18.5420623268409
503 -20.3047473374494
504 -17.639224512289
505 -16.7756131497069
506 -19.3929130684085
507 -17.0310035625609
508 -17.3720316407719
509 -16.5392449274125
510 -16.2790237762244
511 -16.3929146003941
