0 0 6.15251257132205
 1 20.1276747387564 6.2539464363292
 2 22.0112828858541 6.30073070967794
 3 19.9771280531143 6.40344603060037
 4 21.68854135883 6.45010213494297
 5 19.9102784156671 6.55405176287004
 6 23.6579148090327 6.60053177021851
 7 19.9148639068071 6.70566629001388
 8 23.1044157217087 6.75192026111614
 9 24.2969054438438 6.85818808562311
 10 24.6157224668435 6.90416416751434
 11 23.1314773379227 7.0115116385806
 12 20.8084398460811 7.05715616882908
 13 23.6437427521818 7.16552766495895
 14 21.2804751543049 7.2107852824045
 15 20.77743065416 7.32012333282666
 16 23.4766193340885 7.36493709458995
 17 24.2568028088341 7.47518249950942
 18 22.3727381696813 7.5194940040312
 19 22.6412831059694 7.63058596081492
 20 22.7676322659398 7.67433547666548
 21 21.2439313369275 7.78621171169275
 22 20.2304547606391 7.82933831187358
 23 22.6370218495791 7.9419352177643
 24 17.6046381215272 7.98437691920644
 25 18.4521544344908 8.09762969712305
 26 17.2011606475961 8.13932360506948
 27 16.9330909960928 8.25316641177172
 28 15.3437016665011 8.29404886871498
 29 18.1886756259977 8.40841496803069
 30 14.950914319877 8.44842170686141
 31 18.1648172873264 8.5632436252215
 32 13.358731627628 8.60230992622864
 33 12.4283443689369 8.71751961189993
 34 12.0499227124987 8.75558046324968
 35 15.568439538 8.87110944888597
 36 10.9035630826076 8.90809971019331
 37 13.6074899959991 9.02387927831219
 38 11.5303718199045 9.05973384690687
 39 9.30498731545458 9.17569519788843
 40 10.8663860697095 9.21034917736598
 41 10.1013846951555 9.32642359955867
 42 7.4127338752026 9.35981247019678
 43 7.04641129935574 9.47593151170602
 44 9.85934743734768 9.50799130231775
 45 7.3662169171666 9.62408694404427
 46 8.15113921731548 9.65475440483088
 47 9.6184634547651 9.7707592343181
 48 7.77677247059535 9.79997201027789
 49 5.11051652276987 9.91581939592115
 50 6.01034137073604 9.94351620036401
 51 7.13192987508886 10.0591404655291
 52 4.68976348905011 10.0852612532424
 53 5.93792169529253 10.2005978498366
 54 6.02618973091476 10.2250839894433
 55 5.28625345203109 10.3400696704785
 56 5.54437773557303 10.3628641155275
 57 7.69370477258722 10.4774371062138
 58 5.15391475279908 10.4984845645391
 59 8.0508991253548 10.6125847314462
 60 6.3073335053829 10.6318318323321
 61 6.3504846161466 10.7454008501555
 62 8.72519086610973 10.7627963088475
 63 10.5767590269378 10.8757778243192
 64 7.81009384534979 10.8912726034197
 65 6.11112574008862 11.0036123959048
 66 9.43279976291568 11.0171598631984
 67 7.27236596927874 11.1288060015237
 68 9.82272107489084 11.1403620837795
 69 8.49416300634449 11.2512650788457
 70 11.7733110156853 11.260788411152
 71 7.51067917456392 11.370901363885
 72 8.72716060940405 11.3783534340766
 73 11.3324752731585 11.4876321782852
 74 12.5016328371414 11.4929774660321
 75 10.3777777422579 11.6013807057435
 76 11.3302209177923 11.6045868158811
 77 10.770676743366 11.7120762567381
 78 9.00019418585659 11.7131140464255
 79 8.4040158416733 11.8196545207404
 80 7.7746021736711 11.8184982200487
 81 9.73012276368766 11.9240578051192
 82 11.1190342157072 11.9206851306618
 83 10.9531295390887 12.0252352599684
 84 11.4775214985882 12.0196275212004
 85 7.73985670319844 12.1231430881198
 86 7.59582809727643 12.1152852859475
 87 9.21050888234989 12.2177447396297
 88 8.49692272704915 12.2076256569871
 89 6.15258258116677 12.3090110900624
 90 7.47701375864503 12.2966233741289
 91 6.78644958173748 12.3969206019257
 92 5.53160474536098 12.3822608376764
 93 6.30019534017169 12.4814594686521
 94 5.40839035978707 12.4645282434499
 95 6.31481961968128 12.5626217405526
 96 6.88108087224409 12.5434236995131
 97 4.14497421456488 12.6404094322146
 98 7.38711250499939 12.6189533240919
 99 6.01646073568342 12.714832610851
 100 3.49143111692797 12.691131324217
 101 4.07980663598058 12.785909465156
 102 1.72381796091899 12.7599800546637
 103 4.647186170968 12.8536663542601
 104 5.70333013962152 12.8255300568085
 105 1.18149645965597 12.9181378364291
 106 1.97629975927371 12.887820077066
 107 4.15302339314401 12.9793666771934
 108 2.39703294828697 12.9468970646188
 109 4.96127210992304 13.037403836644
 110 1.42298841951813 13.0028161482005
 111 5.50420390936553 13.092308435679
 112 3.93632191378901 13.0556405917398
 113 4.35024152855453 13.1441477010357
 114 3.94961611869221 13.1054417287262
 115 2.82139201128972 13.192996888992
 116 6.07995866944704 13.1522988752067
 117 6.74718815624174 13.2389391876727
 118 6.74561343413268 13.1962992213747
 119 2.99309081153963 13.282065597949
 120 4.92648607540119 13.2375377017646
 121 5.71245505475065 13.3224747929683
 122 5.93359978324711 13.2761168441175
 123 8.41561875002618 13.3602729564088
 124 9.9484554927757 13.312146597036
 125 9.66362736916205 13.3955735996011
 126 10.6870358123884 13.345744136599
 127 8.37326026535364 13.4284973577145
 128 8.35816508019202 13.3770336521591
 129 11.393375131354 13.4591717652583
 130 12.7946366923137 13.4061461115995
 131 13.4760578082769 13.4877310111977
 132 9.9222751307506 13.4332190063768
 133 11.6423623861273 13.514315674042
 134 11.2880389735902 13.4583960767316
 135 11.7492261635864 13.5390724373067
 136 14.0412939738453 13.481827017496
 137 14.4038443847945 13.5621537858093
 138 12.2095745693728 13.5036671649816
 139 15.6373855599239 13.5837176833038
 140 15.4565240503194 13.5240771654792
 141 12.2727764779773 13.6039272320115
 142 16.9234641189356 13.5432226259503
 143 15.7677975664065 13.6229503146527
 144 15.5067562378002 13.5612737475412
 145 13.470267765841 13.6409592196318
 146 13.3954318549184 13.5784049425935
 147 13.681617399711 13.6581302500743
 148 16.9854331426383 13.5947944358739
 149 12.2413483143518 13.674643317461
 150 14.4272965471267 13.6106238507882
 151 16.4659179194611 13.6906815206439
 152 13.5423035431869 13.6260777813885
 153 14.0356066968245 13.7064307110762
 154 13.0446519720624 13.641343351023
 155 12.8299830883053 13.7220790451235
 156 13.318421477995 13.6566097585173
 157 14.2096554154276 13.7378165243667
 158 14.7230035570085 13.6720678128155
 159 12.3982549440396 13.7538345248394
 160 14.3269304921005 13.6879094570417
 161 13.239032224952 13.7703253161812
 162 10.2919512454379 13.7043272829795
 163 12.0235912325524 13.787481571719
 164 9.61225467676795 13.7215140369978
 165 9.47460738204531 13.8054958705192
 166 9.58511564715231 13.7396621184803
 167 9.64554377695915 13.8245601924819
 168 8.69559384257006 13.7589630718422
 169 8.03257612083714 13.8448654075762
 170 8.87809379880564 13.7796070732463
 171 9.46978935579639 13.8666007603361
 172 11.3941969450006 13.801782413149
 173 7.25362324808159 13.8899533507606
 174 8.06612470163094 13.8256749758281
 175 12.0704554456327 13.9151076127788
 176 8.07570983632437 13.8514677170642
 177 9.42004665903298 13.9422447914579
 178 9.33141274019541 13.8793401411573
 179 8.91395299213185 13.9715424201445
 180 9.45765671252756 13.9094677784781
 181 9.77196547998957 14.0031737987414
 182 11.7070207001872 13.9420216647585
 183 12.9713779757288 14.0373074743305
 184 13.5072626074316 13.9771678233354
 185 10.8359060870517 14.0741067253558
 186 11.6954625812347 14.0150667515644
 187 12.6801246658468 14.1137290505863
 188 14.05052400709 14.055872912622
 189 16.2699603649968 14.1563256640758
 190 13.6968649366835 14.0997342339137
 191 15.8908137886221 14.2020409973351
 192 16.7145383667025 14.1467916132996
 193 19.7664240629263 14.2510122099262
 194 19.9607513409534 14.1971784343438
 195 18.4028759737976 14.303368709678
 196 19.5471007965452 14.251020091783
 197 17.5405528066074 14.3592316837151
 198 18.6296775733718 14.3084335283962
 199 18.7641425230752 14.4187136414729
 200 21.4665451974856 14.3695267844431
 201 23.9060992453342 14.4819179708581
 202 22.9902098488386 14.4343985608211
 203 24.6526335820295 14.5489385086939
 204 22.8673694632294 14.5031377970656
 205 24.8059317026783 14.6198591265645
 206 21.6007258948124 14.5758232653012
 207 22.0414689050362 14.6947533331509
 208 24.6584742535628 14.6525231812184
 209 21.6686044023417 14.7736838941212
 210 23.6053627010252 14.7332948331251
 211 21.5925290917585 14.8567024706078
 212 25.5464944782799 14.8181842300905
 213 22.9165710420354 14.9438492772717
 214 23.3637671484993 14.9072257701617
 215 23.156235759915 15.0351527609185
 216 24.9428470555354 15.0004419296018
 217 22.0041334397841 15.1306293005924
 218 22.8872706670996 15.0978429740534
 219 21.6516867690573 15.2302829300354
 220 20.8064190725022 15.1994266924964
 221 23.2365561493338 15.3341050833552
 222 22.3493947856951 15.3051781548185
 223 21.9445205502624 15.442074364702
 224 22.5115033336629 15.4150694937794
 225 20.3674934289451 15.5541563427075
 226 20.7734770514039 15.5290597120933
 227 22.0635351181829 15.6703033703889
 228 23.3204920399877 15.6470945153119
 229 21.2195288089297 15.790454431174
 230 19.5495999031411 15.7691061711357
 231 19.3386455988057 15.9145350116474
 232 21.751464620328 15.8950133957263
 233 21.2799556014602 16.0424570015662
 234 21.6195074167699 16.024721267543
 235 20.8928181241433 16.1741186216367
 236 20.4613590864382 16.1581211691644
 237 22.4268801082189 16.309404379489
 238 18.4301287465237 16.2950907575041
 239 19.6729878362304 16.4481850542242
 240 18.7558417835214 16.435493962766
 241 18.0035019664117 16.5903177098542
 242 19.2977620245736 16.579181016428
 243 20.6067247662365 16.7356457378894
 244 19.4179841227391 16.72598850848
 245 23.3234645913812 16.8839989292712
 246 18.8657298892398 16.8757394740809
 247 19.9728739193392 17.0351935757827
 248 22.790859982103 17.0282435097379
 249 21.1281624733055 17.1890326010082
 250 20.363956668728 17.183296919046
 251 23.0791165078917 17.3453057208489
 252 24.4163607552041 17.3406828879639
 253 24.3767458410212 17.5037896335391
 254 21.3907024742068 17.5001716895383
 255 22.4541253271761 17.6642482390415
 256 24.6267384660553 17.6615209179241
 257 25.2083554161299 17.8264328876388
 258 25.7015480079159 17.8244757514836
 259 27.0466160354039 17.9900826574724
 260 27.3001204000248 17.9887692446865
 261 27.7290541289304 18.1549246607162
 262 25.79119519969 18.154122648464
 263 24.1411249463656 18.3206743780103
 264 25.1605687119304 18.3202457586125
 265 26.0262783856594 18.4870360207162
 266 25.9378371058518 18.486837291776
 267 28.5668243171945 18.6537029204925
 268 28.0518068744681 18.6535852884755
 269 25.162723141141 18.8203579456286
 270 26.4113864306372 18.8201675425929
 271 25.2101883388421 18.9866739435135
 272 25.2066354727712 18.9862520566564
 273 25.8387241033886 19.1523142085579
 274 24.0548690207299 19.1514975222151
 275 27.2169172606169 19.3169329748262
 276 24.7269445709507 19.3155538245331
 277 24.5047257123904 19.4801759325835
 278 25.7774181869737 19.4780625707773
 279 25.6582832796767 19.6416807679005
 280 21.9782333853129 19.6386576408174
 281 20.3486510251869 19.8010777244105
 282 20.2576916249816 19.7969657597028
 283 20.8700688717794 19.9579901862575
 284 19.97433136364 19.952607090833
 285 19.2502800029532 20.1120352812238
 286 18.4738629899061 20.1051958487837
 287 18.3796691134336 20.2628245029793
 288 19.8098039145748 20.254340930706
 289 19.2875328138007 20.4099643513446
 290 19.4418907573022 20.3996465651715
 291 15.0029673570486 20.5530569894182
 292 13.9071593975235 20.5407129772903
 293 17.0774065470301 20.691700916376
 294 13.66445133932 20.6771370688889
 295 15.7046614099969 20.8254916547096
 296 12.0419520951837 20.8085131124982
 297 12.3449629661045 20.9540224506346
 298 15.4413401902881 20.9344334578628
 299 13.5144041192875 21.0768849863641
 300 10.4404052758961 21.0544892496527
 301 12.9231626797563 21.1936701029124
 302 12.0566161924841 21.1682711550242
 303 10.7202481185597 21.3039685320616
 304 12.5012032381527 21.2753700996524
 305 13.5086814084364 21.4073716361002
 306 13.3923604995019 21.3753780108305
 307 11.7175198129231 21.5034721539172
 308 11.0563175958918 21.4678885662086
 309 11.1265735604635 21.5918649520166
 310 11.1934628226329 21.5524979467282
 311 13.9757130344767 21.6721477789953
 312 13.3765843627126 21.6288055922876
 313 14.4104567528521 21.7439220220192
 314 11.7578950608279 21.6964149586662
 315 13.2518399256413 21.8067934638133
 316 11.0584016691928 21.75493427422
 317 13.5836831385372 21.8603730386791
 318 16.5037493792402 21.8039772948572
 319 15.2826531617113 21.9042775860437
 320 16.3512254330027 21.8431640557976
 321 15.8578182222913 21.9381306000443
 322 13.6848325874361 21.8721216186193
 323 16.0401571896596 21.961562973652
 324 18.6449917560806 21.8904848120983
 325 16.8528690642807 21.9742137358428
 326 19.5233607106627 21.897896965352
 327 19.2478544289622 21.9757307803321
 328 15.6162679647095 21.8940106318085
 329 16.4223713482137 21.9657715843982
 330 18.4993915788025 21.8784883025315
 331 18.1952771364763 21.944003916334
 332 16.706450784912 21.8510031074513
 333 20.8469734429144 21.9101065300835
 334 19.2957000041632 21.8112395030645
 335 17.1246075358035 21.8637698456398
 336 20.0898243339724 21.7588939451926
 337 17.9818670959891 21.8046966138018
 338 18.522973457312 21.6936755454085
 339 18.2176583113441 21.7326025639162
 340 21.3893945508867 21.6153067097709
 341 20.4236278987315 21.6472170332576
 342 18.4381178175766 21.5235237585366
 343 21.8092429254389 21.5482835767322
 344 18.060265365637 21.4180775255509
 345 20.7460703432265 21.4355605556257
 346 19.2782569214275 21.2987339360577
 347 20.1720995408109 21.308821704153
 348 20.4205766113412 21.1652745617038
 349 19.0659530674927 21.1678566726065
 350 16.9403744083794 21.0174971515578
 351 17.5401867877482 21.0124715459446
 352 20.7459105098403 20.8552161380063
 353 19.6892267897825 20.8424893367066
 354 17.6827578394473 20.6782631164368
 355 18.8955874421012 20.6577504511854
 356 18.0224310632916 20.4864872976645
 357 15.9865624743012 20.4581131278449
 358 19.4663767851026 20.2797559321154
 359 16.0768303805909 20.2434538470151
 360 16.8853494336497 20.0579547048255
 361 20.4108662652659 20.0136677109584
 362 17.9146572311512 19.8209881003771
 363 17.5637609379155 19.7686687934516
 364 16.8518149008228 19.5687797369478
 365 19.2353317139178 19.5083904580913
 366 20.5871265491393 19.3012726687067
 367 21.6499750857566 19.2327856445871
 368 18.2309593075503 19.018429655856
 369 20.0224927360081 18.9418271223713
 370 23.0401658532362 18.7202334016754
 371 19.875353924761 18.6355077109149
 372 20.4892690699363 18.4066867559941
 373 22.4751691196995 18.3138404662076
 374 21.706441247014 18.077812884578
 375 22.5087122263361 17.9768588329217
 376 25.4381660216526 17.7336554039885
 377 22.4398297006506 17.6246167618501
 378 26.9490512264215 17.374278481535
 379 26.4475596889858 17.2571887922758
 380 27.3548133791389 16.9997669000126
 381 26.78064121403 16.8746700989976
 382 28.2382892817619 16.6102260869868
 383 27.2452135885387 16.4771765038095
 384 30.1495779313117 16.2057821084552
 385 32.2954018364917 16.0648444512985
 386 30.5251055037028 15.7865816267866
 387 29.6448938979252 15.6378309488971
 388 33.4477636379581 15.3527918229113
 389 31.057881049966 15.1963134711985
 390 35.8283981993699 14.9046002828032
 391 34.2589741164772 14.740489828612
 392 37.0932625752104 14.4422148483671
 393 37.6280813469101 14.2705780005066
 394 38.3612804427553 13.9658634329171
 395 38.0953044490316 13.7868159330636
 396 37.1322680241085 13.4757938014984
 397 35.6339168464441 13.2894613021259
 398 40.2580777247864 12.9722733163774
 399 37.9205389446333 12.778791241404
 400 39.9612953140914 12.4555886480939
 401 38.7840905641705 12.2551020364662
 402 37.9581548858519 11.9260454525373
 403 36.8347548793432 11.7187087850094
 404 39.5810906253634 11.3839680145764
 405 38.4898646837938 11.1699450239725
 406 37.3993747199805 10.8296988588388
 407 40.487420978232 10.6091623241231
 408 36.9827109760051 10.263598328302
 409 39.8482825765103 10.0367298528096
 410 37.4832008521376 9.68604413142172
 411 41.620039788811 9.45303390563785
 412 39.6907910224174 9.09743085858542
 413 37.7445780697449 8.85847740788904
 414 37.4208615056897 8.49816946874081
 415 39.8067014484144 8.25347938656029
 416 36.6289998096215 7.88868674710748
 417 39.5684332353285 7.63847441396352
 418 40.9468642697224 7.26942473493773
 419 36.5645840567067 7.01391202387762
 420 37.3717713459455 6.64084013234793
 421 37.3869823057256 6.38025610130168
 422 36.3994080219291 6.00340367529497
 423 39.3095124789142 5.7379842469099
 424 35.7630668904601 5.35759948782364
 425 36.0847414944949 5.08758711735866
 426 35.9894748504262 4.70392441075941
 427 37.7776310143035 4.42956774264355
 428 38.9663999640422 4.04288730806742
 429 40.7529228051015 3.76444082174966
 430 38.399923682611 3.37500835214238
 431 38.5668752080798 3.0927319978806
 432 36.550570471927 2.70081828933529
 433 38.6020573215766 2.41497711459169
 434 39.1268167573287 2.02085768706128
 435 41.8683132788972 1.7317214541901
 436 37.893206797806 1.33567616386863
 437 42.5749552385472 1.04351895979843
 438 41.6673101160405 0.645831603881935
 439 39.4578871044166 0.350931442510337
 440 44.320745894241 -0.0481106429377826
 441 44.1724537913483 -0.345472224905406
 442 41.007287164003 -0.745578573246348
 443 41.757166126045 -1.04511692627018
 444 42.2110561534775 -1.44599435398937
 445 45.3710530006511 -1.74742213072585
 446 43.6187729855867 -2.14877515578052
 447 44.6041802834832 -2.45180273040643
 448 46.116376166504 -2.85333399445309
 449 48.8364893421403 -3.15766988551158
 450 44.8589616763495 -3.55908057923841
 451 48.1121158991528 -3.8644318752292
 452 48.5630925893322 -4.26542216601327
 453 49.4257518004708 -4.57149495294521
 454 50.801958746515 -4.97176441405063
 455 51.1476393124662 -5.27826420417159
 456 48.9351913218339 -5.67751224470295
 457 49.5552859565988 -5.98414440562123
 458 49.9291946950523 -6.38207070044612
 459 47.9979154181148 -6.68854088385757
 460 49.024619153322 -7.08484580271327
 461 47.8064872213146 -7.39086037195077
 462 47.068551974839 -7.7852454069531
 463 49.3851047782237 -8.09051186257844
 464 47.8494504293167 -8.48268005335525
 465 46.8804118057299 -8.7869074560188
 466 48.5847447636996 -9.1765638116964
 467 48.251380512029 -9.47946320149683
 468 49.0053671121142 -9.86631511877581
 469 49.0193385268169 -10.1675999303605
 470 46.1791359577975 -10.551357606926
 471 47.5015026113869 -10.850744079583
 472 42.5738201318458 -11.2311209221057
 473 43.4289078156076 -11.5283285041084
 474 41.1163346460463 -11.9050415301045
 475 39.9320756426297 -12.1997932765864
 476 40.7983183409678 -12.5725635094184
 477 40.284773581933 -12.8645864730646
 478 39.1337054608615 -13.2331393293812
 479 35.878433689049 -13.5221649432441
 480 31.8363821321387 -13.8862306121717
 481 30.1441101852426 -14.1719950639338
 482 31.3503375601261 -14.5313088773521
 483 27.106686504442 -14.8135534743762
 484 23.7675087998708 -15.1678562676295
 485 24.1354047208644 -15.4463277921584
 486 21.8319288904036 -15.7953662545743
 487 17.3081536902709 -16.0698173084626
 488 18.1963931859779 -16.413344323071
 489 16.1281840677326 -16.6835336614547
 490 9.01049069209504 -17.0213086333246
 491 8.30684172678184 -17.2870014866561
 492 3.63428752108606 -17.6187906592913
 493 0.222256949539673 -17.8797590431941
 494 -4.66137811762076 -18.2053358024538
 495 -6.94228505617749 -18.4613588148767
 496 -8.09595143588282 -18.7805039799129
 497 -16.2999331340365 -19.0313680850886
 498 -18.4289367270428 -19.3438701858217
 499 -22.571851797448 -19.5893694845652
 500 -24.9894494083144 -19.8950250252446
 501 -32.021020549494 -20.1349615111524
 502 -35.8909564922137 -20.4335752195799
 503 -40.9567170588411 -20.6677590207239
 504 -44.2057965560382 -20.9591440827463
 505 -52.1704244479447 -21.1873936884827
 506 -56.6189967784685 -21.4713719673925
 507 -63.4713704156351 -21.6935144399404
 508 -68.298243631456 -21.9699166804518
 509 -72.9457720814902 -22.1857878509251
 510 -75.6978070850252 -22.4544538674267
 511 -82.0346214241656 -22.6638985160368
 512 -85.146629512481 -22.9246773648544
 513 -91.7635473305286 -23.1275493850322
 514 -92.6419436415992 -23.3802995204659
 515 -95.5021444068071 -23.5764620666859
 516 -103.590679748164 -23.8210514806219
 517 -106.021680532704 -24.0103770997435
 518 -107.307038006925 -24.2466834446714
 519 -109.369816170747 -24.4290541906462
 520 -111.321843745708 -24.6569648859485
 521 -115.258683595274 -24.8322724177766
 522 -116.367747179943 -25.0516847391897
 523 -119.7228823282 -25.2198304020416
 524 -118.345940274113 -25.4306515542213
 525 -118.719677916753 -25.5915464436749
 526 -122.500091291453 -25.7936936158341
 527 -121.341451598283 -25.9472586252121
 528 -121.888570292827 -26.1406590298323
 529 -123.46776244914 -26.2868248806567
 530 -122.287931224971 -26.4714157753061
 531 -123.870330544805 -26.6101230309224
 532 -124.68232524636 -26.785851723251
 533 -120.392336080825 -26.9170507857052
 534 -119.308650462889 -27.0838746217165
 535 -121.464928743186 -27.2075257120043
 536 -119.036934672227 -27.3654120477381
 537 -121.018409159096 -27.481485169575
 538 -119.977023627796 -27.6304113263676
 539 -116.164571091782 -27.7388862136623
 540 -117.335745737341 -27.8788394171821
 541 -116.513565498853 -27.9797054654284
 542 -112.568697279059 -28.1106827687163
 543 -111.398833110219 -28.2039389505459
 544 -110.132933943424 -28.3259471413207
 545 -110.156307649045 -28.4116019064936
 546 -110.728787584267 -28.524657399012
 547 -107.995661087793 -28.6027285591487
 548 -109.862349011411 -28.7068572709393
 549 -106.48038955381 -28.7773718693276
 550 -106.836197066386 -28.8726090831456
 551 -103.454673962179 -28.9356032499837
 552 -103.534238397665 -29.0219934613626
 553 -101.098872169194 -29.0775122548265
 554 -100.618303880709 -29.1551090056267
 555 -101.680227701279 -29.2032062391761
 556 -100.987085001526 -29.2720719375584
 557 -96.5031893655285 -29.3128099939201
 558 -98.6618296127194 -29.3730157211952
 559 -97.2566525454244 -29.4064653534881
 560 -91.4600481817713 -29.4580906583166
 561 -91.2910214961145 -29.4843307788033
 562 -90.4749639923547 -29.5274634592437
 563 -88.6859057973511 -29.5465809162168
 564 -90.2710187110493 -29.5813167901401
 565 -86.107775985868 -29.5934061334714
 566 -85.0537564040044 -29.6198487978791
 567 -86.097385482889 -29.6250120337789
 568 -82.4076537854683 -29.6432726135824
 569 -83.0728381358654 -29.6416189491347
 570 -79.7605793558899 -29.6518158359691
 571 -81.1309953981261 -29.6434614140237
 572 -76.1553031104375 -29.6457199956861
 573 -75.5077995570381 -29.6307876207062
 574 -73.4857374785302 -29.6252400018233
 575 -72.133501921908 -29.6038588572981
 576 -73.6457715767154 -29.5906435718403
 577 -68.9643345786418 -29.5629489298877
 578 -71.5196222855135 -29.5422106461597
 579 -69.1861220360628 -29.5083435699531
 580 -67.1719054661908 -29.4802327887005
 581 -67.8598789480787 -29.4403398283643
 582 -62.280294797833 -29.4050125746455
 583 -62.7856282610139 -29.3592454572716
 584 -64.3913394704836 -29.3168629667508
 585 -60.6367755281572 -29.265378281196
 586 -60.722120022301 -29.21610668152
 587 -57.2661468568358 -29.1590655586491
 588 -58.363880699095 -29.1030755465749
 589 -56.3538381786082 -29.0406433356168
 590 -56.0814842710002 -28.9781098505591
 591 -57.1052046024035 -28.9104557922482
 592 -56.8157978684631 -28.8415576869205
 593 -56.759013103587 -28.768854584094
 594 -54.0165439622463 -28.6937742929121
 595 -53.4833503207138 -28.6161981792345
 596 -55.7950676563234 -28.5351213851554
 597 -52.3606366502847 -28.4528511926401
 598 -50.5747197328835 -28.3659664931023
 599 -51.5367387627843 -28.2791837190943
 600 -51.0282406860146 -28.1866822917238
 601 -52.1673449019623 -28.0955706660053
 602 -50.9140911136539 -27.9976459347449
 603 -50.3783019962305 -27.9023910874175
 604 -52.9753419179365 -27.7992383897296
 605 -52.8796007836841 -27.7000275205201
 606 -48.9372565968142 -27.5918437763062
 607 -49.6843857062325 -27.4888653259327
 608 -51.8268717266721 -27.375848708802
 609 -51.3376167506591 -27.2692920330284
 610 -49.8273120254127 -27.1516416445364
 611 -50.5157393371097 -27.0416966915297
 612 -49.1286750689489 -26.9196122389971
 613 -48.3315935598815 -26.80646923059
 614 -49.7484444352144 -26.6801507090966
 615 -50.4271187275434 -26.5639998265443
 616 -49.3476892130467 -26.4336472056792
 617 -48.0029259567412 -26.3146782804821
 618 -47.2656344167723 -26.1804911964145
 619 -48.227893763113 -26.0588934067638
 620 -45.6051544628311 -25.9210708601826
 621 -45.473389258444 -25.7970324335664
 622 -47.4107818136793 -25.6557724940184
 623 -43.1931282890856 -25.5294804165088
 624 -42.963830249611 -25.3849799336443
 625 -45.1691202902948 -25.2566196663658
 626 -45.0721454138199 -25.109073988583
 627 -43.8435428100652 -24.97882919184
 628 -43.6314030059517 -24.8284318927973
 629 -40.1149937442095 -24.6964841583209
 630 -41.790494322442 -24.5434267717622
 631 -38.6632606286614 -24.4099553635086
 632 -38.1621580212223 -24.2544271268282
 633 -40.9920802605283 -24.1196087307439
 634 -39.1232469799632 -23.9617963376885
 635 -39.4027226511412 -23.8258048208277
 636 -34.2409473912964 -23.6658921837143
 637 -35.6273499657659 -23.5288983630741
 638 -33.9858576947805 -23.3670663848733
 639 -32.8138870854699 -23.2292378062829
 640 -34.8146676695656 -23.0656641628935
 641 -31.1435757776524 -22.9271648902713
 642 -33.5308726257905 -22.7620238232862
 643 -30.225909906843 -22.6230142385503
 644 -29.7033739867702 -22.4564763587861
 645 -30.9832905824907 -22.3171129726775
 646 -29.8968775094175 -22.1493450747143
 647 -27.0289324889142 -22.0097803487647
 648 -27.2417244447951 -21.8409452367149
 649 -27.3503813768536 -21.7013274165647
 650 -27.0038934442323 -21.5315837412619
 651 -24.675332375713 -21.3920567015054
 652 -24.947047728768 -21.2215588092776
 653 -21.1251469115132 -21.082261909984
 654 -22.4250137787907 -20.9111597031461
 655 -21.8127511305225 -20.7722276581795
 656 -21.5178239329217 -20.6006664673542
 657 -19.5140814841464 -20.4622292245851
 658 -22.3970808066821 -20.2903496929306
 659 -19.7593290713704 -20.1525323264052
 660 -22.0801314021743 -19.980470305804
 661 -22.5269571490561 -19.8433929199089
 662 -21.4013437993457 -19.6712793791408
 663 -21.143780208246 -19.5350570247743
 664 -18.323505945193 -19.3630179696705
 665 -19.9356335258123 -19.2277605724036
 666 -21.3381757177108 -19.0559169779532
 667 -17.633142688785 -18.9217292781354
 668 -20.9150217408208 -18.7501970324855
 669 -17.6880676351035 -18.6171785372252
 670 -17.512366535454 -18.4460683974924
 671 -18.5280973126214 -18.3143133444158
 672 -20.1240094817998 -18.1437309041983
 673 -22.5257886663731 -18.0133282368625
 674 -18.0459803406844 -17.8433739053185
 675 -22.4354158798615 -17.7144072601312
 676 -18.3118381464856 -17.5451762524627
 677 -18.9040822004884 -17.4177239569362
 678 -22.5373476258185 -17.2493062960936
 679 -19.3419891024224 -17.1234413782353
 680 -19.5831015961259 -16.9559219076348
 681 -22.5335592581995 -16.8317121162543
 682 -20.1148646454138 -16.6651705232762
 683 -18.3744014430109 -16.5426783589665
 684 -19.3071633460536 -16.3771892089813
 685 -19.1637164758232 -16.2564719655081
 686 -18.3045659935701 -16.0921047461544
 687 -17.2883473654898 -15.9732145619689
 688 -17.1123781939091 -15.8100337373894
 689 -18.4993306789867 -15.6930176569586
 690 -19.3868550826026 -15.5310827316762
 691 -18.7962497308301 -15.4159827763046
 692 -18.6487317474154 -15.2553483684077
 693 -16.6866274749539 -15.1422016162092
 694 -16.1904984501272 -14.982917539492
 695 -16.0089259418657 -14.8717562141492
 696 -14.5866750009618 -14.7138675688405
 697 -18.1074296573302 -14.6047191367768
 698 -18.3254546965977 -14.4482664084727
 699 -17.3844993111354 -14.3411536840445
 700 -12.7584140447325 -14.1861728504467
 701 -14.6770224264024 -14.0811141087505
 702 -12.9390523238675 -13.927636753798
 703 -15.288224493265 -13.8246458506737
 704 -14.6999926867848 -13.6726992856447
 705 -13.5281900634936 -13.5717857844455
 706 -11.6755257417789 -13.4213931755933
 707 -11.7605893008078 -13.3225624802808
 708 -14.3746886717725 -13.1737429825597
 709 -9.37457916829083 -13.0769964766748
 710 -12.0944256990595 -12.9297653731009
 711 -9.85497334495493 -12.8351005641521
 712 -11.1664548049215 -12.6894694103386
 713 -9.64794714772795 -12.5968800791431
 714 -9.56083502842587 -12.4528568525424
 715 -11.474235174669 -12.3623332070485
 716 -10.0517531417004 -12.2199224604279
 717 -12.2846468781159 -12.1314512935448
 718 -8.24601220752865 -11.9906543122194
 719 -12.3387935376191 -11.9042191631746
 720 -8.77401957016414 -11.7650341255188
 721 -10.0575578307315 -11.6806154442642
 722 -11.2919203177419 -11.5430375850207
 723 -11.4349948615845 -11.4606128992048
 724 -14.0515257190866 -11.3246346751104
 725 -11.2932815880421 -11.2441787591374
 726 -13.302446058187 -11.1097900163867
 727 -15.1967480607834 -11.0312750620826
 728 -13.9004404485834 -10.8984632051511
 729 -15.5354496485366 -10.8218589935609
 730 -13.7678286452176 -10.690609154915
 731 -12.9874704484948 -10.6158832287586
 732 -15.7137731718896 -10.486178438982
 733 -14.9900830483999 -10.4132962753029
 734 -14.9312137784762 -10.2851176331769
 735 -19.1921819422357 -10.2140428157223
 736 -15.3263800394768 -10.0873696578027
 737 -17.8666597904421 -10.0180640486816
 738 -19.3260475160476 -9.89287411792428
 739 -17.9668658375734 -9.82529802810059
 740 -21.0484932203973 -9.7015676410958
 741 -19.8793255334681 -9.63567999928019
 742 -22.0933154896597 -9.51338421166657
 743 -23.2865902504761 -9.44914273118314
 744 -22.0567927113329 -9.32825550082336
 745 -23.2387897721142 -9.26561684403889
 746 -20.3058158426727 -9.1461111915506
 747 -21.2947660094858 -9.08503113146616
 748 -23.1936728738771 -8.96687929771546
 749 -21.4109328707006 -8.90731287633385
 750 -21.4444073406596 -8.79048647651225
 751 -22.7894842935721 -8.73238815960926
 752 -24.6021182385082 -8.61685833352995
 753 -24.378814901045 -8.56018216147263
 754 -21.6844278707194 -8.44591971973739
 755 -25.2420604219578 -8.39061945400839
 756 -25.7847989603773 -8.27759501971325
 757 -22.1781787010217 -8.22362428481722
 758 -21.539411539778 -8.11180843048151
 759 -24.5773884520961 -8.05912085092694
 760 -24.0501824315343 -7.94848423034873
 761 -24.3119873872894 -7.8970335624168
 762 -24.1882857287244 -7.78754703717565
 763 -23.6519330098015 -7.73728729520612
 764 -23.4334670062443 -7.62892205555361
 765 -24.4381258981781 -7.57980763249731
 766 -19.4801376701987 -7.47253531239458
 767 -20.3364024872839 -7.42452109440159
 768 -19.4531244313091 -7.31831388048372
 769 -22.2890483013775 -7.27135535531658
 770 -18.4004762127656 -7.16618608958364
 771 -22.2864638848568 -7.12023944866546
 772 -19.4912996914562 -7.01608172472085
 773 -19.3676638261987 -6.97110395864891
 774 -16.9121387042751 -6.86793221132661
 775 -21.1032764873943 -6.82388119870339
 776 -18.5341828946133 -6.721670786947
 777 -18.9868449309687 -6.67850537640172
 778 -20.5045007969394 -6.57723265927948
 779 -16.9300874827508 -6.53491274457482
 780 -17.952115787967 -6.43455515033643
 781 -17.0192954755154 -6.39304173847651
 782 -18.9328075079833 -6.29357782657913
 783 -18.6825768728985 -6.2528330988567
 784 -19.2734913104549 -6.15424261490908
 785 -18.3108144199361 -6.11422998085111
 786 -17.1761232469966 -6.01649390444634
 787 -18.6969910943166 -5.97717804863903
 788 -18.455816056746 -5.8802786340679
 789 -18.5159112228846 -5.84162555586317
 790 -15.2429649423003 -5.74554636572134
 791 -16.5262943253286 -5.70752341184832
 792 -20.285497595154 -5.61224934357152
 793 -16.744946994532 -5.5748252336973
 794 -20.4979916289364 -5.48034253907961
 795 -20.892504317962 -5.44348738438408
 796 -20.6583298617456 -5.34978368215488
 797 -20.3931294620424 -5.31346899700499
 798 -17.5454876487393 -5.22053327855983
 799 -19.1819224786811 -5.18473198538816
 800 -20.8780541430323 -5.09255461378909
 801 -18.0523427821718 -5.05724104130115
 802 -18.49451877777 -4.96581374368046
 803 -18.6648724867704 -4.9309636185341
 804 -21.6429317921716 -4.84027947205456
 805 -20.1073830651584 -4.80586990417302
 806 -20.7396474739691 -4.71592331571546
 807 -20.4454347596946 -4.6819327774134
 808 -22.3114771094899 -4.59271945718005
 809 -21.2809612216142 -4.55912775629892
 810 -23.0473662285176 -4.47064468553743
 811 -21.6589164517502 -4.43743293280305
 812 -22.6991581301741 -4.34967832587235
 813 -21.7308752565804 -4.31682889670299
 814 -18.0536242789147 -4.22980215771724
 815 -21.0916082155237 -4.1972986487256
 816 -20.2680352433475 -4.11100032302712
 817 -18.7038503743261 -4.07882750347345
 818 -19.797913166563 -3.99325922419896
 819 -21.2016793268955 -3.96140298266599
 820 -19.9502764746573 -3.87656741268349
 821 -17.0212505851875 -3.84501469925606
 822 -17.1745192766153 -3.76091546876139
 823 -17.7715314865423 -3.72965423300514
 824 -15.1728206503832 -3.64629587307845
 825 -17.7914903965987 -3.61531499812244
 826 -14.436187531363 -3.53270287055459
 827 -17.4670170843454 -3.50199210359235
 828 -17.2119886445845 -3.42013232730056
 829 -14.6136148785556 -3.38968220683252
 830 -15.8883048282764 -3.30858158119251
 831 -10.5608824874429 -3.27838336134048
 832 -11.9507164737445 -3.19804928676959
 833 -12.7290923576075 -3.16809485900044
 834 -11.6458776048488 -3.08853525513198
 835 -8.68672365406368 -3.05881706773327
 836 -9.1938126434449 -2.98004028952777
 837 -9.08917267722705 -2.9505512651825
 838 -6.75850559480169 -2.87256601732524
 839 -7.71264267447009 -2.84329946913649
 840 -9.03414844036937 -2.76611471907361
 841 -6.29992569665056 -2.73706426539214
 842 -6.84213912282066 -2.66068915535971
 843 -8.69461821940494 -2.63184863376897
 844 -8.58035236319154 -2.55629239217003
 845 -6.97497508682443 -2.5276557729833
 846 -5.77701955863631 -2.45292762546777
 847 -7.21928000008226 -2.42448892509149
 848 -7.73926474152595 -2.35059800569252
 849 -6.9276600582604 -2.32235120020797
 850 -6.45970836106387 -2.24930646288593
 851 -5.65223707339996 -2.22124540219867
 852 -6.38848398057441 -2.1490555331408
 853 -8.05257360580937 -2.12117385604325
 854 -4.43887806502315 -2.04984718706235
 855 -5.5462822153858 -2.02213823755033
 856 -7.22966711538885 -1.95168266092082
 857 -8.03581429052686 -1.92413940609864
 858 -4.65942474581712 -1.85456229116157
 859 -8.45559081752457 -1.82717724106368
 860 -6.04517345377886 -1.75848535292542
 861 -7.47048886261403 -1.73125048257468
 862 -8.11177805160907 -1.66344990321524
 863 -9.16630992521069 -1.63635657722921
 864 -7.0119351845709 -1.56945262932735
 865 -7.48757836358065 -1.54249152937441
 866 -7.79175598649176 -1.47648870314633
 867 -7.95644811651626 -1.44964975854277
 868 -7.78926458074507 -1.3845516418806
 869 -12.0126689183761 -1.35782396360862
 870 -10.8640238860482 -1.29363317579274
 871 -9.3013369760277 -1.26700499420716
 872 -8.28316341715081 -1.2037231234541
 873 -8.76851456155043 -1.17718172993246
 874 -12.8665718973223 -1.11480927502679
 875 -12.8545510795301 -1.08834096780412
 876 -11.3993800331636 -1.02687728404869
 877 -12.6259921759261 -1.00046731846359
 878 -13.2563005025393 -0.939910568167692
 879 -9.76422563874009 -0.913543111531652
 880 -12.691019084703 -0.853890219241601
 881 -12.9975340407643 -0.82754831052751
 882 -12.872729778831 -0.768794923187871
 883 -10.1841290050902 -0.742460437717853
 884 -12.1532523670878 -0.684600889935437
 885 -10.2251349926668 -0.658254509231107
 886 -10.2682036666873 -0.601281793796669
 887 -7.25731061251228 -0.574902980737937
 888 -7.44616288304576 -0.518808724543153
 889 -7.06883923222874 -0.492375703964047
 890 -5.33318641672259 -0.437150149433615
 891 -7.98410199163697 -0.410639894265557
 892 -7.57481159840044 -0.356271886406068
 893 -8.10231149675171 -0.329660109460789
 894 -6.73307946555013 -0.276137088609586
 895 -3.12895159218115 -0.249398240075323
 896 -4.42039487497278 -0.19670624041385
 897 -3.39260990559936 -0.169813511119616
 898 -6.10149602661061 -0.117937164996926
 899 -3.11212573957818 -0.0908624954807387
 900 -1.00437064335155 -0.0397850435737945
 901 -2.02639946713001 -0.0124991389716893
 902 -2.4215779078897 0.037797553710031
 903 -0.409710418560593 0.0653252029565055
 904 -2.84459523615061 0.114860625233672
 905 -0.761296018547561 0.142661716872941
 906 1.97638014521517 0.191456683757031
 907 -0.132549890730587 0.219564071466402
 908 -2.20420864489639 0.267640690768034
 909 1.83250451917324 0.296088346195541
 910 1.92964992910449 0.343469979449209
 911 0.2473123114814 0.372292948636587
 912 -0.275099535853458 0.419004166429038
 913 1.40799911782558 0.448238520712829
 914 1.53843237333325 0.494305052520958
 915 2.47753726930418 0.523987834026791
 916 0.177359578996219 0.569436512689052
 917 0.941709600917239 0.599605674552446
 918 -1.92282638029945 0.644464375515616
 919 2.5884121933496 0.675158716980121
 920 0.649127165757642 0.71945629248075
 921 2.08715262384307 0.750715389041555
 922 -0.538336537911448 0.7944815973984
 923 0.156789750638609 0.826345726176288
 924 -0.34078079477556 0.869611156386606
 925 -3.67323687879779 0.902121216933427
 926 -3.52054079516411 0.944917208781938
 927 -2.40998196756959 0.978114639534417
 928 -3.34149202944743 1.02047319943922
 929 -1.81892564466942 1.05439989005309
 930 -5.18663593773957 1.09635360288754
 931 -3.91130477769029 1.13105180269835
 932 -3.0373516993641 1.17263373984208
 933 -4.31624120639185 1.20814596271289
 934 -2.52873916901883 1.2493895865985
 935 -3.58577394714996 1.28575851242766
 936 -6.6143220507776 1.32669757786234
 937 -5.77501553341552 1.36396595103678
 938 -4.74684249245605 1.40463440358994
 939 -3.47782894833131 1.44284492868097
 940 -5.65786687638169 1.48327680044006
 941 -5.5106076530369 1.52247203544925
 942 -5.47383579756012 1.56270133845614
 943 -5.43091546181537 1.6029235859286
 944 -7.14143780245118 1.64298420361817
 945 -4.31695435179936 1.68427539994949
 946 -4.20564038143507 1.72420097692068
 947 -5.74399635606218 1.76660258019165
 948 -6.12919410403206 1.80642641064847
 949 -3.75161162949597 1.84997928732879
 950 -7.68705800330334 1.88973420253544
 951 -4.86370126355219 1.93447851340369
 952 -7.29721579009477 1.97419676850349
 953 -5.67173259886611 2.02017185413552
 954 -3.459747212258 2.05988501468796
 955 -4.45722293858614 2.10712928087006
 956 -7.06204426136255 2.14686810946358
 957 -2.04167529821685 2.19541891288984
 958 -1.70152366633232 2.23521325619085
 959 -4.46450640942359 2.28510679080586
 960 -1.64105395796098 2.32498546740564
 961 -4.73136790105437 2.37625665175506
 962 -3.35901750966258 2.41624734117677
 963 -3.45243674426167 2.46892970712781
 964 -2.01243263037698 2.50905884035537
 965 -4.63447558071476 2.56318442354835
 966 -1.8660691639441 2.60347707543698
 967 -1.27561567654534 2.65907630782678
 968 -1.10934980541615 2.69955609175269
 969 -2.62353319707626 2.75665769659597
 970 -4.65000087594742 2.79734666169847
 971 -1.22187494784354 2.85597755133785
 972 -0.398601286025082 2.89689608270303
 973 -5.21421666156472 2.95708125949456
 974 -2.84343447709818 2.9982479816231
 975 -3.81683473098703 3.06001044234668
 976 -1.84349830262402 3.10144212624233
 977 -2.59350188033977 3.16480277032781
 978 -2.06150263466066 3.2065142445346
 979 -6.15850878754905 3.27149178642745
 980 -6.32839143345603 3.31349585233545
 981 -5.5592847883449 3.38010673831729
 982 -6.67849001166135 3.42241409004649
 983 -8.22511417213554 3.4906724198149
 984 -8.48184698181859 3.53329156897657
 985 -6.77678330218164 3.60320902227784
 986 -10.38399837098 3.64614622790079
 987 -8.26877352231456 3.71773199649711
 988 -10.1404661461897 3.76099120039388
 989 -11.3563514154215 3.83425192563363
 990 -9.04096788671557 3.87783469346837
 991 -12.1935593680253 3.95277440971415
 992 -10.9684292068514 3.99667987801983
 993 -11.5467703435164 4.07329996217471
 994 -15.3650299260717 4.1175247915521
 995 -16.2840794409538 4.19582391890896
 996 -15.1212197317314 4.2403622536245
 997 -17.1880797824074 4.32033636024734
 998 -15.0398009662361 4.36517979443029
 999 -17.6631467192256 4.44682204625967
 1000 -15.8071370483206 4.49195959688215
 1001 -15.5208382868479 4.57526036573964
 1002 -19.6532545428147 4.62067845254525
 1003 -19.3234290180793 4.70562529919347
 1004 -15.7579325043055 4.751307731722
 1005 -18.9684045233331 4.83788539611876
 1006 -18.8479059160254 4.88381336795575
 1007 -20.2045102788732 4.97200376682117
 1008 -17.4302623061514 5.01815585718181
 1009 -19.2312167659557 5.10793808897835
 1010 -18.118143029086 5.15429027171523
 1011 -19.8264490322538 5.24564062912027
 1012 -18.2919408717862 5.29216628922479
 1013 -19.5146698535971 5.38505827915515
 1014 -19.5418157892244 5.43172823680166
 1015 -19.9933682970908 5.52613260802911
 1016 -18.2297603581293 5.57291515019025
 1017 -19.1843573128196 5.66879992856594
 1018 -17.9145945766907 5.71566084820666
 1019 -14.6423037266961 5.81299137949141
 1020 -14.4867473065836 5.8598940223282
 1021 -16.7552565663985 5.95863302260467
 1022 -13.2633630080825 6.00553834139497
 