0 29.1217240277696
1 429.976988537346
2 192.802139242525
3 163.280000435725
4 143.967067960616
5 135.107018759428
6 31.1153912274977
7 36.9197787913292
8 14.4213865659348
9 31.8212713180186
10 6.53025954055094
11 13.8272254597205
12 3.07501938622074
13 6.31010539590821
14 1.27159877643205
15 3.63817910261637
16 5.88576697690579
17 2.1026451630438
18 0.177473473801324
19 1.0821940742272
20 0.082573142269353
21 0.687840874064319
22 0.0811705610134519
23 0.44114776433091
24 0.0356092233329374
25 0.253435079208246
26 0.0153710722037886
27 0.219438538457802
28 0.0379470447062807
29 0.113833329962943
30 0.0490652979634713
31 0.113584448484797
32 0.0641669963627173
33 0.107455733544765
34 0.0227282951930927
35 0.0726496600580764
36 0.0731837379572742
37 0.0670466844241341
38 0.025399925731082
39 0.0394810060103143
40 0.0241796440602538
41 0.0190652341821941
42 0.0487627167258893
43 0.0236432022281507
44 0.0311700403451396
45 0.0567451483678853
46 0.0244248424234327
47 0.0122681472463457
48 0.0507150686377399
49 0.0183363310674948
50 0.0177843391442174
51 0.0172425800161352
52 0.0268943726105174
53 0.0304975631345382
54 0.0158985682410472
55 0.0494350859078959
56 0.00258108509358798
57 0.0308461538912299
58 0.0268223619993463
59 0.0318278270598849
60 0.0416630834359959
61 0.00888168112054265
62 0.00877139503847575
63 0.0162872125730455
64 0.018538116348617
65 0.0115263808740602
66 0.0339636868102162
67 0.006932319299742
68 0.0286333489392866
69 0.00373797835094406
70 0.00765873731585339
71 0.00618135460330023
72 0.014988140817074
73 0.0137181996720222
74 0.0222923568650519
75 0.0128941854170689
76 0.0253243937376755
77 0.0186801884846307
78 0.00239362154824716
79 0.00561456410748455
80 0.00517892992168497
81 0.00219114322440774
82 0.0108087267350448
83 0.000321690196703504
84 0.0132882710545112
85 0.00288029040219251
86 0.0250507002357549
87 0.0129212770507253
88 0.0162014679387431
89 0.00364964513242217
90 0.00405915594330052
91 0.0165110199767182
92 0.00684612016886177
93 0.00875992073713488
94 0.00652509233441352
95 0.000427692349356136
96 0.0234316898708667
97 0.012782420389167
98 0.000572962326337265
99 0.00612586789367053
100 0.00314448518633885
101 0.00743281495667579
102 0.00384207770029708
103 0.00864803240747633
104 0.00692960104959648
105 0.000384535377593204
106 0.00535882630873599
107 0.00517435738101719
108 0.0288150742804675
109 0.0017731489365245
110 0.00553915197934917
111 0.0178382375320341
112 0.00762040375617116
113 0.00264200947072513
114 0.00703311720523436
115 0.00780397737334886
116 0.00942191438172581
117 0.016162097133463
118 0.0225512184869277
119 0.013986825234475
120 0.00660650916359908
121 0.00617086262394545
122 0.0196022893713118
123 0.00942963243986156
124 0.00195251964211927
125 0.00655628779204139
126 0.011564373500546
127 0.0274298132588878
128 0.00182612557989322
129 0.011103502652584
130 0.0034956347456414
131 0.00246313781014273
132 0.00612715604119685
133 0.000117801287053649
134 0.00230218271354783
135 0.00542412081096215
136 0.0146977835760915
137 0.000851889011472156
138 0.00490559267915791
139 0.0155831846845131
140 0.0110060613800715
141 0.00237641138678673
142 0.0248033415883698
143 0.00904895629865579
144 0.0014955306840221
145 0.0190947019769298
146 0.00212315820415315
147 0.00266617236577202
148 0.0168112336003213
149 0.0101543916845531
150 0.00254049734657107
151 0.0121554884095699
152 0.0199483137507019
153 0.00929075218915095
154 0.0124201245087732
155 0.00790665359779756
156 0.0017683945731812
157 0.004212238750397
158 0.0193903574414641
159 0.00333067109638753
160 0.00327747331658587
161 0.00129377189692732
162 0.00442131350016144
163 0.00291971930847734
164 0.000982141681455719
165 0.0010978234034157
166 0.0140694113245791
167 0.0118985971848791
168 0.0150710427311612
169 0.0013282828472725
170 0.00461940466852125
171 0.000247805515023923
172 0.00104631337379797
173 0.00281080667729728
174 0.0191671888737905
175 0.004863883958028
176 0.000676655579313308
177 0.00204860406250067
178 0.0133971880996071
179 0.00467982685032854
180 0.00918559631336793
181 0.00952672688041119
182 0.00445231953385994
183 0.00364875418043505
184 0.00154444183116699
185 0.00574698202685153
186 0.00686440916685706
187 0.0125934588135909
188 0.00209340311193004
189 0.00600429462892347
190 0.00385593245345201
191 0.000153639677374929
192 0.00557336768966492
193 0.00028257930485219
194 0.000849305752411319
195 0.00293063429085575
196 0.00627605203236359
197 0.0021708310056439
198 0.00196783378468652
199 0.0111532361822462
200 0.00400262940339702
201 0.00142521718929898
202 0.00248394994212007
203 0.0030257771116531
204 0.00998536621497987
205 0.00083571194902316
206 0.00199582624365334
207 0.00441526563303698
208 0.00150253696068358
209 7.88206395985376e-05
210 0.0023877270278187
211 0.0125707190935736
212 0.00483548632192175
213 0.0171408342688153
214 0.00708668278184396
215 0.00394169794799862
216 0.0026344902356109
217 0.00397017152105216
218 0.0023180277151874
219 0.00192042342063977
220 0.00769527047262601
221 0.00615824768744989
222 0.00605940853562801
223 0.00625360207184519
224 0.00049932956421403
225 0.00476560582199465
226 0.00610319846856253
227 0.000795514990659202
228 0.00234633443784966
229 0.0012544199429568
230 0.0146464923226411
231 0.00764034646950671
232 0.000119729854916719
233 0.00559710123800846
234 0.00182869276174987
235 0.00981121874048822
236 0.00161099500242365
237 6.52689383899605e-05
238 0.0033128408393565
239 0.00253029473455529
240 0.00954588372722121
241 0.000153301455958983
242 0.0117809737141491
243 4.65868936004712e-05
244 0.000596560345397103
245 0.00951432164767536
246 0.000286874053602916
247 0.013694809236382
248 0.00185272694711894
249 0.00590753490741021
250 0.0028064215785273
251 0.000265407791236197
252 0.0248695394977355
253 0.0103116637491941
254 0.000889321067705657
255 0.00524472461707632
256 0.00117889634524864
257 0.0049594169949767
258 0.00404088141663853
259 0.000206184227787027
260 0.000206813156526961
261 0.0143417170814959
262 0.00194092384339561
263 4.87418885819047e-05
264 0.00644701247839838
265 0.00211421479852658
266 0.00501323163350095
267 0.000268517403089745
268 0.000350073144712322
269 0.00484421594038963
270 0.000680889213904962
271 0.00041421722462056
272 0.000462309073539822
273 0.0169328175485204
274 0.000567900451858812
275 0.00317370364212274
276 0.00291342752566006
277 0.00541330926928145
278 0.0220635972951661
279 0.00104514309019663
280 0.00496316228928211
281 0.00602459723577094
282 0.00651138603335277
283 0.00676345521419115
284 0.0117102531284339
285 0.000225618575120552
286 0.00760771062633739
287 0.00348648048314133
288 0.00109652845519949
289 0.00068539185307029
290 0.00845299477843746
291 0.00105705770740776
292 0.000380797320839651
293 0.000380243758554142
294 0.000365984407842858
295 0.000796233984451847
296 0.00169492361736686
297 0.00126495466822891
298 0.000165794946234293
299 0.00309928025176771
300 0.00429283961294516
301 0.00420936610112901
302 0.010159666788907
303 0.00113895383544564
304 0.00872293736433415
305 0.00142540146455079
306 0.0133404029739046
307 0.00470212806282821
308 0.00130422599671432
309 0.0112842566831239
310 0.000838700741627619
311 0.00259036864493384
312 0.000924577148907141
313 0.000595568972361
314 0.00145692809016749
315 0.00186775893810063
316 0.0139146025365669
317 0.0206276935149099
318 0.00144704229101444
319 0.000289580411817311
320 0.000714438020870436
321 0.00144322232434007
322 0.00931426935985485
323 0.000873863219360054
324 0.000559597546756469
325 0.000484917536827114
326 0.00764170206004368
327 0.00478141210383839
328 0.00598285914960358
329 0.00238349236891182
330 0.0183132370412564
331 0.00210442412680018
332 0.00212559527376256
333 0.00768886916335149
334 0.00381930027373003
335 0.00650176324514233
336 0.00979675665094694
337 0.00646229872423022
338 0.00685829323938063
339 0.00149570373495289
340 0.000582661915355145
341 0.0037734625214723
342 0.000367059966050712
343 0.0195517951757758
344 0.00603554364378879
345 0.00178012026159887
346 0.00634969967034533
347 0.00874421282120475
348 0.00102695348592908
349 0.00858534657218506
350 0.00918374258665841
351 0.00967876581956418
352 0.009944767158927
353 0.0060998592148929
354 0.000863529252842912
355 0.00293958535376444
356 0.000559608047958922
357 0.00337890880516471
358 7.72417479146171e-05
359 0.0030129802434434
360 0.00678405988507836
361 0.0122298676199656
362 0.00542649954519142
363 0.00992315607938037
364 0.00152921432564821
365 0.005257987826943
366 0.00571470708924979
367 0.00526297892062845
368 0.0124658404894253
369 0.00416734298847936
370 0.0023645910250426
371 0.00347093784839391
372 0.00346557852586007
373 0.000989522889173029
374 0.00984485144965349
375 0.000528800776124726
376 0.00302189426234905
377 0.00956058662458791
378 0.0012250589845017
379 0.0190406289850256
380 0.00837484450775837
381 0.00250349930939407
382 0.00289926048772596
383 0.00595488383797184
384 0.00273237143789641
385 0.00153260146926772
386 0.00801879202904853
387 0.00111665362829926
388 0.00801719896764453
389 0.00210508095993322
390 0.00279310734126438
391 4.60369227264052e-05
392 9.95675853083049e-05
393 0.00043808442193579
394 0.00307327988108212
395 0.00140320706469189
396 0.00100973621497805
397 0.00215649585091155
398 0.018199042064301
399 0.00251579468246588
400 0.00669386280182682
401 0.000649124382687502
402 0.00777169109181505
403 0.00880527431589238
404 0.00192335418590678
405 0.000225013375464658
406 0.000431410062760489
407 0.00927845010882156
408 0.00219972829647101
409 0.0074987639774318
410 0.00300862286375842
411 0.018938585990247
412 0.00426268267551746
413 0.00288910255714317
414 0.0018268539869957
415 0.00212689658847282
416 0.00537314990277226
417 0.00201831287305089
418 0.00823516888462097
419 0.00328012142778595
420 0.000250315082446202
421 0.000247143274697211
422 0.000843033502273729
423 0.0050825932062608
424 0.0115473636177265
425 0.00125974846138102
426 0.00141105064663854
427 0.00167658862735295
428 0.00129708959762554
429 0.000681982542852426
430 0.000888934339474468
431 0.00176051854592081
432 0.0130280440623846
433 0.00528241546973184
434 0.000577294963050445
435 0.00284627415286403
436 0.00108829185612783
437 0.0270359454374897
438 0.00166528850209148
439 0.00396756369931609
440 8.4321864648967e-05
441 0.00691553645401405
442 0.00210203609386668
443 0.00103594229835356
444 0.00139174220196689
445 0.000860882123676269
446 0.00121240385773699
447 0.00420047334439007
448 0.00128882816627078
449 0.00441141448784734
450 0.00203065643208046
451 0.00590311288832828
452 0.0031611322323424
453 0.0128460028766869
454 0.00130806856144154
455 0.00662892325401184
456 0.00182275405059124
457 0.0055932493842991
458 0.000174662740039166
459 0.00118068652992514
460 0.00791725757590634
461 0.00139643394850095
462 0.0015627686457816
463 0.00395582442289828
464 0.00545303665216477
465 0.00387426185366063
466 0.000576069559380729
467 0.000299396231225412
468 0.0128909175153784
469 0.00171349858982708
470 0.00293413907437957
471 0.0046149850543749
472 0.00151010236981325
473 0.00372101922775726
474 0.00302955098335846
475 0.00160523587746354
476 6.28023153519462e-05
477 0.00240634538998281
478 0.00151518191544722
479 0.00149304704362797
480 0.000882754110114497
481 0.00536838788468628
482 0.00556950377828394
483 0.00950749577803391
484 0.0017475884994999
485 1.1201083064427e-05
486 0.00214828824588892
487 0.000690193607867509
488 0.00492656799528932
489 0.000114707351039485
490 0.00158691956923676
491 0.00427414952976871
492 0.00244365139005024
493 0.00228615455361235
494 0.00538003196835913
495 0.0025399077433184
496 0.00707337239914338
497 0.0021999577025686
498 0.00105080123958279
499 0.0120880170560891
500 0.00331571745604114
501 0.00242236791726401
502 0.00663185501087784
503 0.00533907714465653
504 0.0178589519899361
505 0.00578913160491153
506 0.00539306146308574
507 0.00830807984272878
508 0.00307834500983521
509 0.00204911702256858
510 0.00101703485926651
511 0.00072488850556849
