0 0 -nan
 0 20.1276747387564 nan
 0 22.0112828858541 -nan
 0 19.9771280531143 nan
 0 21.68854135883 -nan
 0 19.9102784156671 nan
 0 23.6579148090327 -nan
 0 19.9148639068071 nan
 0 23.1044157217087 -nan
 0 24.2969054438438 nan
 0 24.6157224668435 -nan
 0 23.1314773379227 nan
 0 20.8084398460811 -nan
 0 23.6437427521818 nan
 0 21.2804751543049 -nan
 0 20.77743065416 nan
 0 23.4766193340885 -nan
 0 24.2568028088341 nan
 0 22.3727381696813 -nan
 0 22.6412831059694 nan
 0 22.7676322659398 -nan
 0 21.2439313369275 nan
 0 20.2304547606391 -nan
 0 22.6370218495791 nan
 0 17.6046381215272 -nan
 0 18.4521544344908 nan
 0 17.2011606475961 -nan
 0 16.9330909960928 nan
 0 15.3437016665011 -nan
 0 18.1886756259977 nan
 0 14.950914319877 -nan
 0 18.1648172873264 nan
 0 13.358731627628 -nan
 0 12.4283443689369 nan
 0 12.0499227124987 -nan
 0 15.568439538 nan
 0 10.9035630826076 -nan
 0 13.6074899959991 nan
 0 11.5303718199045 -nan
 0 9.30498731545458 nan
 0 10.8663860697095 -nan
 0 10.1013846951555 nan
 0 7.4127338752026 -nan
 0 7.04641129935574 nan
 0 9.85934743734768 -nan
 0 7.3662169171666 nan
 0 8.15113921731548 -nan
 0 9.6184634547651 nan
 0 7.77677247059535 -nan
 0 5.11051652276987 nan
 0 6.01034137073604 -nan
 0 7.13192987508886 nan
 0 4.68976348905011 -nan
 0 5.93792169529253 nan
 0 6.02618973091476 -nan
 0 5.28625345203109 nan
 0 5.54437773557303 -nan
 0 7.69370477258722 nan
 0 5.15391475279908 -nan
 0 8.0508991253548 nan
 0 6.3073335053829 -nan
 0 6.3504846161466 nan
 0 8.72519086610973 -nan
 0 10.5767590269378 nan
 0 7.81009384534979 -nan
 0 6.11112574008862 nan
 0 9.43279976291568 -nan
 0 7.27236596927874 nan
 0 9.82272107489084 -nan
 0 8.49416300634449 nan
 0 11.7733110156853 -nan
 0 7.51067917456392 nan
 0 8.72716060940405 -nan
 0 11.3324752731585 nan
 0 12.5016328371414 -nan
 0 10.3777777422579 nan
 0 11.3302209177923 -nan
 0 10.770676743366 nan
 0 9.00019418585659 -nan
 0 8.4040158416733 nan
 0 7.7746021736711 -nan
 0 9.73012276368766 nan
 0 11.1190342157072 -nan
 0 10.9531295390887 nan
 0 11.4775214985882 -nan
 0 7.73985670319844 nan
 0 7.59582809727643 -nan
 0 9.21050888234989 nan
 0 8.49692272704915 -nan
 0 6.15258258116677 nan
 0 7.47701375864503 -nan
 0 6.78644958173748 nan
 0 5.53160474536098 -nan
 0 6.30019534017169 nan
 0 5.40839035978707 -nan
 0 6.31481961968128 nan
 0 6.88108087224409 -nan
 0 4.14497421456488 nan
 0 7.38711250499939 -nan
 0 6.01646073568342 nan
 0 3.49143111692797 -nan
 0 4.07980663598058 nan
 0 1.72381796091899 -nan
 0 4.647186170968 nan
 0 5.70333013962152 -nan
 0 1.18149645965597 nan
 0 1.97629975927371 -nan
 0 4.15302339314401 nan
 0 2.39703294828697 -nan
 0 4.96127210992304 nan
 0 1.42298841951813 -nan
 0 5.50420390936553 nan
 0 3.93632191378901 -nan
 0 4.35024152855453 nan
 0 3.94961611869221 -nan
 0 2.82139201128972 nan
 0 6.07995866944704 -nan
 0 6.74718815624174 nan
 0 6.74561343413268 -nan
 0 2.99309081153963 nan
 0 4.92648607540119 -nan
 0 5.71245505475065 nan
 0 5.93359978324711 -nan
 0 8.41561875002618 nan
 0 9.9484554927757 -nan
 0 9.66362736916205 nan
 0 10.6870358123884 -nan
 0 8.37326026535364 nan
 0 8.35816508019202 -nan
 0 11.393375131354 nan
 0 12.7946366923137 -nan
 0 13.4760578082769 nan
 0 9.9222751307506 -nan
 0 11.6423623861273 nan
 0 11.2880389735902 -nan
 0 11.7492261635864 nan
 0 14.0412939738453 -nan
 0 14.4038443847945 nan
 0 12.2095745693728 -nan
 0 15.6373855599239 nan
 0 15.4565240503194 -nan
 0 12.2727764779773 nan
 0 16.9234641189356 -nan
 0 15.7677975664065 nan
 0 15.5067562378002 -nan
 0 13.470267765841 nan
 0 13.3954318549184 -nan
 0 13.681617399711 nan
 0 16.9854331426383 -nan
 0 12.2413483143518 nan
 0 14.4272965471267 -nan
 0 16.4659179194611 nan
 0 13.5423035431869 -nan
 0 14.0356066968245 nan
 0 13.0446519720624 -nan
 0 12.8299830883053 nan
 0 13.318421477995 -nan
 0 14.2096554154276 nan
 0 14.7230035570085 -nan
 0 12.3982549440396 nan
 0 14.3269304921005 -nan
 0 13.239032224952 nan
 0 10.2919512454379 -nan
 0 12.0235912325524 nan
 0 9.61225467676795 -nan
 0 9.47460738204531 nan
 0 9.58511564715231 -nan
 0 9.64554377695915 nan
 0 8.69559384257006 -nan
 0 8.03257612083714 nan
 0 8.87809379880564 -nan
 0 9.46978935579639 nan
 0 11.3941969450006 -nan
 0 7.25362324808159 nan
 0 8.06612470163094 -nan
 0 12.0704554456327 nan
 0 8.07570983632437 -nan
 0 9.42004665903298 nan
 0 9.33141274019541 -nan
 0 8.91395299213185 nan
 0 9.45765671252756 -nan
 0 9.77196547998957 nan
 0 11.7070207001872 -nan
 0 12.9713779757288 nan
 0 13.5072626074316 -nan
 0 10.8359060870517 nan
 0 11.6954625812347 -nan
 0 12.6801246658468 nan
 0 14.05052400709 -nan
 0 16.2699603649968 nan
 0 13.6968649366835 -nan
 0 15.8908137886221 nan
 0 16.7145383667025 -nan
 0 19.7664240629263 nan
 0 19.9607513409534 -nan
 0 18.4028759737976 nan
 0 19.5471007965452 -nan
 0 17.5405528066074 nan
 0 18.6296775733718 -nan
 0 18.7641425230752 nan
 0 21.4665451974856 -nan
 0 23.9060992453342 nan
 0 22.9902098488386 -nan
 0 24.6526335820295 nan
 0 22.8673694632294 -nan
 0 24.8059317026783 nan
 0 21.6007258948124 -nan
 0 22.0414689050362 nan
 0 24.6584742535628 -nan
 0 21.6686044023417 nan
 0 23.6053627010252 -nan
 0 21.5925290917585 nan
 0 25.5464944782799 -nan
 0 22.9165710420354 nan
 0 23.3637671484993 -nan
 0 23.156235759915 nan
 0 24.9428470555354 -nan
 0 22.0041334397841 nan
 0 22.8872706670996 -nan
 0 21.6516867690573 nan
 0 20.8064190725022 -nan
 0 23.2365561493338 nan
 0 22.3493947856951 -nan
 0 21.9445205502624 nan
 0 22.5115033336629 -nan
 0 20.3674934289451 nan
 0 20.7734770514039 -nan
 0 22.0635351181829 nan
 0 23.3204920399877 -nan
 0 21.2195288089297 nan
 0 19.5495999031411 -nan
 0 19.3386455988057 nan
 0 21.751464620328 -nan
 0 21.2799556014602 nan
 0 21.6195074167699 -nan
 0 20.8928181241433 nan
 0 20.4613590864382 -nan
 0 22.4268801082189 nan
 0 18.4301287465237 -nan
 0 19.6729878362304 nan
 0 18.7558417835214 -nan
 0 18.0035019664117 nan
 0 19.2977620245736 -nan
 0 20.6067247662365 nan
 0 19.4179841227391 -nan
 0 23.3234645913812 nan
 0 18.8657298892398 -nan
 0 19.9728739193392 nan
 0 22.790859982103 -nan
 0 21.1281624733055 nan
 0 20.363956668728 -nan
 0 23.0791165078917 nan
 0 24.4163607552041 -nan
 0 24.3767458410212 nan
 0 21.3907024742068 -nan
 0 22.4541253271761 nan
 0 24.6267384660553 -nan
 0 25.2083554161299 nan
 0 25.7015480079159 -nan
 0 27.0466160354039 nan
 0 27.3001204000248 -nan
 0 27.7290541289304 nan
 0 25.79119519969 -nan
 0 24.1411249463656 nan
 0 25.1605687119304 -nan
 0 26.0262783856594 nan
 0 25.9378371058518 -nan
 0 28.5668243171945 nan
 0 28.0518068744681 -nan
 0 25.162723141141 nan
 0 26.4113864306372 -nan
 0 25.2101883388421 nan
 0 25.2066354727712 -nan
 0 25.8387241033886 nan
 0 24.0548690207299 -nan
 0 27.2169172606169 nan
 0 24.7269445709507 -nan
 0 24.5047257123904 nan
 0 25.7774181869737 -nan
 0 25.6582832796767 nan
 0 21.9782333853129 -nan
 0 20.3486510251869 nan
 0 20.2576916249816 -nan
 0 20.8700688717794 nan
 0 19.97433136364 -nan
 0 19.2502800029532 nan
 0 18.4738629899061 -nan
 0 18.3796691134336 nan
 0 19.8098039145748 -nan
 0 19.2875328138007 nan
 0 19.4418907573022 -nan
 0 15.0029673570486 nan
 0 13.9071593975235 -nan
 0 17.0774065470301 nan
 0 13.66445133932 -nan
 0 15.7046614099969 nan
 0 12.0419520951837 -nan
 0 12.3449629661045 nan
 0 15.4413401902881 -nan
 0 13.5144041192875 nan
 0 10.4404052758961 -nan
 0 12.9231626797563 nan
 0 12.0566161924841 -nan
 0 10.7202481185597 nan
 0 12.5012032381527 -nan
 0 13.5086814084364 nan
 0 13.3923604995019 -nan
 0 11.7175198129231 nan
 0 11.0563175958918 -nan
 0 11.1265735604635 nan
 0 11.1934628226329 -nan
 0 13.9757130344767 nan
 0 13.3765843627126 -nan
 0 14.4104567528521 nan
 0 11.7578950608279 -nan
 0 13.2518399256413 nan
 0 11.0584016691928 -nan
 0 13.5836831385372 nan
 0 16.5037493792402 -nan
 0 15.2826531617113 nan
 0 16.3512254330027 -nan
 0 15.8578182222913 nan
 0 13.6848325874361 -nan
 0 16.0401571896596 nan
 0 18.6449917560806 -nan
 0 16.8528690642807 nan
 0 19.5233607106627 -nan
 0 19.2478544289622 nan
 0 15.6162679647095 -nan
 0 16.4223713482137 nan
 0 18.4993915788025 -nan
 0 18.1952771364763 nan
 0 16.706450784912 -nan
 0 20.8469734429144 nan
 0 19.2957000041632 -nan
 0 17.1246075358035 nan
 0 20.0898243339724 -nan
 0 17.9818670959891 nan
 0 18.522973457312 -nan
 0 18.2176583113441 nan
 0 21.3893945508867 -nan
 0 20.4236278987315 nan
 0 18.4381178175766 -nan
 0 21.8092429254389 nan
 0 18.060265365637 -nan
 0 20.7460703432265 nan
 0 19.2782569214275 -nan
 0 20.1720995408109 nan
 0 20.4205766113412 -nan
 0 19.0659530674927 nan
 0 16.9403744083794 -nan
 0 17.5401867877482 nan
 0 20.7459105098403 -nan
 0 19.6892267897825 nan
 0 17.6827578394473 -nan
 0 18.8955874421012 nan
 0 18.0224310632916 -nan
 0 15.9865624743012 nan
 0 19.4663767851026 -nan
 0 16.0768303805909 nan
 0 16.8853494336497 -nan
 0 20.4108662652659 nan
 0 17.9146572311512 -nan
 0 17.5637609379155 nan
 0 16.8518149008228 -nan
 0 19.2353317139178 nan
 0 20.5871265491393 -nan
 0 21.6499750857566 nan
 0 18.2309593075503 -nan
 0 20.0224927360081 nan
 0 23.0401658532362 -nan
 0 19.875353924761 nan
 0 20.4892690699363 -nan
 0 22.4751691196995 nan
 0 21.706441247014 -nan
 0 22.5087122263361 nan
 0 25.4381660216526 -nan
 0 22.4398297006506 nan
 0 26.9490512264215 -nan
 0 26.4475596889858 nan
 0 27.3548133791389 -nan
 0 26.78064121403 nan
 0 28.2382892817619 -nan
 0 27.2452135885387 nan
 0 30.1495779313117 -nan
 0 32.2954018364917 nan
 0 30.5251055037028 -nan
 0 29.6448938979252 nan
 0 33.4477636379581 -nan
 0 31.057881049966 nan
 0 35.8283981993699 -nan
 0 34.2589741164772 nan
 0 37.0932625752104 -nan
 0 37.6280813469101 nan
 0 38.3612804427553 -nan
 0 38.0953044490316 nan
 0 37.1322680241085 -nan
 0 35.6339168464441 nan
 0 40.2580777247864 -nan
 0 37.9205389446333 nan
 0 39.9612953140914 -nan
 0 38.7840905641705 nan
 0 37.9581548858519 -nan
 0 36.8347548793432 nan
 0 39.5810906253634 -nan
 0 38.4898646837938 nan
 0 37.3993747199805 -nan
 0 40.487420978232 nan
 0 36.9827109760051 -nan
 0 39.8482825765103 nan
 0 37.4832008521376 -nan
 0 41.620039788811 nan
 0 39.6907910224174 -nan
 0 37.7445780697449 nan
 0 37.4208615056897 -nan
 0 39.8067014484144 nan
 0 36.6289998096215 -nan
 0 39.5684332353285 nan
 0 40.9468642697224 -nan
 0 36.5645840567067 nan
 0 37.3717713459455 -nan
 0 37.3869823057256 nan
 0 36.3994080219291 -nan
 0 39.3095124789142 nan
 0 35.7630668904601 -nan
 0 36.0847414944949 nan
 0 35.9894748504262 -nan
 0 37.7776310143035 nan
 0 38.9663999640422 -nan
 0 40.7529228051015 nan
 0 38.399923682611 -nan
 0 38.5668752080798 nan
 0 36.550570471927 -nan
 0 38.6020573215766 nan
 0 39.1268167573287 -nan
 0 41.8683132788972 nan
 0 37.893206797806 -nan
 0 42.5749552385472 nan
 0 41.6673101160405 -nan
 0 39.4578871044166 nan
 0 44.320745894241 -nan
 0 44.1724537913483 nan
 0 41.007287164003 -nan
 0 41.757166126045 nan
 0 42.2110561534775 -nan
 0 45.3710530006511 nan
 0 43.6187729855867 -nan
 0 44.6041802834832 nan
 0 46.116376166504 -nan
 0 48.8364893421403 nan
 0 44.8589616763495 -nan
 0 48.1121158991528 nan
 0 48.5630925893322 -nan
 0 49.4257518004708 nan
 0 50.801958746515 -nan
 0 51.1476393124662 nan
 0 48.9351913218339 -nan
 0 49.5552859565988 nan
 0 49.9291946950523 -nan
 0 47.9979154181148 nan
 0 49.024619153322 -nan
 0 47.8064872213146 nan
 0 47.068551974839 -nan
 0 49.3851047782237 nan
 0 47.8494504293167 -nan
 0 46.8804118057299 nan
 0 48.5847447636996 -nan
 0 48.251380512029 nan
 0 49.0053671121142 -nan
 0 49.0193385268169 nan
 0 46.1791359577975 -nan
 0 47.5015026113869 nan
 0 42.5738201318458 -nan
 0 43.4289078156076 nan
 0 41.1163346460463 -nan
 0 39.9320756426297 nan
 0 40.7983183409678 -nan
 0 40.284773581933 nan
 0 39.1337054608615 -nan
 0 35.878433689049 nan
 0 31.8363821321387 -nan
 0 30.1441101852426 nan
 0 31.3503375601261 -nan
 0 27.106686504442 nan
 0 23.7675087998708 -nan
 0 24.1354047208644 nan
 0 21.8319288904036 -nan
 0 17.3081536902709 nan
 0 18.1963931859779 -nan
 0 16.1281840677326 nan
 0 9.01049069209504 -nan
 0 8.30684172678184 nan
 0 3.63428752108606 -nan
 0 0.222256949539673 nan
 0 -4.66137811762076 -nan
 0 -6.94228505617749 nan
 0 -8.09595143588282 -nan
 0 -16.2999331340365 nan
 0 -18.4289367270428 -nan
 0 -22.571851797448 nan
 0 -24.9894494083144 -nan
 0 -32.021020549494 nan
 0 -35.8909564922137 -nan
 0 -40.9567170588411 nan
 0 -44.2057965560382 -nan
 0 -52.1704244479447 nan
 0 -56.6189967784685 -nan
 0 -63.4713704156351 nan
 0 -68.298243631456 -nan
 0 -72.9457720814902 nan
 0 -75.6978070850252 -nan
 0 -82.0346214241656 nan
 0 -85.146629512481 -nan
 0 -91.7635473305286 -nan
 0 -92.6419436415992 -nan
 0 -95.5021444068071 -nan
 0 -103.590679748164 -nan
 0 -106.021680532704 -nan
 0 -107.307038006925 -nan
 0 -109.369816170747 -nan
 0 -111.321843745708 -nan
 0 -115.258683595274 -nan
 0 -116.367747179943 -nan
 0 -119.7228823282 -nan
 0 -118.345940274113 -nan
 0 -118.719677916753 -nan
 0 -122.500091291453 -nan
 0 -121.341451598283 -nan
 0 -121.888570292827 -nan
 0 -123.46776244914 -nan
 0 -122.287931224971 -nan
 0 -123.870330544805 -nan
 0 -124.68232524636 -nan
 0 -120.392336080825 -nan
 0 -119.308650462889 -nan
 0 -121.464928743186 -nan
 0 -119.036934672227 -nan
 0 -121.018409159096 -nan
 0 -119.977023627796 -nan
 0 -116.164571091782 -nan
 0 -117.335745737341 -nan
 0 -116.513565498853 -nan
 0 -112.568697279059 -nan
 0 -111.398833110219 -nan
 0 -110.132933943424 -nan
 0 -110.156307649045 -nan
 0 -110.728787584267 -nan
 0 -107.995661087793 -nan
 0 -109.862349011411 -nan
 0 -106.48038955381 -nan
 0 -106.836197066386 -nan
 0 -103.454673962179 -nan
 0 -103.534238397665 -nan
 0 -101.098872169194 -nan
 0 -100.618303880709 -nan
 0 -101.680227701279 -nan
 0 -100.987085001526 -nan
 0 -96.5031893655285 -nan
 0 -98.6618296127194 -nan
 0 -97.2566525454244 -nan
 0 -91.4600481817713 -nan
 0 -91.2910214961145 -nan
 0 -90.4749639923547 -nan
 0 -88.6859057973511 -nan
 0 -90.2710187110493 -nan
 0 -86.107775985868 -nan
 0 -85.0537564040044 -nan
 0 -86.097385482889 -nan
 0 -82.4076537854683 -nan
 0 -83.0728381358654 -nan
 0 -79.7605793558899 -nan
 0 -81.1309953981261 -nan
 0 -76.1553031104375 -nan
 0 -75.5077995570381 -nan
 0 -73.4857374785302 -nan
 0 -72.133501921908 -nan
 0 -73.6457715767154 -nan
 0 -68.9643345786418 -nan
 0 -71.5196222855135 -nan
 0 -69.1861220360628 -nan
 0 -67.1719054661908 -nan
 0 -67.8598789480787 -nan
 0 -62.280294797833 -nan
 0 -62.7856282610139 -nan
 0 -64.3913394704836 -nan
 0 -60.6367755281572 -nan
 0 -60.722120022301 -nan
 0 -57.2661468568358 -nan
 0 -58.363880699095 -nan
 0 -56.3538381786082 -nan
 0 -56.0814842710002 -nan
 0 -57.1052046024035 -nan
 0 -56.8157978684631 -nan
 0 -56.759013103587 -nan
 0 -54.0165439622463 -nan
 0 -53.4833503207138 -nan
 0 -55.7950676563234 -nan
 0 -52.3606366502847 -nan
 0 -50.5747197328835 -nan
 0 -51.5367387627843 -nan
 0 -51.0282406860146 -nan
 0 -52.1673449019623 -nan
 0 -50.9140911136539 -nan
 0 -50.3783019962305 -nan
 0 -52.9753419179365 -nan
 0 -52.8796007836841 -nan
 0 -48.9372565968142 -nan
 0 -49.6843857062325 -nan
 0 -51.8268717266721 -nan
 0 -51.3376167506591 -nan
 0 -49.8273120254127 -nan
 0 -50.5157393371097 -nan
 0 -49.1286750689489 -nan
 0 -48.3315935598815 -nan
 0 -49.7484444352144 -nan
 0 -50.4271187275434 -nan
 0 -49.3476892130467 -nan
 0 -48.0029259567412 -nan
 0 -47.2656344167723 -nan
 0 -48.227893763113 -nan
 0 -45.6051544628311 -nan
 0 -45.473389258444 -nan
 0 -47.4107818136793 -nan
 0 -43.1931282890856 -nan
 0 -42.963830249611 -nan
 0 -45.1691202902948 -nan
 0 -45.0721454138199 -nan
 0 -43.8435428100652 -nan
 0 -43.6314030059517 -nan
 0 -40.1149937442095 -nan
 0 -41.790494322442 -nan
 0 -38.6632606286614 -nan
 0 -38.1621580212223 -nan
 0 -40.9920802605283 -nan
 0 -39.1232469799632 -nan
 0 -39.4027226511412 -nan
 0 -34.2409473912964 -nan
 0 -35.6273499657659 -nan
 0 -33.9858576947805 -nan
 0 -32.8138870854699 -nan
 0 -34.8146676695656 -nan
 0 -31.1435757776524 -nan
 0 -33.5308726257905 -nan
 0 -30.225909906843 -nan
 0 -29.7033739867702 -nan
 0 -30.9832905824907 -nan
 0 -29.8968775094175 -nan
 0 -27.0289324889142 -nan
 0 -27.2417244447951 -nan
 0 -27.3503813768536 -nan
 0 -27.0038934442323 -nan
 0 -24.675332375713 -nan
 0 -24.947047728768 -nan
 0 -21.1251469115132 -nan
 0 -22.4250137787907 -nan
 0 -21.8127511305225 -nan
 0 -21.5178239329217 -nan
 0 -19.5140814841464 -nan
 0 -22.3970808066821 -nan
 0 -19.7593290713704 -nan
 0 -22.0801314021743 -nan
 0 -22.5269571490561 -nan
 0 -21.4013437993457 -nan
 0 -21.143780208246 -nan
 0 -18.323505945193 -nan
 0 -19.9356335258123 -nan
 0 -21.3381757177108 -nan
 0 -17.633142688785 -nan
 0 -20.9150217408208 -nan
 0 -17.6880676351035 -nan
 0 -17.512366535454 -nan
 0 -18.5280973126214 -nan
 0 -20.1240094817998 -nan
 0 -22.5257886663731 -nan
 0 -18.0459803406844 -nan
 0 -22.4354158798615 -nan
 0 -18.3118381464856 -nan
 0 -18.9040822004884 -nan
 0 -22.5373476258185 -nan
 0 -19.3419891024224 -nan
 0 -19.5831015961259 -nan
 0 -22.5335592581995 -nan
 0 -20.1148646454138 -nan
 0 -18.3744014430109 -nan
 0 -19.3071633460536 -nan
 0 -19.1637164758232 -nan
 0 -18.3045659935701 -nan
 0 -17.2883473654898 -nan
 0 -17.1123781939091 -nan
 0 -18.4993306789867 -nan
 0 -19.3868550826026 -nan
 0 -18.7962497308301 -nan
 0 -18.6487317474154 -nan
 0 -16.6866274749539 -nan
 0 -16.1904984501272 -nan
 0 -16.0089259418657 -nan
 0 -14.5866750009618 -nan
 0 -18.1074296573302 -nan
 0 -18.3254546965977 -nan
 0 -17.3844993111354 -nan
 0 -12.7584140447325 -nan
 0 -14.6770224264024 -nan
 0 -12.9390523238675 -nan
 0 -15.288224493265 -nan
 0 -14.6999926867848 -nan
 0 -13.5281900634936 -nan
 0 -11.6755257417789 -nan
 0 -11.7605893008078 -nan
 0 -14.3746886717725 -nan
 0 -9.37457916829083 -nan
 0 -12.0944256990595 -nan
 0 -9.85497334495493 -nan
 0 -11.1664548049215 -nan
 0 -9.64794714772795 -nan
 0 -9.56083502842587 -nan
 0 -11.474235174669 -nan
 0 -10.0517531417004 -nan
 0 -12.2846468781159 -nan
 0 -8.24601220752865 -nan
 0 -12.3387935376191 -nan
 0 -8.77401957016414 -nan
 0 -10.0575578307315 -nan
 0 -11.2919203177419 -nan
 0 -11.4349948615845 -nan
 0 -14.0515257190866 -nan
 0 -11.2932815880421 -nan
 0 -13.302446058187 -nan
 0 -15.1967480607834 -nan
 0 -13.9004404485834 -nan
 0 -15.5354496485366 -nan
 0 -13.7678286452176 -nan
 0 -12.9874704484948 -nan
 0 -15.7137731718896 -nan
 0 -14.9900830483999 -nan
 0 -14.9312137784762 -nan
 0 -19.1921819422357 -nan
 0 -15.3263800394768 -nan
 0 -17.8666597904421 -nan
 0 -19.3260475160476 -nan
 0 -17.9668658375734 -nan
 0 -21.0484932203973 -nan
 0 -19.8793255334681 -nan
 0 -22.0933154896597 -nan
 0 -23.2865902504761 -nan
 0 -22.0567927113329 -nan
 0 -23.2387897721142 -nan
 0 -20.3058158426727 -nan
 0 -21.2947660094858 -nan
 0 -23.1936728738771 -nan
 0 -21.4109328707006 -nan
 0 -21.4444073406596 -nan
 0 -22.7894842935721 -nan
 0 -24.6021182385082 -nan
 0 -24.378814901045 -nan
 0 -21.6844278707194 -nan
 0 -25.2420604219578 -nan
 0 -25.7847989603773 -nan
 0 -22.1781787010217 -nan
 0 -21.539411539778 -nan
 0 -24.5773884520961 -nan
 0 -24.0501824315343 -nan
 0 -24.3119873872894 -nan
 0 -24.1882857287244 -nan
 0 -23.6519330098015 -nan
 0 -23.4334670062443 -nan
 0 -24.4381258981781 -nan
 0 -19.4801376701987 -nan
 0 -20.3364024872839 -nan
 0 -19.4531244313091 -nan
 0 -22.2890483013775 -nan
 0 -18.4004762127656 -nan
 0 -22.2864638848568 -nan
 0 -19.4912996914562 -nan
 0 -19.3676638261987 -nan
 0 -16.9121387042751 -nan
 0 -21.1032764873943 -nan
 0 -18.5341828946133 -nan
 0 -18.9868449309687 -nan
 0 -20.5045007969394 -nan
 0 -16.9300874827508 -nan
 0 -17.952115787967 -nan
 0 -17.0192954755154 -nan
 0 -18.9328075079833 -nan
 0 -18.6825768728985 -nan
 0 -19.2734913104549 -nan
 0 -18.3108144199361 -nan
 0 -17.1761232469966 -nan
 0 -18.6969910943166 -nan
 0 -18.455816056746 -nan
 0 -18.5159112228846 -nan
 0 -15.2429649423003 -nan
 0 -16.5262943253286 -nan
 0 -20.285497595154 -nan
 0 -16.744946994532 -nan
 0 -20.4979916289364 -nan
 0 -20.892504317962 -nan
 0 -20.6583298617456 -nan
 0 -20.3931294620424 -nan
 0 -17.5454876487393 -nan
 0 -19.1819224786811 -nan
 0 -20.8780541430323 -nan
 0 -18.0523427821718 -nan
 0 -18.49451877777 -nan
 0 -18.6648724867704 -nan
 0 -21.6429317921716 -nan
 0 -20.1073830651584 -nan
 0 -20.7396474739691 -nan
 0 -20.4454347596946 -nan
 0 -22.3114771094899 -nan
 0 -21.2809612216142 -nan
 0 -23.0473662285176 -nan
 0 -21.6589164517502 -nan
 0 -22.6991581301741 -nan
 0 -21.7308752565804 -nan
 0 -18.0536242789147 -nan
 0 -21.0916082155237 -nan
 0 -20.2680352433475 -nan
 0 -18.7038503743261 -nan
 0 -19.797913166563 -nan
 0 -21.2016793268955 -nan
 0 -19.9502764746573 -nan
 0 -17.0212505851875 -nan
 0 -17.1745192766153 -nan
 0 -17.7715314865423 -nan
 0 -15.1728206503832 -nan
 0 -17.7914903965987 -nan
 0 -14.436187531363 -nan
 0 -17.4670170843454 -nan
 0 -17.2119886445845 -nan
 0 -14.6136148785556 -nan
 0 -15.8883048282764 -nan
 0 -10.5608824874429 -nan
 0 -11.9507164737445 -nan
 0 -12.7290923576075 -nan
 0 -11.6458776048488 -nan
 0 -8.68672365406368 -nan
 0 -9.1938126434449 -nan
 0 -9.08917267722705 -nan
 0 -6.75850559480169 -nan
 0 -7.71264267447009 -nan
 0 -9.03414844036937 -nan
 0 -6.29992569665056 -nan
 0 -6.84213912282066 -nan
 0 -8.69461821940494 -nan
 0 -8.58035236319154 -nan
 0 -6.97497508682443 -nan
 0 -5.77701955863631 -nan
 0 -7.21928000008226 -nan
 0 -7.73926474152595 -nan
 0 -6.9276600582604 -nan
 0 -6.45970836106387 -nan
 0 -5.65223707339996 -nan
 0 -6.38848398057441 -nan
 0 -8.05257360580937 -nan
 0 -4.43887806502315 -nan
 0 -5.5462822153858 -nan
 0 -7.22966711538885 -nan
 0 -8.03581429052686 -nan
 0 -4.65942474581712 -nan
 0 -8.45559081752457 -nan
 0 -6.04517345377886 -nan
 0 -7.47048886261403 -nan
 0 -8.11177805160907 -nan
 0 -9.16630992521069 -nan
 0 -7.0119351845709 -nan
 0 -7.48757836358065 -nan
 0 -7.79175598649176 -nan
 0 -7.95644811651626 -nan
 0 -7.78926458074507 -nan
 0 -12.0126689183761 -nan
 0 -10.8640238860482 -nan
 0 -9.3013369760277 -nan
 0 -8.28316341715081 -nan
 0 -8.76851456155043 -nan
 0 -12.8665718973223 -nan
 0 -12.8545510795301 -nan
 0 -11.3993800331636 -nan
 0 -12.6259921759261 -nan
 0 -13.2563005025393 -nan
 0 -9.76422563874009 -nan
 0 -12.691019084703 -nan
 0 -12.9975340407643 -nan
 0 -12.872729778831 -nan
 0 -10.1841290050902 -nan
 0 -12.1532523670878 -nan
 0 -10.2251349926668 -nan
 0 -10.2682036666873 -nan
 0 -7.25731061251228 -nan
 0 -7.44616288304576 -nan
 0 -7.06883923222874 -nan
 0 -5.33318641672259 -nan
 0 -7.98410199163697 -nan
 0 -7.57481159840044 -nan
 0 -8.10231149675171 -nan
 0 -6.73307946555013 -nan
 0 -3.12895159218115 -nan
 0 -4.42039487497278 -nan
 0 -3.39260990559936 -nan
 0 -6.10149602661061 -nan
 0 -3.11212573957818 -nan
 0 -1.00437064335155 -nan
 0 -2.02639946713001 -nan
 0 -2.4215779078897 -nan
 0 -0.409710418560593 -nan
 0 -2.84459523615061 -nan
 0 -0.761296018547561 -nan
 0 1.97638014521517 -nan
 0 -0.132549890730587 -nan
 0 -2.20420864489639 -nan
 0 1.83250451917324 -nan
 0 1.92964992910449 -nan
 0 0.2473123114814 -nan
 0 -0.275099535853458 -nan
 0 1.40799911782558 -nan
 0 1.53843237333325 -nan
 0 2.47753726930418 -nan
 0 0.177359578996219 -nan
 0 0.941709600917239 -nan
 0 -1.92282638029945 -nan
 0 2.5884121933496 -nan
 0 0.649127165757642 -nan
 0 2.08715262384307 -nan
 0 -0.538336537911448 -nan
 0 0.156789750638609 -nan
 0 -0.34078079477556 -nan
 0 -3.67323687879779 -nan
 0 -3.52054079516411 -nan
 0 -2.40998196756959 -nan
 0 -3.34149202944743 -nan
 0 -1.81892564466942 -nan
 0 -5.18663593773957 -nan
 0 -3.91130477769029 -nan
 0 -3.0373516993641 -nan
 0 -4.31624120639185 -nan
 0 -2.52873916901883 -nan
 0 -3.58577394714996 -nan
 0 -6.6143220507776 -nan
 0 -5.77501553341552 -nan
 0 -4.74684249245605 -nan
 0 -3.47782894833131 -nan
 0 -5.65786687638169 -nan
 0 -5.5106076530369 -nan
 0 -5.47383579756012 -nan
 0 -5.43091546181537 -nan
 0 -7.14143780245118 -nan
 0 -4.31695435179936 -nan
 0 -4.20564038143507 -nan
 0 -5.74399635606218 -nan
 0 -6.12919410403206 -nan
 0 -3.75161162949597 -nan
 0 -7.68705800330334 -nan
 0 -4.86370126355219 -nan
 0 -7.29721579009477 -nan
 0 -5.67173259886611 -nan
 0 -3.459747212258 -nan
 0 -4.45722293858614 -nan
 0 -7.06204426136255 -nan
 0 -2.04167529821685 -nan
 0 -1.70152366633232 -nan
 0 -4.46450640942359 -nan
 0 -1.64105395796098 -nan
 0 -4.73136790105437 -nan
 0 -3.35901750966258 -nan
 0 -3.45243674426167 -nan
 0 -2.01243263037698 -nan
 0 -4.63447558071476 -nan
 0 -1.8660691639441 -nan
 0 -1.27561567654534 -nan
 0 -1.10934980541615 -nan
 0 -2.62353319707626 -nan
 0 -4.65000087594742 -nan
 0 -1.22187494784354 -nan
 0 -0.398601286025082 -nan
 0 -5.21421666156472 -nan
 0 -2.84343447709818 -nan
 0 -3.81683473098703 -nan
 0 -1.84349830262402 -nan
 0 -2.59350188033977 -nan
 0 -2.06150263466066 -nan
 0 -6.15850878754905 -nan
 0 -6.32839143345603 -nan
 0 -5.5592847883449 -nan
 0 -6.67849001166135 -nan
 0 -8.22511417213554 -nan
 0 -8.48184698181859 -nan
 0 -6.77678330218164 -nan
 0 -10.38399837098 -nan
 0 -8.26877352231456 -nan
 0 -10.1404661461897 -nan
 0 -11.3563514154215 -nan
 0 -9.04096788671557 -nan
 0 -12.1935593680253 -nan
 0 -10.9684292068514 -nan
 0 -11.5467703435164 -nan
 0 -15.3650299260717 -nan
 0 -16.2840794409538 -nan
 0 -15.1212197317314 -nan
 0 -17.1880797824074 -nan
 0 -15.0398009662361 -nan
 0 -17.6631467192256 -nan
 0 -15.8071370483206 -nan
 0 -15.5208382868479 -nan
 0 -19.6532545428147 -nan
 0 -19.3234290180793 -nan
 0 -15.7579325043055 -nan
 0 -18.9684045233331 -nan
 0 -18.8479059160254 -nan
 0 -20.2045102788732 -nan
 0 -17.4302623061514 -nan
 0 -19.2312167659557 -nan
 0 -18.118143029086 -nan
 0 -19.8264490322538 -nan
 0 -18.2919408717862 -nan
 0 -19.5146698535971 -nan
 0 -19.5418157892244 -nan
 0 -19.9933682970908 -nan
 0 -18.2297603581293 -nan
 0 -19.1843573128196 -nan
 0 -17.9145945766907 -nan
 0 -14.6423037266961 -nan
 0 -14.4867473065836 -nan
 0 -16.7552565663985 -nan
 0 -13.2633630080825 -nan
 