
# Curve 0 of 1, 200 points
# Curve title: ""drift.dat" using 1:2"
# x y type
"Feb-09-21:18:00"  0  i
"Feb-09-22:08:08" -0.000986454  i
"Feb-09-22:58:16" -0.00197423  i
"Feb-09-23:48:24" -0.00296463  i
"Feb-10-00:38:32" -0.003959  i
"Feb-10-01:28:40" -0.00495863  i
"Feb-10-02:18:48" -0.00596486  i
"Feb-10-03:08:56" -0.00697899  i
"Feb-10-03:59:05" -0.00800235  i
"Feb-10-04:49:13" -0.00903626  i
"Feb-10-05:39:21" -0.010082  i
"Feb-10-06:29:29" -0.011141  i
"Feb-10-07:19:37" -0.0122144  i
"Feb-10-08:09:45" -0.0133037  i
"Feb-10-08:59:53" -0.0144101  i
"Feb-10-09:50:02" -0.0155349  i
"Feb-10-10:40:10" -0.0166796  i
"Feb-10-11:30:18" -0.0178453  i
"Feb-10-12:20:26" -0.0190334  i
"Feb-10-13:10:34" -0.0202452  i
"Feb-10-14:00:42" -0.0214821  i
"Feb-10-14:50:50" -0.0227454  i
"Feb-10-15:40:59" -0.0240363  i
"Feb-10-16:31:07" -0.0253562  i
"Feb-10-17:21:15" -0.0267065  i
"Feb-10-18:11:23" -0.0280883  i
"Feb-10-19:01:31" -0.0295013  i
"Feb-10-19:51:39" -0.0309429  i
"Feb-10-20:41:47" -0.0324102  i
"Feb-10-21:31:56" -0.0339004  i
"Feb-10-22:22:04" -0.0354106  i
"Feb-10-23:12:12" -0.0369382  i
"Feb-11-00:02:20" -0.0384802  i
"Feb-11-00:52:28" -0.0400339  i
"Feb-11-01:42:36" -0.0415963  i
"Feb-11-02:32:44" -0.0431648  i
"Feb-11-03:22:53" -0.0447365  i
"Feb-11-04:13:01" -0.0463085  i
"Feb-11-05:03:09" -0.0478782  i
"Feb-11-05:53:17" -0.0494425  i
"Feb-11-06:43:25" -0.0509988  i
"Feb-11-07:33:33" -0.0525442  i
"Feb-11-08:23:41" -0.0540759  i
"Feb-11-09:13:50" -0.0555911  i
"Feb-11-10:03:58" -0.0570869  i
"Feb-11-10:54:06" -0.0585606  i
"Feb-11-11:44:14" -0.0600094  i
"Feb-11-12:34:22" -0.0614303  i
"Feb-11-13:24:30" -0.0628207  i
"Feb-11-14:14:38" -0.0641776  i
"Feb-11-15:04:47" -0.0654983  i
"Feb-11-15:54:55" -0.06678  i
"Feb-11-16:45:03" -0.0680198  i
"Feb-11-17:35:11" -0.0692149  i
"Feb-11-18:25:19" -0.0703625  i
"Feb-11-19:15:27" -0.0714598  i
"Feb-11-20:05:35" -0.072504  i
"Feb-11-20:55:44" -0.0734923  i
"Feb-11-21:45:52" -0.0744218  i
"Feb-11-22:36:00" -0.0752899  i
"Feb-11-23:26:08" -0.0760988  i
"Feb-12-00:16:16" -0.0768546  i
"Feb-12-01:06:24" -0.0775638  i
"Feb-12-01:56:32" -0.0782327  i
"Feb-12-02:46:41" -0.0788678  i
"Feb-12-03:36:49" -0.0794754  i
"Feb-12-04:26:57" -0.0800619  i
"Feb-12-05:17:05" -0.0806337  i
"Feb-12-06:07:13" -0.0811972  i
"Feb-12-06:57:21" -0.0817588  i
"Feb-12-07:47:29" -0.0823248  i
"Feb-12-08:37:37" -0.0829018  i
"Feb-12-09:27:46" -0.083496  i
"Feb-12-10:17:54" -0.0841138  i
"Feb-12-11:08:02" -0.0847617  i
"Feb-12-11:58:10" -0.085446  i
"Feb-12-12:48:18" -0.0861732  i
"Feb-12-13:38:26" -0.0869496  i
"Feb-12-14:28:34" -0.0877815  i
"Feb-12-15:18:43" -0.0886755  i
"Feb-12-16:08:51" -0.0896378  i
"Feb-12-16:58:59" -0.090675  i
"Feb-12-17:49:07" -0.0917933  i
"Feb-12-18:39:15" -0.0929991  i
"Feb-12-19:29:23" -0.0942989  i
"Feb-12-20:19:31" -0.0956991  i
"Feb-12-21:09:40" -0.097206  i
"Feb-12-21:59:48" -0.098826  i
"Feb-12-22:49:56" -0.100566  i
"Feb-12-23:40:04" -0.102431  i
"Feb-13-00:30:12" -0.104426  i
"Feb-13-01:20:20" -0.106539  i
"Feb-13-02:10:28" -0.108752  i
"Feb-13-03:00:37" -0.111049  i
"Feb-13-03:50:45" -0.113412  i
"Feb-13-04:40:53" -0.115824  i
"Feb-13-05:31:01" -0.118267  i
"Feb-13-06:21:09" -0.120725  i
"Feb-13-07:11:17" -0.12318  i
"Feb-13-08:01:25" -0.125615  i
"Feb-13-08:51:34" -0.128013  i
"Feb-13-09:41:42" -0.130356  i
"Feb-13-10:31:50" -0.132627  i
"Feb-13-11:21:58" -0.13481  i
"Feb-13-12:12:06" -0.136886  i
"Feb-13-13:02:14" -0.138838  i
"Feb-13-13:52:22" -0.14065  i
"Feb-13-14:42:31" -0.142303  i
"Feb-13-15:32:39" -0.143782  i
"Feb-13-16:22:47" -0.145068  i
"Feb-13-17:12:55" -0.146144  i
"Feb-13-18:03:03" -0.146993  i
"Feb-13-18:53:11" -0.147598  i
"Feb-13-19:43:19" -0.147942  i
"Feb-13-20:33:28" -0.148006  i
"Feb-13-21:23:36" -0.147779  i
"Feb-13-22:13:44" -0.147262  i
"Feb-13-23:03:52" -0.146466  i
"Feb-13-23:54:00" -0.145399  i
"Feb-14-00:44:08" -0.14407  i
"Feb-14-01:34:16" -0.142488  i
"Feb-14-02:24:25" -0.140661  i
"Feb-14-03:14:33" -0.1386  i
"Feb-14-04:04:41" -0.136313  i
"Feb-14-04:54:49" -0.133808  i
"Feb-14-05:44:57" -0.131096  i
"Feb-14-06:35:05" -0.128184  i
"Feb-14-07:25:13" -0.125081  i
"Feb-14-08:15:22" -0.121798  i
"Feb-14-09:05:30" -0.118342  i
"Feb-14-09:55:38" -0.114722  i
"Feb-14-10:45:46" -0.110948  i
"Feb-14-11:35:54" -0.107029  i
"Feb-14-12:26:02" -0.102973  i
"Feb-14-13:16:10" -0.0987897  i
"Feb-14-14:06:18" -0.0944877  i
"Feb-14-14:56:27" -0.0900759  i
"Feb-14-15:46:35" -0.0855634  i
"Feb-14-16:36:43" -0.0809592  i
"Feb-14-17:26:51" -0.0762722  i
"Feb-14-18:16:59" -0.0715114  i
"Feb-14-19:07:07" -0.0666857  i
"Feb-14-19:57:15" -0.0618041  i
"Feb-14-20:47:24" -0.0568755  i
"Feb-14-21:37:32" -0.0519072  i
"Feb-14-22:27:40" -0.0469032  i
"Feb-14-23:17:48" -0.0418669  i
"Feb-15-00:07:56" -0.0368019  i
"Feb-15-00:58:04" -0.0317116  i
"Feb-15-01:48:12" -0.0265996  i
"Feb-15-02:38:21" -0.0214692  i
"Feb-15-03:28:29" -0.0163241  i
"Feb-15-04:18:37" -0.0111677  i
"Feb-15-05:08:45" -0.00600357  i
"Feb-15-05:58:53" -0.000835107  i
"Feb-15-06:49:01"  0.00433416  i
"Feb-15-07:39:09"  0.00950072  i
"Feb-15-08:29:18"  0.0146611  i
"Feb-15-09:19:26"  0.0198118  i
"Feb-15-10:09:34"  0.0249493  i
"Feb-15-10:59:42"  0.0300701  i
"Feb-15-11:49:50"  0.0351707  i
"Feb-15-12:39:58"  0.0402477  i
"Feb-15-13:30:06"  0.0452975  i
"Feb-15-14:20:15"  0.0503167  i
"Feb-15-15:10:23"  0.0553017  i
"Feb-15-16:00:31"  0.060249  i
"Feb-15-16:50:39"  0.0651552  i
"Feb-15-17:40:47"  0.0700168  i
"Feb-15-18:30:55"  0.0748302  i
"Feb-15-19:21:03"  0.079592  i
"Feb-15-20:11:12"  0.084299  i
"Feb-15-21:01:20"  0.0889512  i
"Feb-15-21:51:28"  0.0935506  i
"Feb-15-22:41:36"  0.0980991  i
"Feb-15-23:31:44"  0.102599  i
"Feb-16-00:21:52"  0.107051  i
"Feb-16-01:12:00"  0.111459  i
"Feb-16-02:02:09"  0.115823  i
"Feb-16-02:52:17"  0.120147  i
"Feb-16-03:42:25"  0.124431  i
"Feb-16-04:32:33"  0.128678  i
"Feb-16-05:22:41"  0.13289  i
"Feb-16-06:12:49"  0.137069  i
"Feb-16-07:02:57"  0.141216  i
"Feb-16-07:53:06"  0.145334  i
"Feb-16-08:43:14"  0.149425  i
"Feb-16-09:33:22"  0.15349  i
"Feb-16-10:23:30"  0.157532  i
"Feb-16-11:13:38"  0.161552  i
"Feb-16-12:03:46"  0.165552  i
"Feb-16-12:53:54"  0.169535  i
"Feb-16-13:44:03"  0.173503  i
"Feb-16-14:34:11"  0.177456  i
"Feb-16-15:24:19"  0.181398  i
"Feb-16-16:14:27"  0.18533  i
"Feb-16-17:04:35"  0.189255  i
"Feb-16-17:54:43"  0.193173  i
"Feb-16-18:44:51"  0.197087  i
"Feb-16-19:35:00"  0.201  i

