2013-10-1-0-0 0.0090
2013-10-1-0-10 0.0163
2013-10-1-0-20 0.0237
2013-10-1-0-30 0.0313
2013-10-1-0-40 0.0389
2013-10-1-0-50 0.0466
2013-10-1-1-0 0.0542
2013-10-1-1-10 0.0617
2013-10-1-1-20 0.0691
2013-10-1-1-30 0.0763
2013-10-1-1-40 0.0832
2013-10-1-1-50 0.0898
2013-10-1-2-0 0.0961
2013-10-1-2-10 0.1020
2013-10-1-2-20 0.1074
2013-10-1-2-30 0.1124
2013-10-1-2-40 0.1168
2013-10-1-2-50 0.1206
2013-10-1-3-0 0.1239
2013-10-1-3-10 0.1265
2013-10-1-3-20 0.1285
2013-10-1-3-30 0.1298
2013-10-1-3-40 0.1305
2013-10-1-3-50 0.1305
2013-10-1-4-0 0.1298
2013-10-1-4-10 0.1284
2013-10-1-4-20 0.1264
2013-10-1-4-30 0.1237
2013-10-1-4-40 0.1204
2013-10-1-4-50 0.1164
2013-10-1-5-0 0.1119
2013-10-1-5-10 0.1068
2013-10-1-5-20 0.1011
2013-10-1-5-30 0.0950
2013-10-1-5-40 0.0885
2013-10-1-5-50 0.0815
2013-10-1-6-0 0.0742
2013-10-1-6-10 0.0667
2013-10-1-6-20 0.0588
2013-10-1-6-30 0.0509
2013-10-1-6-40 0.0427
2013-10-1-6-50 0.0346
2013-10-1-7-0 0.0264
2013-10-1-7-10 0.0183
2013-10-1-7-20 0.0103
2013-10-1-7-30 0.0025
2013-10-1-7-40 -0.0051
2013-10-1-7-50 -0.0123
2013-10-1-8-0 -0.0193
2013-10-1-8-10 -0.0258
2013-10-1-8-20 -0.0319
2013-10-1-8-30 -0.0375
2013-10-1-8-40 -0.0425
2013-10-1-8-50 -0.0470
2013-10-1-9-0 -0.0508
2013-10-1-9-10 -0.0541
2013-10-1-9-20 -0.0566
2013-10-1-9-30 -0.0585
2013-10-1-9-40 -0.0597
2013-10-1-9-50 -0.0602
2013-10-1-10-0 -0.0599
2013-10-1-10-10 -0.0590
2013-10-1-10-20 -0.0573
2013-10-1-10-30 -0.0549
2013-10-1-10-40 -0.0519
2013-10-1-10-50 -0.0482
2013-10-1-11-0 -0.0439
2013-10-1-11-10 -0.0389
2013-10-1-11-20 -0.0334
2013-10-1-11-30 -0.0274
2013-10-1-11-40 -0.0209
2013-10-1-11-50 -0.0139
2013-10-1-12-0 -0.0066
2013-10-1-12-10 0.0011
2013-10-1-12-20 0.0091
2013-10-1-12-30 0.0173
2013-10-1-12-40 0.0256
2013-10-1-12-50 0.0341
2013-10-1-13-0 0.0426
2013-10-1-13-10 0.0510
2013-10-1-13-20 0.0594
2013-10-1-13-30 0.0677
2013-10-1-13-40 0.0757
2013-10-1-13-50 0.0835
2013-10-1-14-0 0.0910
2013-10-1-14-10 0.0981
2013-10-1-14-20 0.1048
2013-10-1-14-30 0.1110
2013-10-1-14-40 0.1167
2013-10-1-14-50 0.1218
2013-10-1-15-0 0.1263
2013-10-1-15-10 0.1302
2013-10-1-15-20 0.1334
2013-10-1-15-30 0.1360
2013-10-1-15-40 0.1378
2013-10-1-15-50 0.1390
2013-10-1-16-0 0.1394
2013-10-1-16-10 0.1390
2013-10-1-16-20 0.1380
2013-10-1-16-30 0.1362
2013-10-1-16-40 0.1337
2013-10-1-16-50 0.1305
2013-10-1-17-0 0.1267
2013-10-1-17-10 0.1222
2013-10-1-17-20 0.1170
2013-10-1-17-30 0.1113
2013-10-1-17-40 0.1051
2013-10-1-17-50 0.0984
2013-10-1-18-0 0.0912
2013-10-1-18-10 0.0837
2013-10-1-18-20 0.0758
2013-10-1-18-30 0.0676
2013-10-1-18-40 0.0592
2013-10-1-18-50 0.0506
2013-10-1-19-0 0.0419
2013-10-1-19-10 0.0332
2013-10-1-19-20 0.0245
2013-10-1-19-30 0.0159
2013-10-1-19-40 0.0075
2013-10-1-19-50 -0.0008
2013-10-1-20-0 -0.0087
2013-10-1-20-10 -0.0163
2013-10-1-20-20 -0.0236
2013-10-1-20-30 -0.0304
2013-10-1-20-40 -0.0367
2013-10-1-20-50 -0.0424
2013-10-1-21-0 -0.0476
2013-10-1-21-10 -0.0522
2013-10-1-21-20 -0.0561
2013-10-1-21-30 -0.0593
2013-10-1-21-40 -0.0618
2013-10-1-21-50 -0.0635
2013-10-1-22-0 -0.0645
2013-10-1-22-10 -0.0648
2013-10-1-22-20 -0.0643
2013-10-1-22-30 -0.0630
2013-10-1-22-40 -0.0609
2013-10-1-22-50 -0.0582
2013-10-1-23-0 -0.0547
2013-10-1-23-10 -0.0505
2013-10-1-23-20 -0.0456
2013-10-1-23-30 -0.0401
2013-10-1-23-40 -0.0340
2013-10-1-23-50 -0.0273
2013-10-2-0-0 -0.0201
2013-10-2-0-10 -0.0125
2013-10-2-0-20 -0.0045
2013-10-2-0-30 0.0039
2013-10-2-0-40 0.0125
2013-10-2-0-50 0.0214
2013-10-2-1-0 0.0304
2013-10-2-1-10 0.0396
2013-10-2-1-20 0.0487
2013-10-2-1-30 0.0578
2013-10-2-1-40 0.0668
2013-10-2-1-50 0.0756
2013-10-2-2-0 0.0842
2013-10-2-2-10 0.0924
2013-10-2-2-20 0.1003
2013-10-2-2-30 0.1078
2013-10-2-2-40 0.1148
2013-10-2-2-50 0.1212
2013-10-2-3-0 0.1271
2013-10-2-3-10 0.1323
2013-10-2-3-20 0.1369
2013-10-2-3-30 0.1408
2013-10-2-3-40 0.1440
2013-10-2-3-50 0.1464
2013-10-2-4-0 0.1480
2013-10-2-4-10 0.1489
2013-10-2-4-20 0.1489
2013-10-2-4-30 0.1482
2013-10-2-4-40 0.1467
2013-10-2-4-50 0.1443
2013-10-2-5-0 0.1413
2013-10-2-5-10 0.1375
2013-10-2-5-20 0.1329
2013-10-2-5-30 0.1277
2013-10-2-5-40 0.1219
2013-10-2-5-50 0.1154
2013-10-2-6-0 0.1083
2013-10-2-6-10 0.1008
2013-10-2-6-20 0.0928
2013-10-2-6-30 0.0844
2013-10-2-6-40 0.0757
2013-10-2-6-50 0.0667
2013-10-2-7-0 0.0574
2013-10-2-7-10 0.0481
2013-10-2-7-20 0.0386
2013-10-2-7-30 0.0291
2013-10-2-7-40 0.0197
2013-10-2-7-50 0.0105
2013-10-2-8-0 0.0014
2013-10-2-8-10 -0.0074
2013-10-2-8-20 -0.0159
2013-10-2-8-30 -0.0240
2013-10-2-8-40 -0.0317
2013-10-2-8-50 -0.0388
2013-10-2-9-0 -0.0455
2013-10-2-9-10 -0.0515
2013-10-2-9-20 -0.0568
2013-10-2-9-30 -0.0615
2013-10-2-9-40 -0.0654
2013-10-2-9-50 -0.0686
2013-10-2-10-0 -0.0710
2013-10-2-10-10 -0.0726
2013-10-2-10-20 -0.0734
2013-10-2-10-30 -0.0734
2013-10-2-10-40 -0.0725
2013-10-2-10-50 -0.0709
2013-10-2-11-0 -0.0684
2013-10-2-11-10 -0.0651
2013-10-2-11-20 -0.0611
2013-10-2-11-30 -0.0563
2013-10-2-11-40 -0.0509
2013-10-2-11-50 -0.0447
2013-10-2-12-0 -0.0379
2013-10-2-12-10 -0.0306
2013-10-2-12-20 -0.0227
2013-10-2-12-30 -0.0144
2013-10-2-12-40 -0.0056
2013-10-2-12-50 0.0035
2013-10-2-13-0 0.0129
2013-10-2-13-10 0.0225
2013-10-2-13-20 0.0323
2013-10-2-13-30 0.0421
2013-10-2-13-40 0.0520
2013-10-2-13-50 0.0618
2013-10-2-14-0 0.0714
2013-10-2-14-10 0.0808
2013-10-2-14-20 0.0900
2013-10-2-14-30 0.0988
2013-10-2-14-40 0.1072
2013-10-2-14-50 0.1152
2013-10-2-15-0 0.1226
2013-10-2-15-10 0.1294
2013-10-2-15-20 0.1356
2013-10-2-15-30 0.1411
2013-10-2-15-40 0.1459
2013-10-2-15-50 0.1499
2013-10-2-16-0 0.1532
2013-10-2-16-10 0.1556
2013-10-2-16-20 0.1572
2013-10-2-16-30 0.1579
2013-10-2-16-40 0.1578
2013-10-2-16-50 0.1568
2013-10-2-17-0 0.1550
2013-10-2-17-10 0.1523
2013-10-2-17-20 0.1488
2013-10-2-17-30 0.1445
2013-10-2-17-40 0.1395
2013-10-2-17-50 0.1337
2013-10-2-18-0 0.1272
2013-10-2-18-10 0.1201
2013-10-2-18-20 0.1124
2013-10-2-18-30 0.1042
2013-10-2-18-40 0.0954
2013-10-2-18-50 0.0863
2013-10-2-19-0 0.0768
2013-10-2-19-10 0.0671
2013-10-2-19-20 0.0571
2013-10-2-19-30 0.0470
2013-10-2-19-40 0.0369
2013-10-2-19-50 0.0267
2013-10-2-20-0 0.0167
2013-10-2-20-10 0.0068
2013-10-2-20-20 -0.0028
2013-10-2-20-30 -0.0121
2013-10-2-20-40 -0.0211
2013-10-2-20-50 -0.0296
2013-10-2-21-0 -0.0375
2013-10-2-21-10 -0.0449
2013-10-2-21-20 -0.0517
2013-10-2-21-30 -0.0578
2013-10-2-21-40 -0.0632
2013-10-2-21-50 -0.0678
2013-10-2-22-0 -0.0715
2013-10-2-22-10 -0.0745
2013-10-2-22-20 -0.0766
2013-10-2-22-30 -0.0778
2013-10-2-22-40 -0.0782
2013-10-2-22-50 -0.0777
2013-10-2-23-0 -0.0762
2013-10-2-23-10 -0.0740
2013-10-2-23-20 -0.0708
2013-10-2-23-30 -0.0669
2013-10-2-23-40 -0.0621
2013-10-2-23-50 -0.0565
2013-10-3-0-0 -0.0503
2013-10-3-0-10 -0.0433
2013-10-3-0-20 -0.0357
2013-10-3-0-30 -0.0276
2013-10-3-0-40 -0.0189
2013-10-3-0-50 -0.0098
2013-10-3-1-0 -0.0003
2013-10-3-1-10 0.0096
2013-10-3-1-20 0.0196
2013-10-3-1-30 0.0299
2013-10-3-1-40 0.0402
2013-10-3-1-50 0.0505
2013-10-3-2-0 0.0608
2013-10-3-2-10 0.0710
2013-10-3-2-20 0.0809
2013-10-3-2-30 0.0906
2013-10-3-2-40 0.0999
2013-10-3-2-50 0.1088
2013-10-3-3-0 0.1172
2013-10-3-3-10 0.1250
2013-10-3-3-20 0.1323
2013-10-3-3-30 0.1389
2013-10-3-3-40 0.1448
2013-10-3-3-50 0.1499
2013-10-3-4-0 0.1543
2013-10-3-4-10 0.1579
2013-10-3-4-20 0.1606
2013-10-3-4-30 0.1625
2013-10-3-4-40 0.1634
2013-10-3-4-50 0.1635
2013-10-3-5-0 0.1628
2013-10-3-5-10 0.1611
2013-10-3-5-20 0.1586
2013-10-3-5-30 0.1553
2013-10-3-5-40 0.1511
2013-10-3-5-50 0.1461
2013-10-3-6-0 0.1404
2013-10-3-6-10 0.1339
2013-10-3-6-20 0.1268
2013-10-3-6-30 0.1191
2013-10-3-6-40 0.1108
2013-10-3-6-50 0.1019
2013-10-3-7-0 0.0927
2013-10-3-7-10 0.0830
2013-10-3-7-20 0.0731
2013-10-3-7-30 0.0629
2013-10-3-7-40 0.0525
2013-10-3-7-50 0.0421
2013-10-3-8-0 0.0316
2013-10-3-8-10 0.0212
2013-10-3-8-20 0.0109
2013-10-3-8-30 0.0008
2013-10-3-8-40 -0.0090
2013-10-3-8-50 -0.0185
2013-10-3-9-0 -0.0275
2013-10-3-9-10 -0.0361
2013-10-3-9-20 -0.0442
2013-10-3-9-30 -0.0516
2013-10-3-9-40 -0.0584
2013-10-3-9-50 -0.0645
2013-10-3-10-0 -0.0698
2013-10-3-10-10 -0.0744
2013-10-3-10-20 -0.0781
2013-10-3-10-30 -0.0810
2013-10-3-10-40 -0.0830
2013-10-3-10-50 -0.0841
2013-10-3-11-0 -0.0843
2013-10-3-11-10 -0.0836
2013-10-3-11-20 -0.0820
2013-10-3-11-30 -0.0796
2013-10-3-11-40 -0.0762
2013-10-3-11-50 -0.0720
2013-10-3-12-0 -0.0669
2013-10-3-12-10 -0.0611
2013-10-3-12-20 -0.0545
2013-10-3-12-30 -0.0472
2013-10-3-12-40 -0.0392
2013-10-3-12-50 -0.0307
2013-10-3-13-0 -0.0215
2013-10-3-13-10 -0.0120
2013-10-3-13-20 -0.0020
2013-10-3-13-30 0.0084
2013-10-3-13-40 0.0190
2013-10-3-13-50 0.0298
2013-10-3-14-0 0.0407
2013-10-3-14-10 0.0516
2013-10-3-14-20 0.0625
2013-10-3-14-30 0.0733
2013-10-3-14-40 0.0838
2013-10-3-14-50 0.0941
2013-10-3-15-0 0.1040
2013-10-3-15-10 0.1135
2013-10-3-15-20 0.1225
2013-10-3-15-30 0.1309
2013-10-3-15-40 0.1387
2013-10-3-15-50 0.1458
2013-10-3-16-0 0.1521
2013-10-3-16-10 0.1576
2013-10-3-16-20 0.1623
2013-10-3-16-30 0.1662
2013-10-3-16-40 0.1691
2013-10-3-16-50 0.1711
2013-10-3-17-0 0.1721
2013-10-3-17-10 0.1722
2013-10-3-17-20 0.1714
2013-10-3-17-30 0.1695
2013-10-3-17-40 0.1668
2013-10-3-17-50 0.1631
2013-10-3-18-0 0.1585
2013-10-3-18-10 0.1531
2013-10-3-18-20 0.1468
2013-10-3-18-30 0.1397
2013-10-3-18-40 0.1319
2013-10-3-18-50 0.1235
2013-10-3-19-0 0.1144
2013-10-3-19-10 0.1048
2013-10-3-19-20 0.0947
2013-10-3-19-30 0.0842
2013-10-3-19-40 0.0734
2013-10-3-19-50 0.0624
2013-10-3-20-0 0.0512
2013-10-3-20-10 0.0400
2013-10-3-20-20 0.0287
2013-10-3-20-30 0.0175
2013-10-3-20-40 0.0066
2013-10-3-20-50 -0.0041
2013-10-3-21-0 -0.0145
2013-10-3-21-10 -0.0244
2013-10-3-21-20 -0.0339
2013-10-3-21-30 -0.0428
2013-10-3-21-40 -0.0510
2013-10-3-21-50 -0.0586
2013-10-3-22-0 -0.0654
2013-10-3-22-10 -0.0713
2013-10-3-22-20 -0.0765
2013-10-3-22-30 -0.0807
2013-10-3-22-40 -0.0841
2013-10-3-22-50 -0.0865
2013-10-3-23-0 -0.0879
2013-10-3-23-10 -0.0884
2013-10-3-23-20 -0.0879
2013-10-3-23-30 -0.0864
2013-10-3-23-40 -0.0839
2013-10-3-23-50 -0.0806
2013-10-4-0-0 -0.0763
2013-10-4-0-10 -0.0711
2013-10-4-0-20 -0.0651
2013-10-4-0-30 -0.0584
2013-10-4-0-40 -0.0508
2013-10-4-0-50 -0.0426
2013-10-4-1-0 -0.0338
2013-10-4-1-10 -0.0244
2013-10-4-1-20 -0.0145
2013-10-4-1-30 -0.0043
2013-10-4-1-40 0.0064
2013-10-4-1-50 0.0172
2013-10-4-2-0 0.0283
2013-10-4-2-10 0.0394
2013-10-4-2-20 0.0506
2013-10-4-2-30 0.0617
2013-10-4-2-40 0.0726
2013-10-4-2-50 0.0833
2013-10-4-3-0 0.0938
2013-10-4-3-10 0.1038
2013-10-4-3-20 0.1134
2013-10-4-3-30 0.1224
2013-10-4-3-40 0.1309
2013-10-4-3-50 0.1387
2013-10-4-4-0 0.1459
2013-10-4-4-10 0.1523
2013-10-4-4-20 0.1579
2013-10-4-4-30 0.1626
2013-10-4-4-40 0.1665
2013-10-4-4-50 0.1695
2013-10-4-5-0 0.1716
2013-10-4-5-10 0.1727
2013-10-4-5-20 0.1730
2013-10-4-5-30 0.1723
2013-10-4-5-40 0.1706
2013-10-4-5-50 0.1681
2013-10-4-6-0 0.1646
2013-10-4-6-10 0.1603
2013-10-4-6-20 0.1551
2013-10-4-6-30 0.1491
2013-10-4-6-40 0.1424
2013-10-4-6-50 0.1349
2013-10-4-7-0 0.1268
2013-10-4-7-10 0.1181
2013-10-4-7-20 0.1088
2013-10-4-7-30 0.0991
2013-10-4-7-40 0.0889
2013-10-4-7-50 0.0784
2013-10-4-8-0 0.0676
2013-10-4-8-10 0.0567
2013-10-4-8-20 0.0456
2013-10-4-8-30 0.0344
2013-10-4-8-40 0.0234
2013-10-4-8-50 0.0124
2013-10-4-9-0 0.0016
2013-10-4-9-10 -0.0089
2013-10-4-9-20 -0.0190
2013-10-4-9-30 -0.0288
2013-10-4-9-40 -0.0380
2013-10-4-9-50 -0.0467
2013-10-4-10-0 -0.0548
2013-10-4-10-10 -0.0622
2013-10-4-10-20 -0.0689
2013-10-4-10-30 -0.0748
2013-10-4-10-40 -0.0799
2013-10-4-10-50 -0.0842
2013-10-4-11-0 -0.0875
2013-10-4-11-10 -0.0899
2013-10-4-11-20 -0.0914
2013-10-4-11-30 -0.0919
2013-10-4-11-40 -0.0915
2013-10-4-11-50 -0.0901
2013-10-4-12-0 -0.0878
2013-10-4-12-10 -0.0845
2013-10-4-12-20 -0.0803
2013-10-4-12-30 -0.0753
2013-10-4-12-40 -0.0693
2013-10-4-12-50 -0.0626
2013-10-4-13-0 -0.0551
2013-10-4-13-10 -0.0468
2013-10-4-13-20 -0.0379
2013-10-4-13-30 -0.0284
2013-10-4-13-40 -0.0184
2013-10-4-13-50 -0.0079
2013-10-4-14-0 0.0030
2013-10-4-14-10 0.0142
2013-10-4-14-20 0.0256
2013-10-4-14-30 0.0372
2013-10-4-14-40 0.0488
2013-10-4-14-50 0.0604
2013-10-4-15-0 0.0719
2013-10-4-15-10 0.0833
2013-10-4-15-20 0.0943
2013-10-4-15-30 0.1050
2013-10-4-15-40 0.1152
2013-10-4-15-50 0.1250
2013-10-4-16-0 0.1341
2013-10-4-16-10 0.1426
2013-10-4-16-20 0.1504
2013-10-4-16-30 0.1574
2013-10-4-16-40 0.1635
2013-10-4-16-50 0.1688
2013-10-4-17-0 0.1731
2013-10-4-17-10 0.1765
2013-10-4-17-20 0.1789
2013-10-4-17-30 0.1803
2013-10-4-17-40 0.1807
2013-10-4-17-50 0.1800
2013-10-4-18-0 0.1784
2013-10-4-18-10 0.1757
2013-10-4-18-20 0.1720
2013-10-4-18-30 0.1674
2013-10-4-18-40 0.1618
2013-10-4-18-50 0.1553
2013-10-4-19-0 0.1480
2013-10-4-19-10 0.1400
2013-10-4-19-20 0.1311
2013-10-4-19-30 0.1216
2013-10-4-19-40 0.1116
2013-10-4-19-50 0.1010
2013-10-4-20-0 0.0899
2013-10-4-20-10 0.0786
2013-10-4-20-20 0.0669
2013-10-4-20-30 0.0551
2013-10-4-20-40 0.0432
2013-10-4-20-50 0.0312
2013-10-4-21-0 0.0194
2013-10-4-21-10 0.0078
2013-10-4-21-20 -0.0036
2013-10-4-21-30 -0.0146
2013-10-4-21-40 -0.0252
2013-10-4-21-50 -0.0353
2013-10-4-22-0 -0.0447
2013-10-4-22-10 -0.0535
2013-10-4-22-20 -0.0616
2013-10-4-22-30 -0.0689
2013-10-4-22-40 -0.0754
2013-10-4-22-50 -0.0809
2013-10-4-23-0 -0.0855
2013-10-4-23-10 -0.0892
2013-10-4-23-20 -0.0919
2013-10-4-23-30 -0.0936
2013-10-4-23-40 -0.0942
2013-10-4-23-50 -0.0939
2013-10-5-0-0 -0.0925
2013-10-5-0-10 -0.0901
2013-10-5-0-20 -0.0868
2013-10-5-0-30 -0.0825
2013-10-5-0-40 -0.0773
2013-10-5-0-50 -0.0712
2013-10-5-1-0 -0.0643
2013-10-5-1-10 -0.0566
2013-10-5-1-20 -0.0482
2013-10-5-1-30 -0.0392
2013-10-5-1-40 -0.0295
2013-10-5-1-50 -0.0194
2013-10-5-2-0 -0.0088
2013-10-5-2-10 0.0021
2013-10-5-2-20 0.0133
2013-10-5-2-30 0.0247
2013-10-5-2-40 0.0361
2013-10-5-2-50 0.0477
2013-10-5-3-0 0.0591
2013-10-5-3-10 0.0704
2013-10-5-3-20 0.0815
2013-10-5-3-30 0.0923
2013-10-5-3-40 0.1027
2013-10-5-3-50 0.1126
2013-10-5-4-0 0.1220
2013-10-5-4-10 0.1309
2013-10-5-4-20 0.1390
2013-10-5-4-30 0.1465
2013-10-5-4-40 0.1532
2013-10-5-4-50 0.1591
2013-10-5-5-0 0.1642
2013-10-5-5-10 0.1684
2013-10-5-5-20 0.1717
2013-10-5-5-30 0.1741
2013-10-5-5-40 0.1755
2013-10-5-5-50 0.1760
2013-10-5-6-0 0.1755
2013-10-5-6-10 0.1741
2013-10-5-6-20 0.1717
2013-10-5-6-30 0.1685
2013-10-5-6-40 0.1643
2013-10-5-6-50 0.1593
2013-10-5-7-0 0.1534
2013-10-5-7-10 0.1468
2013-10-5-7-20 0.1394
2013-10-5-7-30 0.1314
2013-10-5-7-40 0.1226
2013-10-5-7-50 0.1134
2013-10-5-8-0 0.1036
2013-10-5-8-10 0.0934
2013-10-5-8-20 0.0828
2013-10-5-8-30 0.0719
2013-10-5-8-40 0.0608
2013-10-5-8-50 0.0495
2013-10-5-9-0 0.0382
2013-10-5-9-10 0.0269
2013-10-5-9-20 0.0156
2013-10-5-9-30 0.0046
2013-10-5-9-40 -0.0062
2013-10-5-9-50 -0.0167
2013-10-5-10-0 -0.0268
2013-10-5-10-10 -0.0365
2013-10-5-10-20 -0.0456
2013-10-5-10-30 -0.0541
2013-10-5-10-40 -0.0619
2013-10-5-10-50 -0.0690
2013-10-5-11-0 -0.0754
2013-10-5-11-10 -0.0809
2013-10-5-11-20 -0.0856
2013-10-5-11-30 -0.0894
2013-10-5-11-40 -0.0923
2013-10-5-11-50 -0.0942
2013-10-5-12-0 -0.0952
2013-10-5-12-10 -0.0952
2013-10-5-12-20 -0.0942
2013-10-5-12-30 -0.0923
2013-10-5-12-40 -0.0894
2013-10-5-12-50 -0.0855
2013-10-5-13-0 -0.0808
2013-10-5-13-10 -0.0751
2013-10-5-13-20 -0.0686
2013-10-5-13-30 -0.0613
2013-10-5-13-40 -0.0532
2013-10-5-13-50 -0.0444
2013-10-5-14-0 -0.0350
2013-10-5-14-10 -0.0250
2013-10-5-14-20 -0.0145
2013-10-5-14-30 -0.0036
2013-10-5-14-40 0.0077
2013-10-5-14-50 0.0192
2013-10-5-15-0 0.0310
2013-10-5-15-10 0.0428
2013-10-5-15-20 0.0547
2013-10-5-15-30 0.0664
2013-10-5-15-40 0.0781
2013-10-5-15-50 0.0894
2013-10-5-16-0 0.1005
2013-10-5-16-10 0.1111
2013-10-5-16-20 0.1213
2013-10-5-16-30 0.1308
2013-10-5-16-40 0.1398
2013-10-5-16-50 0.1480
2013-10-5-17-0 0.1554
2013-10-5-17-10 0.1620
2013-10-5-17-20 0.1678
2013-10-5-17-30 0.1725
2013-10-5-17-40 0.1764
2013-10-5-17-50 0.1792
2013-10-5-18-0 0.1810
2013-10-5-18-10 0.1818
2013-10-5-18-20 0.1816
2013-10-5-18-30 0.1802
2013-10-5-18-40 0.1779
2013-10-5-18-50 0.1746
2013-10-5-19-0 0.1702
2013-10-5-19-10 0.1649
2013-10-5-19-20 0.1587
2013-10-5-19-30 0.1516
2013-10-5-19-40 0.1437
2013-10-5-19-50 0.1350
2013-10-5-20-0 0.1256
2013-10-5-20-10 0.1156
2013-10-5-20-20 0.1051
2013-10-5-20-30 0.0941
2013-10-5-20-40 0.0827
2013-10-5-20-50 0.0710
2013-10-5-21-0 0.0591
2013-10-5-21-10 0.0472
2013-10-5-21-20 0.0351
2013-10-5-21-30 0.0232
2013-10-5-21-40 0.0114
2013-10-5-21-50 -0.0001
2013-10-5-22-0 -0.0114
2013-10-5-22-10 -0.0221
2013-10-5-22-20 -0.0324
2013-10-5-22-30 -0.0421
2013-10-5-22-40 -0.0512
2013-10-5-22-50 -0.0595
2013-10-5-23-0 -0.0671
2013-10-5-23-10 -0.0739
2013-10-5-23-20 -0.0797
2013-10-5-23-30 -0.0847
2013-10-5-23-40 -0.0887
2013-10-5-23-50 -0.0917
2013-10-6-0-0 -0.0937
2013-10-6-0-10 -0.0947
2013-10-6-0-20 -0.0947
2013-10-6-0-30 -0.0937
2013-10-6-0-40 -0.0917
2013-10-6-0-50 -0.0887
2013-10-6-1-0 -0.0848
2013-10-6-1-10 -0.0799
2013-10-6-1-20 -0.0742
2013-10-6-1-30 -0.0676
2013-10-6-1-40 -0.0603
2013-10-6-1-50 -0.0522
2013-10-6-2-0 -0.0435
2013-10-6-2-10 -0.0342
2013-10-6-2-20 -0.0244
2013-10-6-2-30 -0.0141
2013-10-6-2-40 -0.0035
2013-10-6-2-50 0.0074
2013-10-6-3-0 0.0186
2013-10-6-3-10 0.0298
2013-10-6-3-20 0.0411
2013-10-6-3-30 0.0524
2013-10-6-3-40 0.0636
2013-10-6-3-50 0.0746
2013-10-6-4-0 0.0853
2013-10-6-4-10 0.0956
2013-10-6-4-20 0.1056
2013-10-6-4-30 0.1150
2013-10-6-4-40 0.1239
2013-10-6-4-50 0.1322
2013-10-6-5-0 0.1398
2013-10-6-5-10 0.1467
2013-10-6-5-20 0.1529
2013-10-6-5-30 0.1582
2013-10-6-5-40 0.1627
2013-10-6-5-50 0.1663
2013-10-6-6-0 0.1691
2013-10-6-6-10 0.1709
2013-10-6-6-20 0.1718
2013-10-6-6-30 0.1718
2013-10-6-6-40 0.1709
2013-10-6-6-50 0.1690
2013-10-6-7-0 0.1663
2013-10-6-7-10 0.1626
2013-10-6-7-20 0.1582
2013-10-6-7-30 0.1529
2013-10-6-7-40 0.1468
2013-10-6-7-50 0.1400
2013-10-6-8-0 0.1324
2013-10-6-8-10 0.1243
2013-10-6-8-20 0.1155
2013-10-6-8-30 0.1062
2013-10-6-8-40 0.0965
2013-10-6-8-50 0.0864
2013-10-6-9-0 0.0759
2013-10-6-9-10 0.0652
2013-10-6-9-20 0.0543
2013-10-6-9-30 0.0433
2013-10-6-9-40 0.0322
2013-10-6-9-50 0.0212
2013-10-6-10-0 0.0103
2013-10-6-10-10 -0.0003
2013-10-6-10-20 -0.0108
2013-10-6-10-30 -0.0208
2013-10-6-10-40 -0.0305
2013-10-6-10-50 -0.0397
2013-10-6-11-0 -0.0484
2013-10-6-11-10 -0.0564
2013-10-6-11-20 -0.0638
2013-10-6-11-30 -0.0704
2013-10-6-11-40 -0.0763
2013-10-6-11-50 -0.0814
2013-10-6-12-0 -0.0857
2013-10-6-12-10 -0.0890
2013-10-6-12-20 -0.0915
2013-10-6-12-30 -0.0930
2013-10-6-12-40 -0.0936
2013-10-6-12-50 -0.0932
2013-10-6-13-0 -0.0919
2013-10-6-13-10 -0.0897
2013-10-6-13-20 -0.0865
2013-10-6-13-30 -0.0824
2013-10-6-13-40 -0.0774
2013-10-6-13-50 -0.0716
2013-10-6-14-0 -0.0650
2013-10-6-14-10 -0.0576
2013-10-6-14-20 -0.0494
2013-10-6-14-30 -0.0407
2013-10-6-14-40 -0.0313
2013-10-6-14-50 -0.0214
2013-10-6-15-0 -0.0110
2013-10-6-15-10 -0.0002
2013-10-6-15-20 0.0109
2013-10-6-15-30 0.0222
2013-10-6-15-40 0.0336
2013-10-6-15-50 0.0451
2013-10-6-16-0 0.0566
2013-10-6-16-10 0.0680
2013-10-6-16-20 0.0792
2013-10-6-16-30 0.0902
2013-10-6-16-40 0.1007
2013-10-6-16-50 0.1109
2013-10-6-17-0 0.1205
2013-10-6-17-10 0.1295
2013-10-6-17-20 0.1379
2013-10-6-17-30 0.1456
2013-10-6-17-40 0.1524
2013-10-6-17-50 0.1585
2013-10-6-18-0 0.1637
2013-10-6-18-10 0.1679
2013-10-6-18-20 0.1712
2013-10-6-18-30 0.1735
2013-10-6-18-40 0.1749
2013-10-6-18-50 0.1752
2013-10-6-19-0 0.1745
2013-10-6-19-10 0.1728
2013-10-6-19-20 0.1702
2013-10-6-19-30 0.1665
2013-10-6-19-40 0.1619
2013-10-6-19-50 0.1564
2013-10-6-20-0 0.1501
2013-10-6-20-10 0.1429
2013-10-6-20-20 0.1350
2013-10-6-20-30 0.1263
2013-10-6-20-40 0.1171
2013-10-6-20-50 0.1072
2013-10-6-21-0 0.0969
2013-10-6-21-10 0.0862
2013-10-6-21-20 0.0752
2013-10-6-21-30 0.0639
2013-10-6-21-40 0.0525
2013-10-6-21-50 0.0410
2013-10-6-22-0 0.0296
2013-10-6-22-10 0.0182
2013-10-6-22-20 0.0071
2013-10-6-22-30 -0.0038
2013-10-6-22-40 -0.0143
2013-10-6-22-50 -0.0244
2013-10-6-23-0 -0.0339
2013-10-6-23-10 -0.0429
2013-10-6-23-20 -0.0512
2013-10-6-23-30 -0.0589
2013-10-6-23-40 -0.0657
2013-10-6-23-50 -0.0718
2013-10-7-0-0 -0.0770
2013-10-7-0-10 -0.0813
2013-10-7-0-20 -0.0847
2013-10-7-0-30 -0.0872
2013-10-7-0-40 -0.0887
2013-10-7-0-50 -0.0893
2013-10-7-1-0 -0.0889
2013-10-7-1-10 -0.0876
2013-10-7-1-20 -0.0854
2013-10-7-1-30 -0.0822
2013-10-7-1-40 -0.0782
2013-10-7-1-50 -0.0733
2013-10-7-2-0 -0.0677
2013-10-7-2-10 -0.0613
2013-10-7-2-20 -0.0541
2013-10-7-2-30 -0.0464
2013-10-7-2-40 -0.0380
2013-10-7-2-50 -0.0291
2013-10-7-3-0 -0.0198
2013-10-7-3-10 -0.0101
2013-10-7-3-20 -0.0000
2013-10-7-3-30 0.0102
2013-10-7-3-40 0.0207
2013-10-7-3-50 0.0312
2013-10-7-4-0 0.0418
2013-10-7-4-10 0.0523
2013-10-7-4-20 0.0626
2013-10-7-4-30 0.0728
2013-10-7-4-40 0.0827
2013-10-7-4-50 0.0922
2013-10-7-5-0 0.1014
2013-10-7-5-10 0.1101
2013-10-7-5-20 0.1182
2013-10-7-5-30 0.1258
2013-10-7-5-40 0.1327
2013-10-7-5-50 0.1389
2013-10-7-6-0 0.1445
2013-10-7-6-10 0.1492
2013-10-7-6-20 0.1532
2013-10-7-6-30 0.1564
2013-10-7-6-40 0.1588
2013-10-7-6-50 0.1603
2013-10-7-7-0 0.1610
2013-10-7-7-10 0.1608
2013-10-7-7-20 0.1597
2013-10-7-7-30 0.1578
2013-10-7-7-40 0.1551
2013-10-7-7-50 0.1516
2013-10-7-8-0 0.1473
2013-10-7-8-10 0.1423
2013-10-7-8-20 0.1365
2013-10-7-8-30 0.1300
2013-10-7-8-40 0.1230
2013-10-7-8-50 0.1153
2013-10-7-9-0 0.1071
2013-10-7-9-10 0.0984
2013-10-7-9-20 0.0893
2013-10-7-9-30 0.0799
2013-10-7-9-40 0.0701
2013-10-7-9-50 0.0601
2013-10-7-10-0 0.0500
2013-10-7-10-10 0.0398
2013-10-7-10-20 0.0295
2013-10-7-10-30 0.0193
2013-10-7-10-40 0.0092
2013-10-7-10-50 -0.0007
2013-10-7-11-0 -0.0103
2013-10-7-11-10 -0.0196
2013-10-7-11-20 -0.0285
2013-10-7-11-30 -0.0370
2013-10-7-11-40 -0.0450
2013-10-7-11-50 -0.0523
2013-10-7-12-0 -0.0591
2013-10-7-12-10 -0.0652
2013-10-7-12-20 -0.0706
2013-10-7-12-30 -0.0752
2013-10-7-12-40 -0.0791
2013-10-7-12-50 -0.0821
2013-10-7-13-0 -0.0843
2013-10-7-13-10 -0.0856
2013-10-7-13-20 -0.0861
2013-10-7-13-30 -0.0856
2013-10-7-13-40 -0.0843
2013-10-7-13-50 -0.0821
2013-10-7-14-0 -0.0791
2013-10-7-14-10 -0.0752
2013-10-7-14-20 -0.0705
2013-10-7-14-30 -0.0651
2013-10-7-14-40 -0.0589
2013-10-7-14-50 -0.0519
2013-10-7-15-0 -0.0444
2013-10-7-15-10 -0.0362
2013-10-7-15-20 -0.0274
2013-10-7-15-30 -0.0182
2013-10-7-15-40 -0.0086
2013-10-7-15-50 0.0013
2013-10-7-16-0 0.0116
2013-10-7-16-10 0.0220
2013-10-7-16-20 0.0326
2013-10-7-16-30 0.0432
2013-10-7-16-40 0.0538
2013-10-7-16-50 0.0642
2013-10-7-17-0 0.0745
2013-10-7-17-10 0.0845
2013-10-7-17-20 0.0942
2013-10-7-17-30 0.1034
2013-10-7-17-40 0.1122
2013-10-7-17-50 0.1204
2013-10-7-18-0 0.1280
2013-10-7-18-10 0.1349
2013-10-7-18-20 0.1412
2013-10-7-18-30 0.1466
2013-10-7-18-40 0.1512
2013-10-7-18-50 0.1550
2013-10-7-19-0 0.1579
2013-10-7-19-10 0.1599
2013-10-7-19-20 0.1610
2013-10-7-19-30 0.1612
2013-10-7-19-40 0.1605
2013-10-7-19-50 0.1588
2013-10-7-20-0 0.1563
2013-10-7-20-10 0.1529
2013-10-7-20-20 0.1486
2013-10-7-20-30 0.1436
2013-10-7-20-40 0.1377
2013-10-7-20-50 0.1311
2013-10-7-21-0 0.1239
2013-10-7-21-10 0.1160
2013-10-7-21-20 0.1076
2013-10-7-21-30 0.0987
2013-10-7-21-40 0.0894
2013-10-7-21-50 0.0797
2013-10-7-22-0 0.0697
2013-10-7-22-10 0.0596
2013-10-7-22-20 0.0493
2013-10-7-22-30 0.0390
2013-10-7-22-40 0.0287
2013-10-7-22-50 0.0185
2013-10-7-23-0 0.0085
2013-10-7-23-10 -0.0012
2013-10-7-23-20 -0.0106
2013-10-7-23-30 -0.0196
2013-10-7-23-40 -0.0281
2013-10-7-23-50 -0.0361
